TN:
SF:/workspace/cpp/include/givp/config.hpp
FN:49,68,_ZNK4givp10GivpConfig8validateEv
FNDA:210,_ZNK4givp10GivpConfig8validateEv
FNF:1
FNH:1
DA:49,210
DA:50,210
DA:51,15
DA:52,205
DA:53,15
DA:54,200
DA:55,15
DA:56,195
DA:57,15
DA:58,190
DA:59,15
DA:60,185
DA:61,30
DA:62,175
DA:63,30
DA:64,165
DA:65,30
DA:66,155
DA:67,15
DA:68,150
LF:20
LH:20
end_of_record
TN:
SF:/workspace/cpp/include/givp/detail/cache.hpp
FN:22,38,_ZN4givp6detail15EvaluationCache13hash_solutionERKSt6vectorIdSaIdEEm
FN:41,44,_ZN4givp6detail15EvaluationCacheC2Em
FN:46,56,_ZN4givp6detail15EvaluationCache3getERKSt6vectorIdSaIdEEm
FN:58,67,_ZN4givp6detail15EvaluationCache3putERKSt6vectorIdSaIdEEmd
FN:69,72,_ZN4givp6detail15EvaluationCache5clearEv
FN:80,84,_ZNK4givp6detail15EvaluationCache5statsEv
FNDA:643820799,_ZN4givp6detail15EvaluationCache13hash_solutionERKSt6vectorIdSaIdEEm
FNDA:150,_ZN4givp6detail15EvaluationCacheC2Em
FNDA:356207328,_ZN4givp6detail15EvaluationCache3getERKSt6vectorIdSaIdEEm
FNDA:287613471,_ZN4givp6detail15EvaluationCache3putERKSt6vectorIdSaIdEEmd
FNDA:5,_ZN4givp6detail15EvaluationCache5clearEv
FNDA:15,_ZNK4givp6detail15EvaluationCache5statsEv
FNF:6
FNH:6
DA:22,643820799
DA:25,643820799
DA:26,4835721538
DA:29,4191900739
DA:30,220595800
DA:31,4191900739
DA:32,37727106651
DA:33,33535205912
DA:34,33535205912
DA:37,643820799
DA:41,150
DA:42,150
DA:43,150
DA:44,150
DA:46,356207328
DA:48,356207328
DA:49,356207328
DA:50,356207328
DA:51,68593877
DA:52,68593877
DA:54,287613451
DA:55,287613451
DA:58,287613471
DA:59,287613471
DA:60,287613471
DA:61,287613466
DA:62,286716946
DA:63,286716946
DA:65,287613466
DA:66,287613466
DA:69,5
DA:70,5
DA:71,5
DA:72,5
DA:80,15
DA:81,15
DA:82,15
DA:83,15
LF:38
LH:38
end_of_record
TN:
SF:/workspace/cpp/include/givp/detail/convergence.hpp
FN:30,47,_ZN4givp6detail18ConvergenceMonitor17compute_diversityERKNS0_9ElitePoolE
FN:50,51,_ZN4givp6detail18ConvergenceMonitorC2Emm
FN:53,74,_ZN4givp6detail18ConvergenceMonitor6updateEdPKNS0_9ElitePoolE
FN:76,76,_ZN4givp6detail18ConvergenceMonitor16reset_no_improveEv
FNDA:2035,_ZN4givp6detail18ConvergenceMonitor17compute_diversityERKNS0_9ElitePoolE
FNDA:110,_ZN4givp6detail18ConvergenceMonitorC2Emm
FNDA:2085,_ZN4givp6detail18ConvergenceMonitor6updateEdPKNS0_9ElitePoolE
FNDA:5,_ZN4givp6detail18ConvergenceMonitor16reset_no_improveEv
FNF:4
FNH:4
DA:30,2035
DA:31,2035
DA:32,2035
DA:33,1725
DA:34,1725
DA:35,7625
DA:36,16010
DA:37,10110
DA:38,55755
DA:39,45645
DA:40,45645
DA:42,10110
DA:43,10110
DA:46,1725
DA:50,110
DA:51,110
DA:53,2085
DA:55,2085
DA:56,223
DA:57,223
DA:59,1862
DA:62,2085
DA:63,2085
DA:64,700
DA:66,2085
DA:67,2085
DA:69,2085
DA:70,2085
DA:71,2085
DA:73,2085
DA:76,5
LF:31
LH:31
end_of_record
TN:
SF:/workspace/cpp/include/givp/detail/elite.hpp
FN:21,28,_ZNK4givp6detail9ElitePool17relative_distanceERKSt6vectorIdSaIdEES6_
FN:31,39,_ZN4givp6detail9ElitePoolC2EmdRKSt6vectorIdSaIdEES6_
FN:41,67,_ZN4givp6detail9ElitePool3addESt6vectorIdSaIdEEd
FN:50,52,_ZZN4givp6detail9ElitePool3addESt6vectorIdSaIdEEdENKUlRKT_RKT0_E_clISt4pairIS4_dESE_EEDaS7_SA_
FN:61,63,_ZZN4givp6detail9ElitePool3addESt6vectorIdSaIdEEdENKUlRKT_RKT0_E0_clISt4pairIS4_dESE_EEDaS7_SA_
FN:69,72,_ZNK4givp6detail9ElitePool8get_bestEv
FN:74,76,_ZNK4givp6detail9ElitePool7get_allEv
FN:78,78,_ZNK4givp6detail9ElitePool3lenEv
FN:79,79,_ZNK4givp6detail9ElitePool5emptyEv
FN:80,80,_ZN4givp6detail9ElitePool5clearEv
FN:82,84,_ZN4givp6detail9ElitePool8keep_topEm
FNDA:4625,_ZNK4givp6detail9ElitePool17relative_distanceERKSt6vectorIdSaIdEES6_
FNDA:160,_ZN4givp6detail9ElitePoolC2EmdRKSt6vectorIdSaIdEES6_
FNDA:2695,_ZN4givp6detail9ElitePool3addESt6vectorIdSaIdEEd
FNDA:1119,_ZZN4givp6detail9ElitePool3addESt6vectorIdSaIdEEdENKUlRKT_RKT0_E_clISt4pairIS4_dESE_EEDaS7_SA_
FNDA:115,_ZZN4givp6detail9ElitePool3addESt6vectorIdSaIdEEdENKUlRKT_RKT0_E0_clISt4pairIS4_dESE_EEDaS7_SA_
FNDA:15,_ZNK4givp6detail9ElitePool8get_bestEv
FNDA:2465,_ZNK4givp6detail9ElitePool7get_allEv
FNDA:510,_ZNK4givp6detail9ElitePool3lenEv
FNDA:5,_ZNK4givp6detail9ElitePool5emptyEv
FNDA:5,_ZN4givp6detail9ElitePool5clearEv
FNDA:5,_ZN4givp6detail9ElitePool8keep_topEm
FNF:11
FNH:11
DA:21,4625
DA:23,4625
DA:24,4625
DA:25,26425
DA:26,21800
DA:27,4625
DA:31,160
DA:34,160
DA:35,160
DA:36,860
DA:37,700
DA:38,160
DA:39,160
DA:41,2695
DA:42,5304
DA:43,4625
DA:44,2016
DA:47,679
DA:48,414
DA:49,414
DA:50,1119
DA:51,1119
DA:53,414
DA:57,265
DA:58,15
DA:59,15
DA:60,15
DA:61,115
DA:62,115
DA:64,15
DA:66,250
DA:69,15
DA:70,25
DA:71,10
DA:74,2465
DA:75,2465
DA:78,510
DA:79,5
DA:80,5
DA:82,5
DA:83,5
DA:84,5
LF:42
LH:42
end_of_record
TN:
SF:/workspace/cpp/include/givp/detail/grasp.hpp
FN:107,153,_ZN4givp6detail15construct_graspIZNS0_3runIRFdRKSt6vectorIdSaIdEEEEENS_14OptimizeResultEOT_RKS3_ISt4pairIddESaISE_EENS_10GivpConfigEEUlS7_E_NS0_3RngEEESD_IS5_dEmS7_S7_RKSB_PS6_dmmRSt8optionalINS0_15EvaluationCacheEERT0_RKSQ_INSt6chrono10time_pointINSW_3_V212steady_clockENSW_8durationIlSt5ratioILl1ELl1000000000EEEEEEE
FN:107,153,_ZN4givp6detail15construct_graspIZNS0_3runIRZL22CATCH2_INTERNAL_TEST_6vEUlRKSt6vectorIdSaIdEEE_EENS_14OptimizeResultEOT_RKS3_ISt4pairIddESaISE_EENS_10GivpConfigEEUlS7_E_NS0_3RngEEESD_IS5_dEmS7_S7_RKSB_PS6_dmmRSt8optionalINS0_15EvaluationCacheEERT0_RKSQ_INSt6chrono10time_pointINSW_3_V212steady_clockENSW_8durationIlSt5ratioILl1ELl1000000000EEEEEEE
FN:107,153,_ZN4givp6detail15construct_graspIZNS0_3runIRZL22CATCH2_INTERNAL_TEST_8vEUlRKSt6vectorIdSaIdEEE_EENS_14OptimizeResultEOT_RKS3_ISt4pairIddESaISE_EENS_10GivpConfigEEUlS7_E_NS0_3RngEEESD_IS5_dEmS7_S7_RKSB_PS6_dmmRSt8optionalINS0_15EvaluationCacheEERT0_RKSQ_INSt6chrono10time_pointINSW_3_V212steady_clockENSW_8durationIlSt5ratioILl1ELl1000000000EEEEEEE
FN:107,153,_ZN4givp6detail15construct_graspIZNS0_3runIRZL23CATCH2_INTERNAL_TEST_12vEUlRKSt6vectorIdSaIdEEE_EENS_14OptimizeResultEOT_RKS3_ISt4pairIddESaISE_EENS_10GivpConfigEEUlS7_E_NS0_3RngEEESD_IS5_dEmS7_S7_RKSB_PS6_dmmRSt8optionalINS0_15EvaluationCacheEERT0_RKSQ_INSt6chrono10time_pointINSW_3_V212steady_clockENSW_8durationIlSt5ratioILl1ELl1000000000EEEEEEE
FN:107,153,_ZN4givp6detail15construct_graspIZNS0_3runIRZL23CATCH2_INTERNAL_TEST_14vEUlRKSt6vectorIdSaIdEEE_EENS_14OptimizeResultEOT_RKS3_ISt4pairIddESaISE_EENS_10GivpConfigEEUlS7_E_NS0_3RngEEESD_IS5_dEmS7_S7_RKSB_PS6_dmmRSt8optionalINS0_15EvaluationCacheEERT0_RKSQ_INSt6chrono10time_pointINSW_3_V212steady_clockENSW_8durationIlSt5ratioILl1ELl1000000000EEEEEEE
FN:107,153,_ZN4givp6detail15construct_graspIZNS0_3runIRZL23CATCH2_INTERNAL_TEST_16vEUlRKSt6vectorIdSaIdEEE_EENS_14OptimizeResultEOT_RKS3_ISt4pairIddESaISE_EENS_10GivpConfigEEUlS7_E_NS0_3RngEEESD_IS5_dEmS7_S7_RKSB_PS6_dmmRSt8optionalINS0_15EvaluationCacheEERT0_RKSQ_INSt6chrono10time_pointINSW_3_V212steady_clockENSW_8durationIlSt5ratioILl1ELl1000000000EEEEEEE
FN:107,153,_ZN4givp6detail15construct_graspIZNS0_3runIRZL23CATCH2_INTERNAL_TEST_28vEUlRKSt6vectorIdSaIdEEE_EENS_14OptimizeResultEOT_RKS3_ISt4pairIddESaISE_EENS_10GivpConfigEEUlS7_E_NS0_3RngEEESD_IS5_dEmS7_S7_RKSB_PS6_dmmRSt8optionalINS0_15EvaluationCacheEERT0_RKSQ_INSt6chrono10time_pointINSW_3_V212steady_clockENSW_8durationIlSt5ratioILl1ELl1000000000EEEEEEE
FN:107,153,_ZN4givp6detail15construct_graspIZNS0_3runIRZL23CATCH2_INTERNAL_TEST_42vEUlRKSt6vectorIdSaIdEEE_EENS_14OptimizeResultEOT_RKS3_ISt4pairIddESaISE_EENS_10GivpConfigEEUlS7_E_NS0_3RngEEESD_IS5_dEmS7_S7_RKSB_PS6_dmmRSt8optionalINS0_15EvaluationCacheEERT0_RKSQ_INSt6chrono10time_pointINSW_3_V212steady_clockENSW_8durationIlSt5ratioILl1ELl1000000000EEEEEEE
FN:107,153,_ZN4givp6detail15construct_graspIZNS0_3runIRZL23CATCH2_INTERNAL_TEST_44vEUlRKSt6vectorIdSaIdEEE_EENS_14OptimizeResultEOT_RKS3_ISt4pairIddESaISE_EENS_10GivpConfigEEUlS7_E_NS0_3RngEEESD_IS5_dEmS7_S7_RKSB_PS6_dmmRSt8optionalINS0_15EvaluationCacheEERT0_RKSQ_INSt6chrono10time_pointINSW_3_V212steady_clockENSW_8durationIlSt5ratioILl1ELl1000000000EEEEEEE
FN:107,153,_ZN4givp6detail15construct_graspIZNS0_3runIZL23CATCH2_INTERNAL_TEST_16vEUlRKSt6vectorIdSaIdEEE_EENS_14OptimizeResultEOT_RKS3_ISt4pairIddESaISD_EENS_10GivpConfigEEUlS7_E_NS0_3RngEEESC_IS5_dEmS7_S7_RKSA_PS6_dmmRSt8optionalINS0_15EvaluationCacheEERT0_RKSP_INSt6chrono10time_pointINSV_3_V212steady_clockENSV_8durationIlSt5ratioILl1ELl1000000000EEEEEEE
FN:107,153,_ZN4givp6detail15construct_graspIZNS0_3runIZL23CATCH2_INTERNAL_TEST_18vEUlRKSt6vectorIdSaIdEEE_EENS_14OptimizeResultEOT_RKS3_ISt4pairIddESaISD_EENS_10GivpConfigEEUlS7_E_NS0_3RngEEESC_IS5_dEmS7_S7_RKSA_PS6_dmmRSt8optionalINS0_15EvaluationCacheEERT0_RKSP_INSt6chrono10time_pointINSV_3_V212steady_clockENSV_8durationIlSt5ratioILl1ELl1000000000EEEEEEE
FN:107,153,_ZN4givp6detail15construct_graspIZNS0_3runIZL23CATCH2_INTERNAL_TEST_20vEUlRKSt6vectorIdSaIdEEE_EENS_14OptimizeResultEOT_RKS3_ISt4pairIddESaISD_EENS_10GivpConfigEEUlS7_E_NS0_3RngEEESC_IS5_dEmS7_S7_RKSA_PS6_dmmRSt8optionalINS0_15EvaluationCacheEERT0_RKSP_INSt6chrono10time_pointINSV_3_V212steady_clockENSV_8durationIlSt5ratioILl1ELl1000000000EEEEEEE
FN:107,153,_ZN4givp6detail15construct_graspIZNS0_3runIZL23CATCH2_INTERNAL_TEST_22vEUlRKSt6vectorIdSaIdEEE_EENS_14OptimizeResultEOT_RKS3_ISt4pairIddESaISD_EENS_10GivpConfigEEUlS7_E_NS0_3RngEEESC_IS5_dEmS7_S7_RKSA_PS6_dmmRSt8optionalINS0_15EvaluationCacheEERT0_RKSP_INSt6chrono10time_pointINSV_3_V212steady_clockENSV_8durationIlSt5ratioILl1ELl1000000000EEEEEEE
FN:107,153,_ZN4givp6detail15construct_graspIZNS0_3runIZL23CATCH2_INTERNAL_TEST_24vEUlRKSt6vectorIdSaIdEEE_EENS_14OptimizeResultEOT_RKS3_ISt4pairIddESaISD_EENS_10GivpConfigEEUlS7_E_NS0_3RngEEESC_IS5_dEmS7_S7_RKSA_PS6_dmmRSt8optionalINS0_15EvaluationCacheEERT0_RKSP_INSt6chrono10time_pointINSV_3_V212steady_clockENSV_8durationIlSt5ratioILl1ELl1000000000EEEEEEE
FN:19,28,_ZN4givp6detail17get_current_alphaEmmddbd
FN:33,45,_ZN4givp6detail19evaluate_with_cacheIZL23CATCH2_INTERNAL_TEST_38vEUlRKSt6vectorIdSaIdEEE_EEdS6_RKT_RSt8optionalINS0_15EvaluationCacheEEm
FN:33,45,_ZN4givp6detail19evaluate_with_cacheIZL23CATCH2_INTERNAL_TEST_40vEUlRKSt6vectorIdSaIdEEE_EEdS6_RKT_RSt8optionalINS0_15EvaluationCacheEEm
FN:33,45,_ZN4givp6detail19evaluate_with_cacheIZNS0_3runIRFdRKSt6vectorIdSaIdEEEEENS_14OptimizeResultEOT_RKS3_ISt4pairIddESaISE_EENS_10GivpConfigEEUlS7_E_EEdS7_RKSB_RSt8optionalINS0_15EvaluationCacheEEm
FN:33,45,_ZN4givp6detail19evaluate_with_cacheIZNS0_3runIRZL22CATCH2_INTERNAL_TEST_6vEUlRKSt6vectorIdSaIdEEE_EENS_14OptimizeResultEOT_RKS3_ISt4pairIddESaISE_EENS_10GivpConfigEEUlS7_E_EEdS7_RKSB_RSt8optionalINS0_15EvaluationCacheEEm
FN:33,45,_ZN4givp6detail19evaluate_with_cacheIZNS0_3runIRZL22CATCH2_INTERNAL_TEST_8vEUlRKSt6vectorIdSaIdEEE_EENS_14OptimizeResultEOT_RKS3_ISt4pairIddESaISE_EENS_10GivpConfigEEUlS7_E_EEdS7_RKSB_RSt8optionalINS0_15EvaluationCacheEEm
FN:33,45,_ZN4givp6detail19evaluate_with_cacheIZNS0_3runIRZL23CATCH2_INTERNAL_TEST_12vEUlRKSt6vectorIdSaIdEEE_EENS_14OptimizeResultEOT_RKS3_ISt4pairIddESaISE_EENS_10GivpConfigEEUlS7_E_EEdS7_RKSB_RSt8optionalINS0_15EvaluationCacheEEm
FN:33,45,_ZN4givp6detail19evaluate_with_cacheIZNS0_3runIRZL23CATCH2_INTERNAL_TEST_14vEUlRKSt6vectorIdSaIdEEE_EENS_14OptimizeResultEOT_RKS3_ISt4pairIddESaISE_EENS_10GivpConfigEEUlS7_E_EEdS7_RKSB_RSt8optionalINS0_15EvaluationCacheEEm
FN:33,45,_ZN4givp6detail19evaluate_with_cacheIZNS0_3runIRZL23CATCH2_INTERNAL_TEST_16vEUlRKSt6vectorIdSaIdEEE_EENS_14OptimizeResultEOT_RKS3_ISt4pairIddESaISE_EENS_10GivpConfigEEUlS7_E_EEdS7_RKSB_RSt8optionalINS0_15EvaluationCacheEEm
FN:33,45,_ZN4givp6detail19evaluate_with_cacheIZNS0_3runIRZL23CATCH2_INTERNAL_TEST_28vEUlRKSt6vectorIdSaIdEEE_EENS_14OptimizeResultEOT_RKS3_ISt4pairIddESaISE_EENS_10GivpConfigEEUlS7_E_EEdS7_RKSB_RSt8optionalINS0_15EvaluationCacheEEm
FN:33,45,_ZN4givp6detail19evaluate_with_cacheIZNS0_3runIRZL23CATCH2_INTERNAL_TEST_42vEUlRKSt6vectorIdSaIdEEE_EENS_14OptimizeResultEOT_RKS3_ISt4pairIddESaISE_EENS_10GivpConfigEEUlS7_E_EEdS7_RKSB_RSt8optionalINS0_15EvaluationCacheEEm
FN:33,45,_ZN4givp6detail19evaluate_with_cacheIZNS0_3runIRZL23CATCH2_INTERNAL_TEST_44vEUlRKSt6vectorIdSaIdEEE_EENS_14OptimizeResultEOT_RKS3_ISt4pairIddESaISE_EENS_10GivpConfigEEUlS7_E_EEdS7_RKSB_RSt8optionalINS0_15EvaluationCacheEEm
FN:33,45,_ZN4givp6detail19evaluate_with_cacheIZNS0_3runIZL23CATCH2_INTERNAL_TEST_16vEUlRKSt6vectorIdSaIdEEE_EENS_14OptimizeResultEOT_RKS3_ISt4pairIddESaISD_EENS_10GivpConfigEEUlS7_E_EEdS7_RKSA_RSt8optionalINS0_15EvaluationCacheEEm
FN:33,45,_ZN4givp6detail19evaluate_with_cacheIZNS0_3runIZL23CATCH2_INTERNAL_TEST_18vEUlRKSt6vectorIdSaIdEEE_EENS_14OptimizeResultEOT_RKS3_ISt4pairIddESaISD_EENS_10GivpConfigEEUlS7_E_EEdS7_RKSA_RSt8optionalINS0_15EvaluationCacheEEm
FN:33,45,_ZN4givp6detail19evaluate_with_cacheIZNS0_3runIZL23CATCH2_INTERNAL_TEST_20vEUlRKSt6vectorIdSaIdEEE_EENS_14OptimizeResultEOT_RKS3_ISt4pairIddESaISD_EENS_10GivpConfigEEUlS7_E_EEdS7_RKSA_RSt8optionalINS0_15EvaluationCacheEEm
FN:33,45,_ZN4givp6detail19evaluate_with_cacheIZNS0_3runIZL23CATCH2_INTERNAL_TEST_22vEUlRKSt6vectorIdSaIdEEE_EENS_14OptimizeResultEOT_RKS3_ISt4pairIddESaISD_EENS_10GivpConfigEEUlS7_E_EEdS7_RKSA_RSt8optionalINS0_15EvaluationCacheEEm
FN:33,45,_ZN4givp6detail19evaluate_with_cacheIZNS0_3runIZL23CATCH2_INTERNAL_TEST_24vEUlRKSt6vectorIdSaIdEEE_EENS_14OptimizeResultEOT_RKS3_ISt4pairIddESaISD_EENS_10GivpConfigEEUlS7_E_EEdS7_RKSA_RSt8optionalINS0_15EvaluationCacheEEm
FN:50,62,_ZN4givp6detailL15select_from_rclINS0_3RngEEEmRKSt6vectorIdSaIdEEdRT_
FN:67,72,_ZN4givp6detailL26sample_integer_from_boundsINS0_3RngEEEdddRT_
FN:75,85,_ZN4givp6detailL22build_random_candidateINS0_3RngEEESt6vectorIdSaIdEEmmRKS5_S7_RT_
FN:88,102,_ZN4givp6detailL25build_heuristic_candidateINS0_3RngEEESt6vectorIdSaIdEEmmRKS5_S7_RT_
FNDA:2159,_ZN4givp6detail15construct_graspIZNS0_3runIRFdRKSt6vectorIdSaIdEEEEENS_14OptimizeResultEOT_RKS3_ISt4pairIddESaISE_EENS_10GivpConfigEEUlS7_E_NS0_3RngEEESD_IS5_dEmS7_S7_RKSB_PS6_dmmRSt8optionalINS0_15EvaluationCacheEERT0_RKSQ_INSt6chrono10time_pointINSW_3_V212steady_clockENSW_8durationIlSt5ratioILl1ELl1000000000EEEEEEE
FNDA:120,_ZN4givp6detail15construct_graspIZNS0_3runIRZL22CATCH2_INTERNAL_TEST_6vEUlRKSt6vectorIdSaIdEEE_EENS_14OptimizeResultEOT_RKS3_ISt4pairIddESaISE_EENS_10GivpConfigEEUlS7_E_NS0_3RngEEESD_IS5_dEmS7_S7_RKSB_PS6_dmmRSt8optionalINS0_15EvaluationCacheEERT0_RKSQ_INSt6chrono10time_pointINSW_3_V212steady_clockENSW_8durationIlSt5ratioILl1ELl1000000000EEEEEEE
FNDA:170,_ZN4givp6detail15construct_graspIZNS0_3runIRZL22CATCH2_INTERNAL_TEST_8vEUlRKSt6vectorIdSaIdEEE_EENS_14OptimizeResultEOT_RKS3_ISt4pairIddESaISE_EENS_10GivpConfigEEUlS7_E_NS0_3RngEEESD_IS5_dEmS7_S7_RKSB_PS6_dmmRSt8optionalINS0_15EvaluationCacheEERT0_RKSQ_INSt6chrono10time_pointINSW_3_V212steady_clockENSW_8durationIlSt5ratioILl1ELl1000000000EEEEEEE
FNDA:80,_ZN4givp6detail15construct_graspIZNS0_3runIRZL23CATCH2_INTERNAL_TEST_12vEUlRKSt6vectorIdSaIdEEE_EENS_14OptimizeResultEOT_RKS3_ISt4pairIddESaISE_EENS_10GivpConfigEEUlS7_E_NS0_3RngEEESD_IS5_dEmS7_S7_RKSB_PS6_dmmRSt8optionalINS0_15EvaluationCacheEERT0_RKSQ_INSt6chrono10time_pointINSW_3_V212steady_clockENSW_8durationIlSt5ratioILl1ELl1000000000EEEEEEE
FNDA:120,_ZN4givp6detail15construct_graspIZNS0_3runIRZL23CATCH2_INTERNAL_TEST_14vEUlRKSt6vectorIdSaIdEEE_EENS_14OptimizeResultEOT_RKS3_ISt4pairIddESaISE_EENS_10GivpConfigEEUlS7_E_NS0_3RngEEESD_IS5_dEmS7_S7_RKSB_PS6_dmmRSt8optionalINS0_15EvaluationCacheEERT0_RKSQ_INSt6chrono10time_pointINSW_3_V212steady_clockENSW_8durationIlSt5ratioILl1ELl1000000000EEEEEEE
FNDA:120,_ZN4givp6detail15construct_graspIZNS0_3runIRZL23CATCH2_INTERNAL_TEST_16vEUlRKSt6vectorIdSaIdEEE_EENS_14OptimizeResultEOT_RKS3_ISt4pairIddESaISE_EENS_10GivpConfigEEUlS7_E_NS0_3RngEEESD_IS5_dEmS7_S7_RKSB_PS6_dmmRSt8optionalINS0_15EvaluationCacheEERT0_RKSQ_INSt6chrono10time_pointINSW_3_V212steady_clockENSW_8durationIlSt5ratioILl1ELl1000000000EEEEEEE
FNDA:40,_ZN4givp6detail15construct_graspIZNS0_3runIRZL23CATCH2_INTERNAL_TEST_28vEUlRKSt6vectorIdSaIdEEE_EENS_14OptimizeResultEOT_RKS3_ISt4pairIddESaISE_EENS_10GivpConfigEEUlS7_E_NS0_3RngEEESD_IS5_dEmS7_S7_RKSB_PS6_dmmRSt8optionalINS0_15EvaluationCacheEERT0_RKSQ_INSt6chrono10time_pointINSW_3_V212steady_clockENSW_8durationIlSt5ratioILl1ELl1000000000EEEEEEE
FNDA:25,_ZN4givp6detail15construct_graspIZNS0_3runIRZL23CATCH2_INTERNAL_TEST_42vEUlRKSt6vectorIdSaIdEEE_EENS_14OptimizeResultEOT_RKS3_ISt4pairIddESaISE_EENS_10GivpConfigEEUlS7_E_NS0_3RngEEESD_IS5_dEmS7_S7_RKSB_PS6_dmmRSt8optionalINS0_15EvaluationCacheEERT0_RKSQ_INSt6chrono10time_pointINSW_3_V212steady_clockENSW_8durationIlSt5ratioILl1ELl1000000000EEEEEEE
FNDA:65,_ZN4givp6detail15construct_graspIZNS0_3runIRZL23CATCH2_INTERNAL_TEST_44vEUlRKSt6vectorIdSaIdEEE_EENS_14OptimizeResultEOT_RKS3_ISt4pairIddESaISE_EENS_10GivpConfigEEUlS7_E_NS0_3RngEEESD_IS5_dEmS7_S7_RKSB_PS6_dmmRSt8optionalINS0_15EvaluationCacheEERT0_RKSQ_INSt6chrono10time_pointINSW_3_V212steady_clockENSW_8durationIlSt5ratioILl1ELl1000000000EEEEEEE
FNDA:0,_ZN4givp6detail15construct_graspIZNS0_3runIZL23CATCH2_INTERNAL_TEST_16vEUlRKSt6vectorIdSaIdEEE_EENS_14OptimizeResultEOT_RKS3_ISt4pairIddESaISD_EENS_10GivpConfigEEUlS7_E_NS0_3RngEEESC_IS5_dEmS7_S7_RKSA_PS6_dmmRSt8optionalINS0_15EvaluationCacheEERT0_RKSP_INSt6chrono10time_pointINSV_3_V212steady_clockENSV_8durationIlSt5ratioILl1ELl1000000000EEEEEEE
FNDA:0,_ZN4givp6detail15construct_graspIZNS0_3runIZL23CATCH2_INTERNAL_TEST_18vEUlRKSt6vectorIdSaIdEEE_EENS_14OptimizeResultEOT_RKS3_ISt4pairIddESaISD_EENS_10GivpConfigEEUlS7_E_NS0_3RngEEESC_IS5_dEmS7_S7_RKSA_PS6_dmmRSt8optionalINS0_15EvaluationCacheEERT0_RKSP_INSt6chrono10time_pointINSV_3_V212steady_clockENSV_8durationIlSt5ratioILl1ELl1000000000EEEEEEE
FNDA:0,_ZN4givp6detail15construct_graspIZNS0_3runIZL23CATCH2_INTERNAL_TEST_20vEUlRKSt6vectorIdSaIdEEE_EENS_14OptimizeResultEOT_RKS3_ISt4pairIddESaISD_EENS_10GivpConfigEEUlS7_E_NS0_3RngEEESC_IS5_dEmS7_S7_RKSA_PS6_dmmRSt8optionalINS0_15EvaluationCacheEERT0_RKSP_INSt6chrono10time_pointINSV_3_V212steady_clockENSV_8durationIlSt5ratioILl1ELl1000000000EEEEEEE
FNDA:0,_ZN4givp6detail15construct_graspIZNS0_3runIZL23CATCH2_INTERNAL_TEST_22vEUlRKSt6vectorIdSaIdEEE_EENS_14OptimizeResultEOT_RKS3_ISt4pairIddESaISD_EENS_10GivpConfigEEUlS7_E_NS0_3RngEEESC_IS5_dEmS7_S7_RKSA_PS6_dmmRSt8optionalINS0_15EvaluationCacheEERT0_RKSP_INSt6chrono10time_pointINSV_3_V212steady_clockENSV_8durationIlSt5ratioILl1ELl1000000000EEEEEEE
FNDA:0,_ZN4givp6detail15construct_graspIZNS0_3runIZL23CATCH2_INTERNAL_TEST_24vEUlRKSt6vectorIdSaIdEEE_EENS_14OptimizeResultEOT_RKS3_ISt4pairIddESaISD_EENS_10GivpConfigEEUlS7_E_NS0_3RngEEESC_IS5_dEmS7_S7_RKSA_PS6_dmmRSt8optionalINS0_15EvaluationCacheEERT0_RKSP_INSt6chrono10time_pointINSV_3_V212steady_clockENSV_8durationIlSt5ratioILl1ELl1000000000EEEEEEE
FNDA:2505,_ZN4givp6detail17get_current_alphaEmmddbd
FNDA:110,_ZN4givp6detail19evaluate_with_cacheIZL23CATCH2_INTERNAL_TEST_38vEUlRKSt6vectorIdSaIdEEE_EEdS6_RKT_RSt8optionalINS0_15EvaluationCacheEEm
FNDA:10,_ZN4givp6detail19evaluate_with_cacheIZL23CATCH2_INTERNAL_TEST_40vEUlRKSt6vectorIdSaIdEEE_EEdS6_RKT_RSt8optionalINS0_15EvaluationCacheEEm
FNDA:285359693,_ZN4givp6detail19evaluate_with_cacheIZNS0_3runIRFdRKSt6vectorIdSaIdEEEEENS_14OptimizeResultEOT_RKS3_ISt4pairIddESaISE_EENS_10GivpConfigEEUlS7_E_EEdS7_RKSB_RSt8optionalINS0_15EvaluationCacheEEm
FNDA:16241280,_ZN4givp6detail19evaluate_with_cacheIZNS0_3runIRZL22CATCH2_INTERNAL_TEST_6vEUlRKSt6vectorIdSaIdEEE_EENS_14OptimizeResultEOT_RKS3_ISt4pairIddESaISE_EENS_10GivpConfigEEUlS7_E_EEdS7_RKSB_RSt8optionalINS0_15EvaluationCacheEEm
FNDA:23338755,_ZN4givp6detail19evaluate_with_cacheIZNS0_3runIRZL22CATCH2_INTERNAL_TEST_8vEUlRKSt6vectorIdSaIdEEE_EENS_14OptimizeResultEOT_RKS3_ISt4pairIddESaISE_EENS_10GivpConfigEEUlS7_E_EEdS7_RKSB_RSt8optionalINS0_15EvaluationCacheEEm
FNDA:8620210,_ZN4givp6detail19evaluate_with_cacheIZNS0_3runIRZL23CATCH2_INTERNAL_TEST_12vEUlRKSt6vectorIdSaIdEEE_EENS_14OptimizeResultEOT_RKS3_ISt4pairIddESaISE_EENS_10GivpConfigEEUlS7_E_EEdS7_RKSB_RSt8optionalINS0_15EvaluationCacheEEm
FNDA:12676480,_ZN4givp6detail19evaluate_with_cacheIZNS0_3runIRZL23CATCH2_INTERNAL_TEST_14vEUlRKSt6vectorIdSaIdEEE_EENS_14OptimizeResultEOT_RKS3_ISt4pairIddESaISE_EENS_10GivpConfigEEUlS7_E_EEdS7_RKSB_RSt8optionalINS0_15EvaluationCacheEEm
FNDA:12509690,_ZN4givp6detail19evaluate_with_cacheIZNS0_3runIRZL23CATCH2_INTERNAL_TEST_16vEUlRKSt6vectorIdSaIdEEE_EENS_14OptimizeResultEOT_RKS3_ISt4pairIddESaISE_EENS_10GivpConfigEEUlS7_E_EEdS7_RKSB_RSt8optionalINS0_15EvaluationCacheEEm
FNDA:149310,_ZN4givp6detail19evaluate_with_cacheIZNS0_3runIRZL23CATCH2_INTERNAL_TEST_28vEUlRKSt6vectorIdSaIdEEE_EENS_14OptimizeResultEOT_RKS3_ISt4pairIddESaISE_EENS_10GivpConfigEEUlS7_E_EEdS7_RKSB_RSt8optionalINS0_15EvaluationCacheEEm
FNDA:27870,_ZN4givp6detail19evaluate_with_cacheIZNS0_3runIRZL23CATCH2_INTERNAL_TEST_42vEUlRKSt6vectorIdSaIdEEE_EENS_14OptimizeResultEOT_RKS3_ISt4pairIddESaISE_EENS_10GivpConfigEEUlS7_E_EEdS7_RKSB_RSt8optionalINS0_15EvaluationCacheEEm
FNDA:13175,_ZN4givp6detail19evaluate_with_cacheIZNS0_3runIRZL23CATCH2_INTERNAL_TEST_44vEUlRKSt6vectorIdSaIdEEE_EENS_14OptimizeResultEOT_RKS3_ISt4pairIddESaISE_EENS_10GivpConfigEEUlS7_E_EEdS7_RKSB_RSt8optionalINS0_15EvaluationCacheEEm
FNDA:0,_ZN4givp6detail19evaluate_with_cacheIZNS0_3runIZL23CATCH2_INTERNAL_TEST_16vEUlRKSt6vectorIdSaIdEEE_EENS_14OptimizeResultEOT_RKS3_ISt4pairIddESaISD_EENS_10GivpConfigEEUlS7_E_EEdS7_RKSA_RSt8optionalINS0_15EvaluationCacheEEm
FNDA:0,_ZN4givp6detail19evaluate_with_cacheIZNS0_3runIZL23CATCH2_INTERNAL_TEST_18vEUlRKSt6vectorIdSaIdEEE_EENS_14OptimizeResultEOT_RKS3_ISt4pairIddESaISD_EENS_10GivpConfigEEUlS7_E_EEdS7_RKSA_RSt8optionalINS0_15EvaluationCacheEEm
FNDA:0,_ZN4givp6detail19evaluate_with_cacheIZNS0_3runIZL23CATCH2_INTERNAL_TEST_20vEUlRKSt6vectorIdSaIdEEE_EENS_14OptimizeResultEOT_RKS3_ISt4pairIddESaISD_EENS_10GivpConfigEEUlS7_E_EEdS7_RKSA_RSt8optionalINS0_15EvaluationCacheEEm
FNDA:0,_ZN4givp6detail19evaluate_with_cacheIZNS0_3runIZL23CATCH2_INTERNAL_TEST_22vEUlRKSt6vectorIdSaIdEEE_EENS_14OptimizeResultEOT_RKS3_ISt4pairIddESaISD_EENS_10GivpConfigEEUlS7_E_EEdS7_RKSA_RSt8optionalINS0_15EvaluationCacheEEm
FNDA:0,_ZN4givp6detail19evaluate_with_cacheIZNS0_3runIZL23CATCH2_INTERNAL_TEST_24vEUlRKSt6vectorIdSaIdEEE_EENS_14OptimizeResultEOT_RKS3_ISt4pairIddESaISD_EENS_10GivpConfigEEUlS7_E_EEdS7_RKSA_RSt8optionalINS0_15EvaluationCacheEEm
FNDA:2899,_ZN4givp6detailL15select_from_rclINS0_3RngEEEmRKSt6vectorIdSaIdEEdRT_
FNDA:24790,_ZN4givp6detailL26sample_integer_from_boundsINS0_3RngEEEdddRT_
FNDA:55066,_ZN4givp6detailL22build_random_candidateINS0_3RngEEESt6vectorIdSaIdEEmmRKS5_S7_RT_
FNDA:2899,_ZN4givp6detailL25build_heuristic_candidateINS0_3RngEEESt6vectorIdSaIdEEmmRKS5_S7_RT_
FNF:35
FNH:25
DA:19,2505
DA:23,2505
DA:25,2455
DA:26,2455
DA:27,2455
DA:33,358936583
DA:37,358936583
DA:38,356207288
DA:39,356207288
DA:40,287613431
DA:41,287613431
DA:42,287613431
DA:44,2729295
DA:50,2899
DA:52,2899
DA:53,2899
DA:54,2899
DA:56,2899
DA:57,60879
DA:58,57980
DA:60,2899
DA:61,2899
DA:62,2899
DA:67,24790
DA:68,24790
DA:69,24790
DA:70,24790
DA:71,23390
DA:75,55066
DA:79,55066
DA:80,314034
DA:81,258968
DA:82,78616
DA:83,23550
DA:84,55066
DA:85,0
DA:88,5798
DA:92,2899
DA:93,16531
DA:94,13632
DA:95,13632
DA:96,13632
DA:97,13632
DA:99,4139
DA:100,1240
DA:101,2899
DA:102,0
DA:107,2899
DA:116,2899
DA:117,2899
DA:118,2899
DA:119,2899
DA:122,2899
DA:123,15
DA:124,15
DA:125,15
DA:126,15
DA:127,15
DA:128,15
DA:131,2899
DA:132,2899
DA:133,2899
DA:134,2899
DA:135,2899
DA:136,2899
DA:137,2899
DA:140,113031
DA:141,55066
DA:142,55066
DA:143,55066
DA:144,55066
DA:145,55066
DA:146,55066
DA:149,2899
DA:150,2899
DA:151,2899
DA:152,5798
DA:153,2899
LF:78
LH:76
end_of_record
TN:
SF:/workspace/cpp/include/givp/detail/helpers.hpp
FN:24,24,_ZN4givp6detail3RngC2Em
FN:26,32,_ZN4givp6detail3Rng9from_seedESt8optionalImE
FN:35,38,_ZN4givp6detail3Rng5childEv
FN:40,43,_ZN4givp6detail3Rng7uniformEdd
FN:45,48,_ZN4givp6detail3Rng11uniform_intEll
FN:50,53,_ZN4givp6detail3Rng13uniform_indexEmm
FN:55,55,_ZN4givp6detail3Rng13random_doubleEv
FN:60,63,_ZN4givp6detail8get_halfEmSt8optionalImE
FN:65,68,_ZN4givp6detail7expiredERKSt8optionalINSt6chrono10time_pointINS2_3_V212steady_clockENS2_8durationIlSt5ratioILl1ELl1000000000EEEEEEE
FN:71,78,_ZN4givp6detail13safe_evaluateIZL23CATCH2_INTERNAL_TEST_38vEUlRKSt6vectorIdSaIdEEE_EEdRKT_S6_
FN:71,78,_ZN4givp6detail13safe_evaluateIZL23CATCH2_INTERNAL_TEST_40vEUlRKSt6vectorIdSaIdEEE_EEdRKT_S6_
FN:71,78,_ZN4givp6detail13safe_evaluateIZNS0_3runIRFdRKSt6vectorIdSaIdEEEEENS_14OptimizeResultEOT_RKS3_ISt4pairIddESaISE_EENS_10GivpConfigEEUlS7_E_EEdRKSB_S7_
FN:71,78,_ZN4givp6detail13safe_evaluateIZNS0_3runIRZL22CATCH2_INTERNAL_TEST_6vEUlRKSt6vectorIdSaIdEEE_EENS_14OptimizeResultEOT_RKS3_ISt4pairIddESaISE_EENS_10GivpConfigEEUlS7_E_EEdRKSB_S7_
FN:71,78,_ZN4givp6detail13safe_evaluateIZNS0_3runIRZL22CATCH2_INTERNAL_TEST_8vEUlRKSt6vectorIdSaIdEEE_EENS_14OptimizeResultEOT_RKS3_ISt4pairIddESaISE_EENS_10GivpConfigEEUlS7_E_EEdRKSB_S7_
FN:71,78,_ZN4givp6detail13safe_evaluateIZNS0_3runIRZL23CATCH2_INTERNAL_TEST_12vEUlRKSt6vectorIdSaIdEEE_EENS_14OptimizeResultEOT_RKS3_ISt4pairIddESaISE_EENS_10GivpConfigEEUlS7_E_EEdRKSB_S7_
FN:71,78,_ZN4givp6detail13safe_evaluateIZNS0_3runIRZL23CATCH2_INTERNAL_TEST_14vEUlRKSt6vectorIdSaIdEEE_EENS_14OptimizeResultEOT_RKS3_ISt4pairIddESaISE_EENS_10GivpConfigEEUlS7_E_EEdRKSB_S7_
FN:71,78,_ZN4givp6detail13safe_evaluateIZNS0_3runIRZL23CATCH2_INTERNAL_TEST_16vEUlRKSt6vectorIdSaIdEEE_EENS_14OptimizeResultEOT_RKS3_ISt4pairIddESaISE_EENS_10GivpConfigEEUlS7_E_EEdRKSB_S7_
FN:71,78,_ZN4givp6detail13safe_evaluateIZNS0_3runIRZL23CATCH2_INTERNAL_TEST_28vEUlRKSt6vectorIdSaIdEEE_EENS_14OptimizeResultEOT_RKS3_ISt4pairIddESaISE_EENS_10GivpConfigEEUlS7_E_EEdRKSB_S7_
FN:71,78,_ZN4givp6detail13safe_evaluateIZNS0_3runIRZL23CATCH2_INTERNAL_TEST_42vEUlRKSt6vectorIdSaIdEEE_EENS_14OptimizeResultEOT_RKS3_ISt4pairIddESaISE_EENS_10GivpConfigEEUlS7_E_EEdRKSB_S7_
FN:71,78,_ZN4givp6detail13safe_evaluateIZNS0_3runIRZL23CATCH2_INTERNAL_TEST_44vEUlRKSt6vectorIdSaIdEEE_EENS_14OptimizeResultEOT_RKS3_ISt4pairIddESaISE_EENS_10GivpConfigEEUlS7_E_EEdRKSB_S7_
FN:71,78,_ZN4givp6detail13safe_evaluateIZNS0_3runIZL23CATCH2_INTERNAL_TEST_16vEUlRKSt6vectorIdSaIdEEE_EENS_14OptimizeResultEOT_RKS3_ISt4pairIddESaISD_EENS_10GivpConfigEEUlS7_E_EEdRKSA_S7_
FN:71,78,_ZN4givp6detail13safe_evaluateIZNS0_3runIZL23CATCH2_INTERNAL_TEST_18vEUlRKSt6vectorIdSaIdEEE_EENS_14OptimizeResultEOT_RKS3_ISt4pairIddESaISD_EENS_10GivpConfigEEUlS7_E_EEdRKSA_S7_
FN:71,78,_ZN4givp6detail13safe_evaluateIZNS0_3runIZL23CATCH2_INTERNAL_TEST_20vEUlRKSt6vectorIdSaIdEEE_EENS_14OptimizeResultEOT_RKS3_ISt4pairIddESaISD_EENS_10GivpConfigEEUlS7_E_EEdRKSA_S7_
FN:71,78,_ZN4givp6detail13safe_evaluateIZNS0_3runIZL23CATCH2_INTERNAL_TEST_22vEUlRKSt6vectorIdSaIdEEE_EENS_14OptimizeResultEOT_RKS3_ISt4pairIddESaISD_EENS_10GivpConfigEEUlS7_E_EEdRKSA_S7_
FN:71,78,_ZN4givp6detail13safe_evaluateIZNS0_3runIZL23CATCH2_INTERNAL_TEST_24vEUlRKSt6vectorIdSaIdEEE_EENS_14OptimizeResultEOT_RKS3_ISt4pairIddESaISD_EENS_10GivpConfigEEUlS7_E_EEdRKSA_S7_
FN:80,84,_ZN4givp6detail22normalize_integer_tailERSt6vectorIdSaIdEEm
FN:86,88,_ZN4givp6detail9clamp_valEddd
FNDA:3029,_ZN4givp6detail3RngC2Em
FNDA:130,_ZN4givp6detail3Rng9from_seedESt8optionalImE
FNDA:2899,_ZN4givp6detail3Rng5childEv
FNDA:891510974,_ZN4givp6detail3Rng7uniformEdd
FNDA:23390,_ZN4givp6detail3Rng11uniform_intEll
FNDA:881555448,_ZN4givp6detail3Rng13uniform_indexEmm
FNDA:7399,_ZN4givp6detail3Rng13random_doubleEv
FNDA:120,_ZN4givp6detail8get_halfEmSt8optionalImE
FNDA:372831185,_ZN4givp6detail7expiredERKSt8optionalINSt6chrono10time_pointINS2_3_V212steady_clockENS2_8durationIlSt5ratioILl1ELl1000000000EEEEEEE
FNDA:110,_ZN4givp6detail13safe_evaluateIZL23CATCH2_INTERNAL_TEST_38vEUlRKSt6vectorIdSaIdEEE_EEdRKT_S6_
FNDA:10,_ZN4givp6detail13safe_evaluateIZL23CATCH2_INTERNAL_TEST_40vEUlRKSt6vectorIdSaIdEEE_EEdRKT_S6_
FNDA:250936531,_ZN4givp6detail13safe_evaluateIZNS0_3runIRFdRKSt6vectorIdSaIdEEEEENS_14OptimizeResultEOT_RKS3_ISt4pairIddESaISE_EENS_10GivpConfigEEUlS7_E_EEdRKSB_S7_
FNDA:16071045,_ZN4givp6detail13safe_evaluateIZNS0_3runIRZL22CATCH2_INTERNAL_TEST_6vEUlRKSt6vectorIdSaIdEEE_EENS_14OptimizeResultEOT_RKS3_ISt4pairIddESaISE_EENS_10GivpConfigEEUlS7_E_EEdRKSB_S7_
FNDA:23095570,_ZN4givp6detail13safe_evaluateIZNS0_3runIRZL22CATCH2_INTERNAL_TEST_8vEUlRKSt6vectorIdSaIdEEE_EENS_14OptimizeResultEOT_RKS3_ISt4pairIddESaISE_EENS_10GivpConfigEEUlS7_E_EEdRKSB_S7_
FNDA:5005,_ZN4givp6detail13safe_evaluateIZNS0_3runIRZL23CATCH2_INTERNAL_TEST_12vEUlRKSt6vectorIdSaIdEEE_EENS_14OptimizeResultEOT_RKS3_ISt4pairIddESaISE_EENS_10GivpConfigEEUlS7_E_EEdRKSB_S7_
FNDA:34495,_ZN4givp6detail13safe_evaluateIZNS0_3runIRZL23CATCH2_INTERNAL_TEST_14vEUlRKSt6vectorIdSaIdEEE_EENS_14OptimizeResultEOT_RKS3_ISt4pairIddESaISE_EENS_10GivpConfigEEUlS7_E_EEdRKSB_S7_
FNDA:26130,_ZN4givp6detail13safe_evaluateIZNS0_3runIRZL23CATCH2_INTERNAL_TEST_16vEUlRKSt6vectorIdSaIdEEE_EENS_14OptimizeResultEOT_RKS3_ISt4pairIddESaISE_EENS_10GivpConfigEEUlS7_E_EEdRKSB_S7_
FNDA:148395,_ZN4givp6detail13safe_evaluateIZNS0_3runIRZL23CATCH2_INTERNAL_TEST_28vEUlRKSt6vectorIdSaIdEEE_EENS_14OptimizeResultEOT_RKS3_ISt4pairIddESaISE_EENS_10GivpConfigEEUlS7_E_EEdRKSB_S7_
FNDA:20075,_ZN4givp6detail13safe_evaluateIZNS0_3runIRZL23CATCH2_INTERNAL_TEST_42vEUlRKSt6vectorIdSaIdEEE_EENS_14OptimizeResultEOT_RKS3_ISt4pairIddESaISE_EENS_10GivpConfigEEUlS7_E_EEdRKSB_S7_
FNDA:5360,_ZN4givp6detail13safe_evaluateIZNS0_3runIRZL23CATCH2_INTERNAL_TEST_44vEUlRKSt6vectorIdSaIdEEE_EENS_14OptimizeResultEOT_RKS3_ISt4pairIddESaISE_EENS_10GivpConfigEEUlS7_E_EEdRKSB_S7_
FNDA:0,_ZN4givp6detail13safe_evaluateIZNS0_3runIZL23CATCH2_INTERNAL_TEST_16vEUlRKSt6vectorIdSaIdEEE_EENS_14OptimizeResultEOT_RKS3_ISt4pairIddESaISD_EENS_10GivpConfigEEUlS7_E_EEdRKSA_S7_
FNDA:0,_ZN4givp6detail13safe_evaluateIZNS0_3runIZL23CATCH2_INTERNAL_TEST_18vEUlRKSt6vectorIdSaIdEEE_EENS_14OptimizeResultEOT_RKS3_ISt4pairIddESaISD_EENS_10GivpConfigEEUlS7_E_EEdRKSA_S7_
FNDA:0,_ZN4givp6detail13safe_evaluateIZNS0_3runIZL23CATCH2_INTERNAL_TEST_20vEUlRKSt6vectorIdSaIdEEE_EENS_14OptimizeResultEOT_RKS3_ISt4pairIddESaISD_EENS_10GivpConfigEEUlS7_E_EEdRKSA_S7_
FNDA:0,_ZN4givp6detail13safe_evaluateIZNS0_3runIZL23CATCH2_INTERNAL_TEST_22vEUlRKSt6vectorIdSaIdEEE_EENS_14OptimizeResultEOT_RKS3_ISt4pairIddESaISD_EENS_10GivpConfigEEUlS7_E_EEdRKSA_S7_
FNDA:0,_ZN4givp6detail13safe_evaluateIZNS0_3runIZL23CATCH2_INTERNAL_TEST_24vEUlRKSt6vectorIdSaIdEEE_EENS_14OptimizeResultEOT_RKS3_ISt4pairIddESaISD_EENS_10GivpConfigEEUlS7_E_EEdRKSA_S7_
FNDA:326686333,_ZN4givp6detail22normalize_integer_tailERSt6vectorIdSaIdEEm
FNDA:899163107,_ZN4givp6detail9clamp_valEddd
FNF:27
FNH:22
DA:24,3029
DA:26,130
DA:27,130
DA:28,5
DA:29,5
DA:30,5
DA:31,5
DA:32,5
DA:35,2899
DA:36,2899
DA:37,5798
DA:40,891510974
DA:41,891510974
DA:42,1783021948
DA:45,23390
DA:46,23390
DA:47,46780
DA:50,881555448
DA:51,881555448
DA:52,1763110896
DA:55,7399
DA:60,120
DA:62,120
DA:65,372831185
DA:66,372831185
DA:67,144481
DA:71,290342726
DA:73,290342726
DA:74,290334326
DA:75,8400
DA:76,8400
DA:80,326686333
DA:82,467317033
DA:83,140630700
DA:84,326686333
DA:86,899163107
DA:87,899163107
LF:37
LH:37
end_of_record
TN:
SF:/workspace/cpp/include/givp/detail/ils.hpp
FN:19,54,_ZN4givp6detailL16perturb_solutionINS0_3RngEEESt6vectorIdSaIdEERKS5_mmS7_S7_RT_
FN:58,102,_ZN4givp6detail10ils_searchIZNS0_3runIRFdRKSt6vectorIdSaIdEEEEENS_14OptimizeResultEOT_RKS3_ISt4pairIddESaISE_EENS_10GivpConfigEEUlS7_E_NS0_3RngEEEdRKSB_RS5_dmS7_S7_mmmRSt8optionalINS0_15EvaluationCacheEERT0_RKSP_INSt6chrono10time_pointINSV_3_V212steady_clockENSV_8durationIlSt5ratioILl1ELl1000000000EEEEEEE
FN:58,102,_ZN4givp6detail10ils_searchIZNS0_3runIRZL22CATCH2_INTERNAL_TEST_6vEUlRKSt6vectorIdSaIdEEE_EENS_14OptimizeResultEOT_RKS3_ISt4pairIddESaISE_EENS_10GivpConfigEEUlS7_E_NS0_3RngEEEdRKSB_RS5_dmS7_S7_mmmRSt8optionalINS0_15EvaluationCacheEERT0_RKSP_INSt6chrono10time_pointINSV_3_V212steady_clockENSV_8durationIlSt5ratioILl1ELl1000000000EEEEEEE
FN:58,102,_ZN4givp6detail10ils_searchIZNS0_3runIRZL22CATCH2_INTERNAL_TEST_8vEUlRKSt6vectorIdSaIdEEE_EENS_14OptimizeResultEOT_RKS3_ISt4pairIddESaISE_EENS_10GivpConfigEEUlS7_E_NS0_3RngEEEdRKSB_RS5_dmS7_S7_mmmRSt8optionalINS0_15EvaluationCacheEERT0_RKSP_INSt6chrono10time_pointINSV_3_V212steady_clockENSV_8durationIlSt5ratioILl1ELl1000000000EEEEEEE
FN:58,102,_ZN4givp6detail10ils_searchIZNS0_3runIRZL23CATCH2_INTERNAL_TEST_12vEUlRKSt6vectorIdSaIdEEE_EENS_14OptimizeResultEOT_RKS3_ISt4pairIddESaISE_EENS_10GivpConfigEEUlS7_E_NS0_3RngEEEdRKSB_RS5_dmS7_S7_mmmRSt8optionalINS0_15EvaluationCacheEERT0_RKSP_INSt6chrono10time_pointINSV_3_V212steady_clockENSV_8durationIlSt5ratioILl1ELl1000000000EEEEEEE
FN:58,102,_ZN4givp6detail10ils_searchIZNS0_3runIRZL23CATCH2_INTERNAL_TEST_14vEUlRKSt6vectorIdSaIdEEE_EENS_14OptimizeResultEOT_RKS3_ISt4pairIddESaISE_EENS_10GivpConfigEEUlS7_E_NS0_3RngEEEdRKSB_RS5_dmS7_S7_mmmRSt8optionalINS0_15EvaluationCacheEERT0_RKSP_INSt6chrono10time_pointINSV_3_V212steady_clockENSV_8durationIlSt5ratioILl1ELl1000000000EEEEEEE
FN:58,102,_ZN4givp6detail10ils_searchIZNS0_3runIRZL23CATCH2_INTERNAL_TEST_16vEUlRKSt6vectorIdSaIdEEE_EENS_14OptimizeResultEOT_RKS3_ISt4pairIddESaISE_EENS_10GivpConfigEEUlS7_E_NS0_3RngEEEdRKSB_RS5_dmS7_S7_mmmRSt8optionalINS0_15EvaluationCacheEERT0_RKSP_INSt6chrono10time_pointINSV_3_V212steady_clockENSV_8durationIlSt5ratioILl1ELl1000000000EEEEEEE
FN:58,102,_ZN4givp6detail10ils_searchIZNS0_3runIRZL23CATCH2_INTERNAL_TEST_28vEUlRKSt6vectorIdSaIdEEE_EENS_14OptimizeResultEOT_RKS3_ISt4pairIddESaISE_EENS_10GivpConfigEEUlS7_E_NS0_3RngEEEdRKSB_RS5_dmS7_S7_mmmRSt8optionalINS0_15EvaluationCacheEERT0_RKSP_INSt6chrono10time_pointINSV_3_V212steady_clockENSV_8durationIlSt5ratioILl1ELl1000000000EEEEEEE
FN:58,102,_ZN4givp6detail10ils_searchIZNS0_3runIRZL23CATCH2_INTERNAL_TEST_42vEUlRKSt6vectorIdSaIdEEE_EENS_14OptimizeResultEOT_RKS3_ISt4pairIddESaISE_EENS_10GivpConfigEEUlS7_E_NS0_3RngEEEdRKSB_RS5_dmS7_S7_mmmRSt8optionalINS0_15EvaluationCacheEERT0_RKSP_INSt6chrono10time_pointINSV_3_V212steady_clockENSV_8durationIlSt5ratioILl1ELl1000000000EEEEEEE
FN:58,102,_ZN4givp6detail10ils_searchIZNS0_3runIRZL23CATCH2_INTERNAL_TEST_44vEUlRKSt6vectorIdSaIdEEE_EENS_14OptimizeResultEOT_RKS3_ISt4pairIddESaISE_EENS_10GivpConfigEEUlS7_E_NS0_3RngEEEdRKSB_RS5_dmS7_S7_mmmRSt8optionalINS0_15EvaluationCacheEERT0_RKSP_INSt6chrono10time_pointINSV_3_V212steady_clockENSV_8durationIlSt5ratioILl1ELl1000000000EEEEEEE
FN:58,102,_ZN4givp6detail10ils_searchIZNS0_3runIZL23CATCH2_INTERNAL_TEST_16vEUlRKSt6vectorIdSaIdEEE_EENS_14OptimizeResultEOT_RKS3_ISt4pairIddESaISD_EENS_10GivpConfigEEUlS7_E_NS0_3RngEEEdRKSA_RS5_dmS7_S7_mmmRSt8optionalINS0_15EvaluationCacheEERT0_RKSO_INSt6chrono10time_pointINSU_3_V212steady_clockENSU_8durationIlSt5ratioILl1ELl1000000000EEEEEEE
FN:58,102,_ZN4givp6detail10ils_searchIZNS0_3runIZL23CATCH2_INTERNAL_TEST_18vEUlRKSt6vectorIdSaIdEEE_EENS_14OptimizeResultEOT_RKS3_ISt4pairIddESaISD_EENS_10GivpConfigEEUlS7_E_NS0_3RngEEEdRKSA_RS5_dmS7_S7_mmmRSt8optionalINS0_15EvaluationCacheEERT0_RKSO_INSt6chrono10time_pointINSU_3_V212steady_clockENSU_8durationIlSt5ratioILl1ELl1000000000EEEEEEE
FN:58,102,_ZN4givp6detail10ils_searchIZNS0_3runIZL23CATCH2_INTERNAL_TEST_20vEUlRKSt6vectorIdSaIdEEE_EENS_14OptimizeResultEOT_RKS3_ISt4pairIddESaISD_EENS_10GivpConfigEEUlS7_E_NS0_3RngEEEdRKSA_RS5_dmS7_S7_mmmRSt8optionalINS0_15EvaluationCacheEERT0_RKSO_INSt6chrono10time_pointINSU_3_V212steady_clockENSU_8durationIlSt5ratioILl1ELl1000000000EEEEEEE
FN:58,102,_ZN4givp6detail10ils_searchIZNS0_3runIZL23CATCH2_INTERNAL_TEST_22vEUlRKSt6vectorIdSaIdEEE_EENS_14OptimizeResultEOT_RKS3_ISt4pairIddESaISD_EENS_10GivpConfigEEUlS7_E_NS0_3RngEEEdRKSA_RS5_dmS7_S7_mmmRSt8optionalINS0_15EvaluationCacheEERT0_RKSO_INSt6chrono10time_pointINSU_3_V212steady_clockENSU_8durationIlSt5ratioILl1ELl1000000000EEEEEEE
FN:58,102,_ZN4givp6detail10ils_searchIZNS0_3runIZL23CATCH2_INTERNAL_TEST_24vEUlRKSt6vectorIdSaIdEEE_EENS_14OptimizeResultEOT_RKS3_ISt4pairIddESaISD_EENS_10GivpConfigEEUlS7_E_NS0_3RngEEEdRKSA_RS5_dmS7_S7_mmmRSt8optionalINS0_15EvaluationCacheEERT0_RKSO_INSt6chrono10time_pointINSU_3_V212steady_clockENSU_8durationIlSt5ratioILl1ELl1000000000EEEEEEE
FNDA:27130,_ZN4givp6detailL16perturb_solutionINS0_3RngEEESt6vectorIdSaIdEERKS5_mmS7_S7_RT_
FNDA:2089,_ZN4givp6detail10ils_searchIZNS0_3runIRFdRKSt6vectorIdSaIdEEEEENS_14OptimizeResultEOT_RKS3_ISt4pairIddESaISE_EENS_10GivpConfigEEUlS7_E_NS0_3RngEEEdRKSB_RS5_dmS7_S7_mmmRSt8optionalINS0_15EvaluationCacheEERT0_RKSP_INSt6chrono10time_pointINSV_3_V212steady_clockENSV_8durationIlSt5ratioILl1ELl1000000000EEEEEEE
FNDA:115,_ZN4givp6detail10ils_searchIZNS0_3runIRZL22CATCH2_INTERNAL_TEST_6vEUlRKSt6vectorIdSaIdEEE_EENS_14OptimizeResultEOT_RKS3_ISt4pairIddESaISE_EENS_10GivpConfigEEUlS7_E_NS0_3RngEEEdRKSB_RS5_dmS7_S7_mmmRSt8optionalINS0_15EvaluationCacheEERT0_RKSP_INSt6chrono10time_pointINSV_3_V212steady_clockENSV_8durationIlSt5ratioILl1ELl1000000000EEEEEEE
FNDA:165,_ZN4givp6detail10ils_searchIZNS0_3runIRZL22CATCH2_INTERNAL_TEST_8vEUlRKSt6vectorIdSaIdEEE_EENS_14OptimizeResultEOT_RKS3_ISt4pairIddESaISE_EENS_10GivpConfigEEUlS7_E_NS0_3RngEEEdRKSB_RS5_dmS7_S7_mmmRSt8optionalINS0_15EvaluationCacheEERT0_RKSP_INSt6chrono10time_pointINSV_3_V212steady_clockENSV_8durationIlSt5ratioILl1ELl1000000000EEEEEEE
FNDA:75,_ZN4givp6detail10ils_searchIZNS0_3runIRZL23CATCH2_INTERNAL_TEST_12vEUlRKSt6vectorIdSaIdEEE_EENS_14OptimizeResultEOT_RKS3_ISt4pairIddESaISE_EENS_10GivpConfigEEUlS7_E_NS0_3RngEEEdRKSB_RS5_dmS7_S7_mmmRSt8optionalINS0_15EvaluationCacheEERT0_RKSP_INSt6chrono10time_pointINSV_3_V212steady_clockENSV_8durationIlSt5ratioILl1ELl1000000000EEEEEEE
FNDA:115,_ZN4givp6detail10ils_searchIZNS0_3runIRZL23CATCH2_INTERNAL_TEST_14vEUlRKSt6vectorIdSaIdEEE_EENS_14OptimizeResultEOT_RKS3_ISt4pairIddESaISE_EENS_10GivpConfigEEUlS7_E_NS0_3RngEEEdRKSB_RS5_dmS7_S7_mmmRSt8optionalINS0_15EvaluationCacheEERT0_RKSP_INSt6chrono10time_pointINSV_3_V212steady_clockENSV_8durationIlSt5ratioILl1ELl1000000000EEEEEEE
FNDA:115,_ZN4givp6detail10ils_searchIZNS0_3runIRZL23CATCH2_INTERNAL_TEST_16vEUlRKSt6vectorIdSaIdEEE_EENS_14OptimizeResultEOT_RKS3_ISt4pairIddESaISE_EENS_10GivpConfigEEUlS7_E_NS0_3RngEEEdRKSB_RS5_dmS7_S7_mmmRSt8optionalINS0_15EvaluationCacheEERT0_RKSP_INSt6chrono10time_pointINSV_3_V212steady_clockENSV_8durationIlSt5ratioILl1ELl1000000000EEEEEEE
FNDA:35,_ZN4givp6detail10ils_searchIZNS0_3runIRZL23CATCH2_INTERNAL_TEST_28vEUlRKSt6vectorIdSaIdEEE_EENS_14OptimizeResultEOT_RKS3_ISt4pairIddESaISE_EENS_10GivpConfigEEUlS7_E_NS0_3RngEEEdRKSB_RS5_dmS7_S7_mmmRSt8optionalINS0_15EvaluationCacheEERT0_RKSP_INSt6chrono10time_pointINSV_3_V212steady_clockENSV_8durationIlSt5ratioILl1ELl1000000000EEEEEEE
FNDA:25,_ZN4givp6detail10ils_searchIZNS0_3runIRZL23CATCH2_INTERNAL_TEST_42vEUlRKSt6vectorIdSaIdEEE_EENS_14OptimizeResultEOT_RKS3_ISt4pairIddESaISE_EENS_10GivpConfigEEUlS7_E_NS0_3RngEEEdRKSB_RS5_dmS7_S7_mmmRSt8optionalINS0_15EvaluationCacheEERT0_RKSP_INSt6chrono10time_pointINSV_3_V212steady_clockENSV_8durationIlSt5ratioILl1ELl1000000000EEEEEEE
FNDA:60,_ZN4givp6detail10ils_searchIZNS0_3runIRZL23CATCH2_INTERNAL_TEST_44vEUlRKSt6vectorIdSaIdEEE_EENS_14OptimizeResultEOT_RKS3_ISt4pairIddESaISE_EENS_10GivpConfigEEUlS7_E_NS0_3RngEEEdRKSB_RS5_dmS7_S7_mmmRSt8optionalINS0_15EvaluationCacheEERT0_RKSP_INSt6chrono10time_pointINSV_3_V212steady_clockENSV_8durationIlSt5ratioILl1ELl1000000000EEEEEEE
FNDA:0,_ZN4givp6detail10ils_searchIZNS0_3runIZL23CATCH2_INTERNAL_TEST_16vEUlRKSt6vectorIdSaIdEEE_EENS_14OptimizeResultEOT_RKS3_ISt4pairIddESaISD_EENS_10GivpConfigEEUlS7_E_NS0_3RngEEEdRKSA_RS5_dmS7_S7_mmmRSt8optionalINS0_15EvaluationCacheEERT0_RKSO_INSt6chrono10time_pointINSU_3_V212steady_clockENSU_8durationIlSt5ratioILl1ELl1000000000EEEEEEE
FNDA:0,_ZN4givp6detail10ils_searchIZNS0_3runIZL23CATCH2_INTERNAL_TEST_18vEUlRKSt6vectorIdSaIdEEE_EENS_14OptimizeResultEOT_RKS3_ISt4pairIddESaISD_EENS_10GivpConfigEEUlS7_E_NS0_3RngEEEdRKSA_RS5_dmS7_S7_mmmRSt8optionalINS0_15EvaluationCacheEERT0_RKSO_INSt6chrono10time_pointINSU_3_V212steady_clockENSU_8durationIlSt5ratioILl1ELl1000000000EEEEEEE
FNDA:0,_ZN4givp6detail10ils_searchIZNS0_3runIZL23CATCH2_INTERNAL_TEST_20vEUlRKSt6vectorIdSaIdEEE_EENS_14OptimizeResultEOT_RKS3_ISt4pairIddESaISD_EENS_10GivpConfigEEUlS7_E_NS0_3RngEEEdRKSA_RS5_dmS7_S7_mmmRSt8optionalINS0_15EvaluationCacheEERT0_RKSO_INSt6chrono10time_pointINSU_3_V212steady_clockENSU_8durationIlSt5ratioILl1ELl1000000000EEEEEEE
FNDA:0,_ZN4givp6detail10ils_searchIZNS0_3runIZL23CATCH2_INTERNAL_TEST_22vEUlRKSt6vectorIdSaIdEEE_EENS_14OptimizeResultEOT_RKS3_ISt4pairIddESaISD_EENS_10GivpConfigEEUlS7_E_NS0_3RngEEEdRKSA_RS5_dmS7_S7_mmmRSt8optionalINS0_15EvaluationCacheEERT0_RKSO_INSt6chrono10time_pointINSU_3_V212steady_clockENSU_8durationIlSt5ratioILl1ELl1000000000EEEEEEE
FNDA:0,_ZN4givp6detail10ils_searchIZNS0_3runIZL23CATCH2_INTERNAL_TEST_24vEUlRKSt6vectorIdSaIdEEE_EENS_14OptimizeResultEOT_RKS3_ISt4pairIddESaISD_EENS_10GivpConfigEEUlS7_E_NS0_3RngEEEdRKSA_RS5_dmS7_S7_mmmRSt8optionalINS0_15EvaluationCacheEERT0_RKSO_INSt6chrono10time_pointINSU_3_V212steady_clockENSU_8durationIlSt5ratioILl1ELl1000000000EEEEEEE
FNF:15
FNH:10
DA:19,27130
DA:25,27130
DA:26,27130
DA:27,27130
DA:28,27130
DA:29,27130
DA:30,27130
DA:32,59695
DA:33,32565
DA:34,32565
DA:37,59695
DA:38,32565
DA:39,32565
DA:40,2960
DA:41,2960
DA:42,2960
DA:43,2960
DA:45,29605
DA:46,29605
DA:47,29605
DA:52,27130
DA:53,54260
DA:54,27130
DA:58,2794
DA:68,2794
DA:69,2794
DA:71,29924
DA:72,27135
DA:75,54260
DA:76,27130
DA:77,54260
DA:79,54260
DA:80,27130
DA:82,27130
DA:85,27130
DA:87,27130
DA:90,27130
DA:91,5796
DA:92,5796
DA:93,21334
DA:95,756
DA:96,756
DA:100,2794
DA:101,2794
DA:102,2794
LF:45
LH:45
end_of_record
TN:
SF:/workspace/cpp/include/givp/detail/impl_core.hpp
FN:112,316,_ZN4givp6detail3runIRFdRKSt6vectorIdSaIdEEEEENS_14OptimizeResultEOT_RKS2_ISt4pairIddESaISD_EENS_10GivpConfigE
FN:112,316,_ZN4givp6detail3runIRZL22CATCH2_INTERNAL_TEST_6vEUlRKSt6vectorIdSaIdEEE_EENS_14OptimizeResultEOT_RKS2_ISt4pairIddESaISD_EENS_10GivpConfigE
FN:112,316,_ZN4givp6detail3runIRZL22CATCH2_INTERNAL_TEST_8vEUlRKSt6vectorIdSaIdEEE_EENS_14OptimizeResultEOT_RKS2_ISt4pairIddESaISD_EENS_10GivpConfigE
FN:112,316,_ZN4givp6detail3runIRZL23CATCH2_INTERNAL_TEST_12vEUlRKSt6vectorIdSaIdEEE_EENS_14OptimizeResultEOT_RKS2_ISt4pairIddESaISD_EENS_10GivpConfigE
FN:112,316,_ZN4givp6detail3runIRZL23CATCH2_INTERNAL_TEST_14vEUlRKSt6vectorIdSaIdEEE_EENS_14OptimizeResultEOT_RKS2_ISt4pairIddESaISD_EENS_10GivpConfigE
FN:112,316,_ZN4givp6detail3runIRZL23CATCH2_INTERNAL_TEST_16vEUlRKSt6vectorIdSaIdEEE_EENS_14OptimizeResultEOT_RKS2_ISt4pairIddESaISD_EENS_10GivpConfigE
FN:112,316,_ZN4givp6detail3runIRZL23CATCH2_INTERNAL_TEST_28vEUlRKSt6vectorIdSaIdEEE_EENS_14OptimizeResultEOT_RKS2_ISt4pairIddESaISD_EENS_10GivpConfigE
FN:112,316,_ZN4givp6detail3runIRZL23CATCH2_INTERNAL_TEST_42vEUlRKSt6vectorIdSaIdEEE_EENS_14OptimizeResultEOT_RKS2_ISt4pairIddESaISD_EENS_10GivpConfigE
FN:112,316,_ZN4givp6detail3runIRZL23CATCH2_INTERNAL_TEST_44vEUlRKSt6vectorIdSaIdEEE_EENS_14OptimizeResultEOT_RKS2_ISt4pairIddESaISD_EENS_10GivpConfigE
FN:112,316,_ZN4givp6detail3runIZL23CATCH2_INTERNAL_TEST_16vEUlRKSt6vectorIdSaIdEEE_EENS_14OptimizeResultEOT_RKS2_ISt4pairIddESaISC_EENS_10GivpConfigE
FN:112,316,_ZN4givp6detail3runIZL23CATCH2_INTERNAL_TEST_18vEUlRKSt6vectorIdSaIdEEE_EENS_14OptimizeResultEOT_RKS2_ISt4pairIddESaISC_EENS_10GivpConfigE
FN:112,316,_ZN4givp6detail3runIZL23CATCH2_INTERNAL_TEST_20vEUlRKSt6vectorIdSaIdEEE_EENS_14OptimizeResultEOT_RKS2_ISt4pairIddESaISC_EENS_10GivpConfigE
FN:112,316,_ZN4givp6detail3runIZL23CATCH2_INTERNAL_TEST_22vEUlRKSt6vectorIdSaIdEEE_EENS_14OptimizeResultEOT_RKS2_ISt4pairIddESaISC_EENS_10GivpConfigE
FN:112,316,_ZN4givp6detail3runIZL23CATCH2_INTERNAL_TEST_24vEUlRKSt6vectorIdSaIdEEE_EENS_14OptimizeResultEOT_RKS2_ISt4pairIddESaISC_EENS_10GivpConfigE
FN:133,133,_ZZN4givp6detail3runIRFdRKSt6vectorIdSaIdEEEEENS_14OptimizeResultEOT_RKS2_ISt4pairIddESaISD_EENS_10GivpConfigEENKUlS6_E_clES6_
FN:133,133,_ZZN4givp6detail3runIRZL22CATCH2_INTERNAL_TEST_6vEUlRKSt6vectorIdSaIdEEE_EENS_14OptimizeResultEOT_RKS2_ISt4pairIddESaISD_EENS_10GivpConfigEENKUlS6_E_clES6_
FN:133,133,_ZZN4givp6detail3runIRZL22CATCH2_INTERNAL_TEST_8vEUlRKSt6vectorIdSaIdEEE_EENS_14OptimizeResultEOT_RKS2_ISt4pairIddESaISD_EENS_10GivpConfigEENKUlS6_E_clES6_
FN:133,133,_ZZN4givp6detail3runIRZL23CATCH2_INTERNAL_TEST_12vEUlRKSt6vectorIdSaIdEEE_EENS_14OptimizeResultEOT_RKS2_ISt4pairIddESaISD_EENS_10GivpConfigEENKUlS6_E_clES6_
FN:133,133,_ZZN4givp6detail3runIRZL23CATCH2_INTERNAL_TEST_14vEUlRKSt6vectorIdSaIdEEE_EENS_14OptimizeResultEOT_RKS2_ISt4pairIddESaISD_EENS_10GivpConfigEENKUlS6_E_clES6_
FN:133,133,_ZZN4givp6detail3runIRZL23CATCH2_INTERNAL_TEST_16vEUlRKSt6vectorIdSaIdEEE_EENS_14OptimizeResultEOT_RKS2_ISt4pairIddESaISD_EENS_10GivpConfigEENKUlS6_E_clES6_
FN:133,133,_ZZN4givp6detail3runIRZL23CATCH2_INTERNAL_TEST_28vEUlRKSt6vectorIdSaIdEEE_EENS_14OptimizeResultEOT_RKS2_ISt4pairIddESaISD_EENS_10GivpConfigEENKUlS6_E_clES6_
FN:133,133,_ZZN4givp6detail3runIRZL23CATCH2_INTERNAL_TEST_42vEUlRKSt6vectorIdSaIdEEE_EENS_14OptimizeResultEOT_RKS2_ISt4pairIddESaISD_EENS_10GivpConfigEENKUlS6_E_clES6_
FN:133,133,_ZZN4givp6detail3runIRZL23CATCH2_INTERNAL_TEST_44vEUlRKSt6vectorIdSaIdEEE_EENS_14OptimizeResultEOT_RKS2_ISt4pairIddESaISD_EENS_10GivpConfigEENKUlS6_E_clES6_
FN:133,133,_ZZN4givp6detail3runIZL23CATCH2_INTERNAL_TEST_16vEUlRKSt6vectorIdSaIdEEE_EENS_14OptimizeResultEOT_RKS2_ISt4pairIddESaISC_EENS_10GivpConfigEENKUlS6_E_clES6_
FN:133,133,_ZZN4givp6detail3runIZL23CATCH2_INTERNAL_TEST_18vEUlRKSt6vectorIdSaIdEEE_EENS_14OptimizeResultEOT_RKS2_ISt4pairIddESaISC_EENS_10GivpConfigEENKUlS6_E_clES6_
FN:133,133,_ZZN4givp6detail3runIZL23CATCH2_INTERNAL_TEST_20vEUlRKSt6vectorIdSaIdEEE_EENS_14OptimizeResultEOT_RKS2_ISt4pairIddESaISC_EENS_10GivpConfigEENKUlS6_E_clES6_
FN:133,133,_ZZN4givp6detail3runIZL23CATCH2_INTERNAL_TEST_22vEUlRKSt6vectorIdSaIdEEE_EENS_14OptimizeResultEOT_RKS2_ISt4pairIddESaISC_EENS_10GivpConfigEENKUlS6_E_clES6_
FN:133,133,_ZZN4givp6detail3runIZL23CATCH2_INTERNAL_TEST_24vEUlRKSt6vectorIdSaIdEEE_EENS_14OptimizeResultEOT_RKS2_ISt4pairIddESaISC_EENS_10GivpConfigEENKUlS6_E_clES6_
FN:27,70,_ZN4givp6detail15validate_boundsERKSt6vectorISt4pairIddESaIS3_EERKSt8optionalIS1_IdSaIdEEE
FN:73,108,_ZN4givp6detailL17do_path_relinkingIZNS0_3runIRFdRKSt6vectorIdSaIdEEEEENS_14OptimizeResultEOT_RKS3_ISt4pairIddESaISE_EENS_10GivpConfigEEUlS7_E_EEvRKSB_RKNS0_9ElitePoolERS5_RdmS7_S7_mRSt8optionalINS0_15EvaluationCacheEERNS0_3RngERKSS_INSt6chrono10time_pointINSY_3_V212steady_clockENSY_8durationIlSt5ratioILl1ELl1000000000EEEEEEE
FN:73,108,_ZN4givp6detailL17do_path_relinkingIZNS0_3runIRZL22CATCH2_INTERNAL_TEST_6vEUlRKSt6vectorIdSaIdEEE_EENS_14OptimizeResultEOT_RKS3_ISt4pairIddESaISE_EENS_10GivpConfigEEUlS7_E_EEvRKSB_RKNS0_9ElitePoolERS5_RdmS7_S7_mRSt8optionalINS0_15EvaluationCacheEERNS0_3RngERKSS_INSt6chrono10time_pointINSY_3_V212steady_clockENSY_8durationIlSt5ratioILl1ELl1000000000EEEEEEE
FN:73,108,_ZN4givp6detailL17do_path_relinkingIZNS0_3runIRZL22CATCH2_INTERNAL_TEST_8vEUlRKSt6vectorIdSaIdEEE_EENS_14OptimizeResultEOT_RKS3_ISt4pairIddESaISE_EENS_10GivpConfigEEUlS7_E_EEvRKSB_RKNS0_9ElitePoolERS5_RdmS7_S7_mRSt8optionalINS0_15EvaluationCacheEERNS0_3RngERKSS_INSt6chrono10time_pointINSY_3_V212steady_clockENSY_8durationIlSt5ratioILl1ELl1000000000EEEEEEE
FN:73,108,_ZN4givp6detailL17do_path_relinkingIZNS0_3runIRZL23CATCH2_INTERNAL_TEST_12vEUlRKSt6vectorIdSaIdEEE_EENS_14OptimizeResultEOT_RKS3_ISt4pairIddESaISE_EENS_10GivpConfigEEUlS7_E_EEvRKSB_RKNS0_9ElitePoolERS5_RdmS7_S7_mRSt8optionalINS0_15EvaluationCacheEERNS0_3RngERKSS_INSt6chrono10time_pointINSY_3_V212steady_clockENSY_8durationIlSt5ratioILl1ELl1000000000EEEEEEE
FN:73,108,_ZN4givp6detailL17do_path_relinkingIZNS0_3runIRZL23CATCH2_INTERNAL_TEST_14vEUlRKSt6vectorIdSaIdEEE_EENS_14OptimizeResultEOT_RKS3_ISt4pairIddESaISE_EENS_10GivpConfigEEUlS7_E_EEvRKSB_RKNS0_9ElitePoolERS5_RdmS7_S7_mRSt8optionalINS0_15EvaluationCacheEERNS0_3RngERKSS_INSt6chrono10time_pointINSY_3_V212steady_clockENSY_8durationIlSt5ratioILl1ELl1000000000EEEEEEE
FN:73,108,_ZN4givp6detailL17do_path_relinkingIZNS0_3runIRZL23CATCH2_INTERNAL_TEST_16vEUlRKSt6vectorIdSaIdEEE_EENS_14OptimizeResultEOT_RKS3_ISt4pairIddESaISE_EENS_10GivpConfigEEUlS7_E_EEvRKSB_RKNS0_9ElitePoolERS5_RdmS7_S7_mRSt8optionalINS0_15EvaluationCacheEERNS0_3RngERKSS_INSt6chrono10time_pointINSY_3_V212steady_clockENSY_8durationIlSt5ratioILl1ELl1000000000EEEEEEE
FN:73,108,_ZN4givp6detailL17do_path_relinkingIZNS0_3runIRZL23CATCH2_INTERNAL_TEST_28vEUlRKSt6vectorIdSaIdEEE_EENS_14OptimizeResultEOT_RKS3_ISt4pairIddESaISE_EENS_10GivpConfigEEUlS7_E_EEvRKSB_RKNS0_9ElitePoolERS5_RdmS7_S7_mRSt8optionalINS0_15EvaluationCacheEERNS0_3RngERKSS_INSt6chrono10time_pointINSY_3_V212steady_clockENSY_8durationIlSt5ratioILl1ELl1000000000EEEEEEE
FN:73,108,_ZN4givp6detailL17do_path_relinkingIZNS0_3runIRZL23CATCH2_INTERNAL_TEST_42vEUlRKSt6vectorIdSaIdEEE_EENS_14OptimizeResultEOT_RKS3_ISt4pairIddESaISE_EENS_10GivpConfigEEUlS7_E_EEvRKSB_RKNS0_9ElitePoolERS5_RdmS7_S7_mRSt8optionalINS0_15EvaluationCacheEERNS0_3RngERKSS_INSt6chrono10time_pointINSY_3_V212steady_clockENSY_8durationIlSt5ratioILl1ELl1000000000EEEEEEE
FN:73,108,_ZN4givp6detailL17do_path_relinkingIZNS0_3runIRZL23CATCH2_INTERNAL_TEST_44vEUlRKSt6vectorIdSaIdEEE_EENS_14OptimizeResultEOT_RKS3_ISt4pairIddESaISE_EENS_10GivpConfigEEUlS7_E_EEvRKSB_RKNS0_9ElitePoolERS5_RdmS7_S7_mRSt8optionalINS0_15EvaluationCacheEERNS0_3RngERKSS_INSt6chrono10time_pointINSY_3_V212steady_clockENSY_8durationIlSt5ratioILl1ELl1000000000EEEEEEE
FN:73,108,_ZN4givp6detailL17do_path_relinkingIZNS0_3runIZL23CATCH2_INTERNAL_TEST_16vEUlRKSt6vectorIdSaIdEEE_EENS_14OptimizeResultEOT_RKS3_ISt4pairIddESaISD_EENS_10GivpConfigEEUlS7_E_EEvRKSA_RKNS0_9ElitePoolERS5_RdmS7_S7_mRSt8optionalINS0_15EvaluationCacheEERNS0_3RngERKSR_INSt6chrono10time_pointINSX_3_V212steady_clockENSX_8durationIlSt5ratioILl1ELl1000000000EEEEEEE
FN:73,108,_ZN4givp6detailL17do_path_relinkingIZNS0_3runIZL23CATCH2_INTERNAL_TEST_18vEUlRKSt6vectorIdSaIdEEE_EENS_14OptimizeResultEOT_RKS3_ISt4pairIddESaISD_EENS_10GivpConfigEEUlS7_E_EEvRKSA_RKNS0_9ElitePoolERS5_RdmS7_S7_mRSt8optionalINS0_15EvaluationCacheEERNS0_3RngERKSR_INSt6chrono10time_pointINSX_3_V212steady_clockENSX_8durationIlSt5ratioILl1ELl1000000000EEEEEEE
FN:73,108,_ZN4givp6detailL17do_path_relinkingIZNS0_3runIZL23CATCH2_INTERNAL_TEST_20vEUlRKSt6vectorIdSaIdEEE_EENS_14OptimizeResultEOT_RKS3_ISt4pairIddESaISD_EENS_10GivpConfigEEUlS7_E_EEvRKSA_RKNS0_9ElitePoolERS5_RdmS7_S7_mRSt8optionalINS0_15EvaluationCacheEERNS0_3RngERKSR_INSt6chrono10time_pointINSX_3_V212steady_clockENSX_8durationIlSt5ratioILl1ELl1000000000EEEEEEE
FN:73,108,_ZN4givp6detailL17do_path_relinkingIZNS0_3runIZL23CATCH2_INTERNAL_TEST_22vEUlRKSt6vectorIdSaIdEEE_EENS_14OptimizeResultEOT_RKS3_ISt4pairIddESaISD_EENS_10GivpConfigEEUlS7_E_EEvRKSA_RKNS0_9ElitePoolERS5_RdmS7_S7_mRSt8optionalINS0_15EvaluationCacheEERNS0_3RngERKSR_INSt6chrono10time_pointINSX_3_V212steady_clockENSX_8durationIlSt5ratioILl1ELl1000000000EEEEEEE
FN:73,108,_ZN4givp6detailL17do_path_relinkingIZNS0_3runIZL23CATCH2_INTERNAL_TEST_24vEUlRKSt6vectorIdSaIdEEE_EENS_14OptimizeResultEOT_RKS3_ISt4pairIddESaISD_EENS_10GivpConfigEEUlS7_E_EEvRKSA_RKNS0_9ElitePoolERS5_RdmS7_S7_mRSt8optionalINS0_15EvaluationCacheEERNS0_3RngERKSR_INSt6chrono10time_pointINSX_3_V212steady_clockENSX_8durationIlSt5ratioILl1ELl1000000000EEEEEEE
FNDA:80,_ZN4givp6detail3runIRFdRKSt6vectorIdSaIdEEEEENS_14OptimizeResultEOT_RKS2_ISt4pairIddESaISD_EENS_10GivpConfigE
FNDA:5,_ZN4givp6detail3runIRZL22CATCH2_INTERNAL_TEST_6vEUlRKSt6vectorIdSaIdEEE_EENS_14OptimizeResultEOT_RKS2_ISt4pairIddESaISD_EENS_10GivpConfigE
FNDA:5,_ZN4givp6detail3runIRZL22CATCH2_INTERNAL_TEST_8vEUlRKSt6vectorIdSaIdEEE_EENS_14OptimizeResultEOT_RKS2_ISt4pairIddESaISD_EENS_10GivpConfigE
FNDA:5,_ZN4givp6detail3runIRZL23CATCH2_INTERNAL_TEST_12vEUlRKSt6vectorIdSaIdEEE_EENS_14OptimizeResultEOT_RKS2_ISt4pairIddESaISD_EENS_10GivpConfigE
FNDA:5,_ZN4givp6detail3runIRZL23CATCH2_INTERNAL_TEST_14vEUlRKSt6vectorIdSaIdEEE_EENS_14OptimizeResultEOT_RKS2_ISt4pairIddESaISD_EENS_10GivpConfigE
FNDA:5,_ZN4givp6detail3runIRZL23CATCH2_INTERNAL_TEST_16vEUlRKSt6vectorIdSaIdEEE_EENS_14OptimizeResultEOT_RKS2_ISt4pairIddESaISD_EENS_10GivpConfigE
FNDA:5,_ZN4givp6detail3runIRZL23CATCH2_INTERNAL_TEST_28vEUlRKSt6vectorIdSaIdEEE_EENS_14OptimizeResultEOT_RKS2_ISt4pairIddESaISD_EENS_10GivpConfigE
FNDA:5,_ZN4givp6detail3runIRZL23CATCH2_INTERNAL_TEST_42vEUlRKSt6vectorIdSaIdEEE_EENS_14OptimizeResultEOT_RKS2_ISt4pairIddESaISD_EENS_10GivpConfigE
FNDA:5,_ZN4givp6detail3runIRZL23CATCH2_INTERNAL_TEST_44vEUlRKSt6vectorIdSaIdEEE_EENS_14OptimizeResultEOT_RKS2_ISt4pairIddESaISD_EENS_10GivpConfigE
FNDA:5,_ZN4givp6detail3runIZL23CATCH2_INTERNAL_TEST_16vEUlRKSt6vectorIdSaIdEEE_EENS_14OptimizeResultEOT_RKS2_ISt4pairIddESaISC_EENS_10GivpConfigE
FNDA:5,_ZN4givp6detail3runIZL23CATCH2_INTERNAL_TEST_18vEUlRKSt6vectorIdSaIdEEE_EENS_14OptimizeResultEOT_RKS2_ISt4pairIddESaISC_EENS_10GivpConfigE
FNDA:5,_ZN4givp6detail3runIZL23CATCH2_INTERNAL_TEST_20vEUlRKSt6vectorIdSaIdEEE_EENS_14OptimizeResultEOT_RKS2_ISt4pairIddESaISC_EENS_10GivpConfigE
FNDA:5,_ZN4givp6detail3runIZL23CATCH2_INTERNAL_TEST_22vEUlRKSt6vectorIdSaIdEEE_EENS_14OptimizeResultEOT_RKS2_ISt4pairIddESaISC_EENS_10GivpConfigE
FNDA:5,_ZN4givp6detail3runIZL23CATCH2_INTERNAL_TEST_24vEUlRKSt6vectorIdSaIdEEE_EENS_14OptimizeResultEOT_RKS2_ISt4pairIddESaISC_EENS_10GivpConfigE
FNDA:250936531,_ZZN4givp6detail3runIRFdRKSt6vectorIdSaIdEEEEENS_14OptimizeResultEOT_RKS2_ISt4pairIddESaISD_EENS_10GivpConfigEENKUlS6_E_clES6_
FNDA:16071045,_ZZN4givp6detail3runIRZL22CATCH2_INTERNAL_TEST_6vEUlRKSt6vectorIdSaIdEEE_EENS_14OptimizeResultEOT_RKS2_ISt4pairIddESaISD_EENS_10GivpConfigEENKUlS6_E_clES6_
FNDA:23095570,_ZZN4givp6detail3runIRZL22CATCH2_INTERNAL_TEST_8vEUlRKSt6vectorIdSaIdEEE_EENS_14OptimizeResultEOT_RKS2_ISt4pairIddESaISD_EENS_10GivpConfigEENKUlS6_E_clES6_
FNDA:5005,_ZZN4givp6detail3runIRZL23CATCH2_INTERNAL_TEST_12vEUlRKSt6vectorIdSaIdEEE_EENS_14OptimizeResultEOT_RKS2_ISt4pairIddESaISD_EENS_10GivpConfigEENKUlS6_E_clES6_
FNDA:34495,_ZZN4givp6detail3runIRZL23CATCH2_INTERNAL_TEST_14vEUlRKSt6vectorIdSaIdEEE_EENS_14OptimizeResultEOT_RKS2_ISt4pairIddESaISD_EENS_10GivpConfigEENKUlS6_E_clES6_
FNDA:26130,_ZZN4givp6detail3runIRZL23CATCH2_INTERNAL_TEST_16vEUlRKSt6vectorIdSaIdEEE_EENS_14OptimizeResultEOT_RKS2_ISt4pairIddESaISD_EENS_10GivpConfigEENKUlS6_E_clES6_
FNDA:148395,_ZZN4givp6detail3runIRZL23CATCH2_INTERNAL_TEST_28vEUlRKSt6vectorIdSaIdEEE_EENS_14OptimizeResultEOT_RKS2_ISt4pairIddESaISD_EENS_10GivpConfigEENKUlS6_E_clES6_
FNDA:20075,_ZZN4givp6detail3runIRZL23CATCH2_INTERNAL_TEST_42vEUlRKSt6vectorIdSaIdEEE_EENS_14OptimizeResultEOT_RKS2_ISt4pairIddESaISD_EENS_10GivpConfigEENKUlS6_E_clES6_
FNDA:5360,_ZZN4givp6detail3runIRZL23CATCH2_INTERNAL_TEST_44vEUlRKSt6vectorIdSaIdEEE_EENS_14OptimizeResultEOT_RKS2_ISt4pairIddESaISD_EENS_10GivpConfigEENKUlS6_E_clES6_
FNDA:0,_ZZN4givp6detail3runIZL23CATCH2_INTERNAL_TEST_16vEUlRKSt6vectorIdSaIdEEE_EENS_14OptimizeResultEOT_RKS2_ISt4pairIddESaISC_EENS_10GivpConfigEENKUlS6_E_clES6_
FNDA:0,_ZZN4givp6detail3runIZL23CATCH2_INTERNAL_TEST_18vEUlRKSt6vectorIdSaIdEEE_EENS_14OptimizeResultEOT_RKS2_ISt4pairIddESaISC_EENS_10GivpConfigEENKUlS6_E_clES6_
FNDA:0,_ZZN4givp6detail3runIZL23CATCH2_INTERNAL_TEST_20vEUlRKSt6vectorIdSaIdEEE_EENS_14OptimizeResultEOT_RKS2_ISt4pairIddESaISC_EENS_10GivpConfigEENKUlS6_E_clES6_
FNDA:0,_ZZN4givp6detail3runIZL23CATCH2_INTERNAL_TEST_22vEUlRKSt6vectorIdSaIdEEE_EENS_14OptimizeResultEOT_RKS2_ISt4pairIddESaISC_EENS_10GivpConfigEENKUlS6_E_clES6_
FNDA:0,_ZZN4givp6detail3runIZL23CATCH2_INTERNAL_TEST_24vEUlRKSt6vectorIdSaIdEEE_EENS_14OptimizeResultEOT_RKS2_ISt4pairIddESaISC_EENS_10GivpConfigEENKUlS6_E_clES6_
FNDA:145,_ZN4givp6detail15validate_boundsERKSt6vectorISt4pairIddESaIS3_EERKSt8optionalIS1_IdSaIdEEE
FNDA:315,_ZN4givp6detailL17do_path_relinkingIZNS0_3runIRFdRKSt6vectorIdSaIdEEEEENS_14OptimizeResultEOT_RKS3_ISt4pairIddESaISE_EENS_10GivpConfigEEUlS7_E_EEvRKSB_RKNS0_9ElitePoolERS5_RdmS7_S7_mRSt8optionalINS0_15EvaluationCacheEERNS0_3RngERKSS_INSt6chrono10time_pointINSY_3_V212steady_clockENSY_8durationIlSt5ratioILl1ELl1000000000EEEEEEE
FNDA:10,_ZN4givp6detailL17do_path_relinkingIZNS0_3runIRZL22CATCH2_INTERNAL_TEST_6vEUlRKSt6vectorIdSaIdEEE_EENS_14OptimizeResultEOT_RKS3_ISt4pairIddESaISE_EENS_10GivpConfigEEUlS7_E_EEvRKSB_RKNS0_9ElitePoolERS5_RdmS7_S7_mRSt8optionalINS0_15EvaluationCacheEERNS0_3RngERKSS_INSt6chrono10time_pointINSY_3_V212steady_clockENSY_8durationIlSt5ratioILl1ELl1000000000EEEEEEE
FNDA:15,_ZN4givp6detailL17do_path_relinkingIZNS0_3runIRZL22CATCH2_INTERNAL_TEST_8vEUlRKSt6vectorIdSaIdEEE_EENS_14OptimizeResultEOT_RKS3_ISt4pairIddESaISE_EENS_10GivpConfigEEUlS7_E_EEvRKSB_RKNS0_9ElitePoolERS5_RdmS7_S7_mRSt8optionalINS0_15EvaluationCacheEERNS0_3RngERKSS_INSt6chrono10time_pointINSY_3_V212steady_clockENSY_8durationIlSt5ratioILl1ELl1000000000EEEEEEE
FNDA:25,_ZN4givp6detailL17do_path_relinkingIZNS0_3runIRZL23CATCH2_INTERNAL_TEST_12vEUlRKSt6vectorIdSaIdEEE_EENS_14OptimizeResultEOT_RKS3_ISt4pairIddESaISE_EENS_10GivpConfigEEUlS7_E_EEvRKSB_RKNS0_9ElitePoolERS5_RdmS7_S7_mRSt8optionalINS0_15EvaluationCacheEERNS0_3RngERKSS_INSt6chrono10time_pointINSY_3_V212steady_clockENSY_8durationIlSt5ratioILl1ELl1000000000EEEEEEE
FNDA:10,_ZN4givp6detailL17do_path_relinkingIZNS0_3runIRZL23CATCH2_INTERNAL_TEST_14vEUlRKSt6vectorIdSaIdEEE_EENS_14OptimizeResultEOT_RKS3_ISt4pairIddESaISE_EENS_10GivpConfigEEUlS7_E_EEvRKSB_RKNS0_9ElitePoolERS5_RdmS7_S7_mRSt8optionalINS0_15EvaluationCacheEERNS0_3RngERKSS_INSt6chrono10time_pointINSY_3_V212steady_clockENSY_8durationIlSt5ratioILl1ELl1000000000EEEEEEE
FNDA:10,_ZN4givp6detailL17do_path_relinkingIZNS0_3runIRZL23CATCH2_INTERNAL_TEST_16vEUlRKSt6vectorIdSaIdEEE_EENS_14OptimizeResultEOT_RKS3_ISt4pairIddESaISE_EENS_10GivpConfigEEUlS7_E_EEvRKSB_RKNS0_9ElitePoolERS5_RdmS7_S7_mRSt8optionalINS0_15EvaluationCacheEERNS0_3RngERKSS_INSt6chrono10time_pointINSY_3_V212steady_clockENSY_8durationIlSt5ratioILl1ELl1000000000EEEEEEE
FNDA:0,_ZN4givp6detailL17do_path_relinkingIZNS0_3runIRZL23CATCH2_INTERNAL_TEST_28vEUlRKSt6vectorIdSaIdEEE_EENS_14OptimizeResultEOT_RKS3_ISt4pairIddESaISE_EENS_10GivpConfigEEUlS7_E_EEvRKSB_RKNS0_9ElitePoolERS5_RdmS7_S7_mRSt8optionalINS0_15EvaluationCacheEERNS0_3RngERKSS_INSt6chrono10time_pointINSY_3_V212steady_clockENSY_8durationIlSt5ratioILl1ELl1000000000EEEEEEE
FNDA:0,_ZN4givp6detailL17do_path_relinkingIZNS0_3runIRZL23CATCH2_INTERNAL_TEST_42vEUlRKSt6vectorIdSaIdEEE_EENS_14OptimizeResultEOT_RKS3_ISt4pairIddESaISE_EENS_10GivpConfigEEUlS7_E_EEvRKSB_RKNS0_9ElitePoolERS5_RdmS7_S7_mRSt8optionalINS0_15EvaluationCacheEERNS0_3RngERKSS_INSt6chrono10time_pointINSY_3_V212steady_clockENSY_8durationIlSt5ratioILl1ELl1000000000EEEEEEE
FNDA:45,_ZN4givp6detailL17do_path_relinkingIZNS0_3runIRZL23CATCH2_INTERNAL_TEST_44vEUlRKSt6vectorIdSaIdEEE_EENS_14OptimizeResultEOT_RKS3_ISt4pairIddESaISE_EENS_10GivpConfigEEUlS7_E_EEvRKSB_RKNS0_9ElitePoolERS5_RdmS7_S7_mRSt8optionalINS0_15EvaluationCacheEERNS0_3RngERKSS_INSt6chrono10time_pointINSY_3_V212steady_clockENSY_8durationIlSt5ratioILl1ELl1000000000EEEEEEE
FNDA:0,_ZN4givp6detailL17do_path_relinkingIZNS0_3runIZL23CATCH2_INTERNAL_TEST_16vEUlRKSt6vectorIdSaIdEEE_EENS_14OptimizeResultEOT_RKS3_ISt4pairIddESaISD_EENS_10GivpConfigEEUlS7_E_EEvRKSA_RKNS0_9ElitePoolERS5_RdmS7_S7_mRSt8optionalINS0_15EvaluationCacheEERNS0_3RngERKSR_INSt6chrono10time_pointINSX_3_V212steady_clockENSX_8durationIlSt5ratioILl1ELl1000000000EEEEEEE
FNDA:0,_ZN4givp6detailL17do_path_relinkingIZNS0_3runIZL23CATCH2_INTERNAL_TEST_18vEUlRKSt6vectorIdSaIdEEE_EENS_14OptimizeResultEOT_RKS3_ISt4pairIddESaISD_EENS_10GivpConfigEEUlS7_E_EEvRKSA_RKNS0_9ElitePoolERS5_RdmS7_S7_mRSt8optionalINS0_15EvaluationCacheEERNS0_3RngERKSR_INSt6chrono10time_pointINSX_3_V212steady_clockENSX_8durationIlSt5ratioILl1ELl1000000000EEEEEEE
FNDA:0,_ZN4givp6detailL17do_path_relinkingIZNS0_3runIZL23CATCH2_INTERNAL_TEST_20vEUlRKSt6vectorIdSaIdEEE_EENS_14OptimizeResultEOT_RKS3_ISt4pairIddESaISD_EENS_10GivpConfigEEUlS7_E_EEvRKSA_RKNS0_9ElitePoolERS5_RdmS7_S7_mRSt8optionalINS0_15EvaluationCacheEERNS0_3RngERKSR_INSt6chrono10time_pointINSX_3_V212steady_clockENSX_8durationIlSt5ratioILl1ELl1000000000EEEEEEE
FNDA:0,_ZN4givp6detailL17do_path_relinkingIZNS0_3runIZL23CATCH2_INTERNAL_TEST_22vEUlRKSt6vectorIdSaIdEEE_EENS_14OptimizeResultEOT_RKS3_ISt4pairIddESaISD_EENS_10GivpConfigEEUlS7_E_EEvRKSA_RKNS0_9ElitePoolERS5_RdmS7_S7_mRSt8optionalINS0_15EvaluationCacheEERNS0_3RngERKSR_INSt6chrono10time_pointINSX_3_V212steady_clockENSX_8durationIlSt5ratioILl1ELl1000000000EEEEEEE
FNDA:0,_ZN4givp6detailL17do_path_relinkingIZNS0_3runIZL23CATCH2_INTERNAL_TEST_24vEUlRKSt6vectorIdSaIdEEE_EENS_14OptimizeResultEOT_RKS3_ISt4pairIddESaISD_EENS_10GivpConfigEEUlS7_E_EEvRKSA_RKNS0_9ElitePoolERS5_RdmS7_S7_mRSt8optionalINS0_15EvaluationCacheEERNS0_3RngERKSR_INSt6chrono10time_pointINSX_3_V212steady_clockENSX_8durationIlSt5ratioILl1ELl1000000000EEEEEEE
FNF:43
FNH:31
DA:27,145
DA:32,145
DA:33,15
DA:35,140
DA:36,140
DA:37,140
DA:39,790
DA:41,660
DA:42,660
DA:43,10
DA:44,20
DA:45,15
DA:46,655
DA:47,5
DA:48,650
DA:49,650
DA:52,130
DA:54,25
DA:56,10
DA:57,15
DA:58,75
DA:60,60
DA:61,60
DA:63,10
DA:64,20
DA:65,20
DA:66,15
DA:69,240
DA:70,160
DA:73,430
DA:84,430
DA:85,430
DA:87,1445
DA:89,2365
DA:91,1350
DA:92,0
DA:94,1350
DA:95,1350
DA:98,1350
DA:101,1350
DA:103,55
DA:104,55
DA:112,145
DA:116,145
DA:118,145
DA:119,120
DA:123,120
DA:125,120
DA:128,120
DA:132,120
DA:133,290342726
DA:135,251022591
DA:136,251022591
DA:137,290334206
DA:140,120
DA:141,120
DA:142,120
DA:143,115
DA:145,120
DA:146,120
DA:147,120
DA:148,85
DA:150,120
DA:151,120
DA:152,5
DA:153,5
DA:154,10
DA:157,120
DA:160,120
DA:162,15
DA:163,15
DA:164,15
DA:168,105
DA:169,105
DA:173,105
DA:174,105
DA:175,105
DA:177,120
DA:178,120
DA:180,120
DA:181,120
DA:182,120
DA:185,5130
DA:187,2510
DA:189,5
DA:190,5
DA:192,2505
DA:194,5010
DA:197,2505
DA:199,2505
DA:200,2505
DA:201,120
DA:202,2625
DA:206,2505
DA:209,2505
DA:213,2505
DA:215,2505
DA:221,2505
DA:227,2505
DA:229,203
DA:230,203
DA:231,203
DA:235,2302
DA:238,2505
DA:239,2505
DA:242,2505
DA:243,2505
DA:245,2030
DA:246,2030
DA:247,2030
DA:249,0
DA:250,0
DA:251,0
DA:252,0
DA:253,0
DA:254,0
DA:259,2505
DA:260,5505
DA:261,495
DA:263,430
DA:269,2505
DA:271,289
DA:272,289
DA:276,289
DA:279,289
DA:283,289
DA:285,5
DA:286,5
DA:288,289
DA:289,289
DA:292,4535
DA:293,2030
DA:295,0
DA:296,0
DA:299,2505
DA:300,115
DA:304,120
DA:306,120
DA:307,120
DA:308,120
DA:309,120
DA:310,120
DA:311,120
DA:312,120
DA:313,120
DA:314,120
DA:315,240
DA:316,120
LF:148
LH:139
end_of_record
TN:
SF:/workspace/cpp/include/givp/detail/pr.hpp
FN:21,63,_ZN4givp6detailL19path_relinking_bestIZL23CATCH2_INTERNAL_TEST_38vEUlRKSt6vectorIdSaIdEEE_EESt4pairIS4_dERKT_S6_S6_S2_ImSaImEERSt8optionalINS0_15EvaluationCacheEEmRKSF_INSt6chrono10time_pointINSJ_3_V212steady_clockENSJ_8durationIlSt5ratioILl1ELl1000000000EEEEEEE
FN:21,63,_ZN4givp6detailL19path_relinking_bestIZL23CATCH2_INTERNAL_TEST_40vEUlRKSt6vectorIdSaIdEEE_EESt4pairIS4_dERKT_S6_S6_S2_ImSaImEERSt8optionalINS0_15EvaluationCacheEEmRKSF_INSt6chrono10time_pointINSJ_3_V212steady_clockENSJ_8durationIlSt5ratioILl1ELl1000000000EEEEEEE
FN:21,63,_ZN4givp6detailL19path_relinking_bestIZNS0_3runIRFdRKSt6vectorIdSaIdEEEEENS_14OptimizeResultEOT_RKS3_ISt4pairIddESaISE_EENS_10GivpConfigEEUlS7_E_EESD_IS5_dERKSB_S7_S7_S3_ImSaImEERSt8optionalINS0_15EvaluationCacheEEmRKSQ_INSt6chrono10time_pointINSU_3_V212steady_clockENSU_8durationIlSt5ratioILl1ELl1000000000EEEEEEE
FN:21,63,_ZN4givp6detailL19path_relinking_bestIZNS0_3runIRZL22CATCH2_INTERNAL_TEST_6vEUlRKSt6vectorIdSaIdEEE_EENS_14OptimizeResultEOT_RKS3_ISt4pairIddESaISE_EENS_10GivpConfigEEUlS7_E_EESD_IS5_dERKSB_S7_S7_S3_ImSaImEERSt8optionalINS0_15EvaluationCacheEEmRKSQ_INSt6chrono10time_pointINSU_3_V212steady_clockENSU_8durationIlSt5ratioILl1ELl1000000000EEEEEEE
FN:21,63,_ZN4givp6detailL19path_relinking_bestIZNS0_3runIRZL22CATCH2_INTERNAL_TEST_8vEUlRKSt6vectorIdSaIdEEE_EENS_14OptimizeResultEOT_RKS3_ISt4pairIddESaISE_EENS_10GivpConfigEEUlS7_E_EESD_IS5_dERKSB_S7_S7_S3_ImSaImEERSt8optionalINS0_15EvaluationCacheEEmRKSQ_INSt6chrono10time_pointINSU_3_V212steady_clockENSU_8durationIlSt5ratioILl1ELl1000000000EEEEEEE
FN:21,63,_ZN4givp6detailL19path_relinking_bestIZNS0_3runIRZL23CATCH2_INTERNAL_TEST_12vEUlRKSt6vectorIdSaIdEEE_EENS_14OptimizeResultEOT_RKS3_ISt4pairIddESaISE_EENS_10GivpConfigEEUlS7_E_EESD_IS5_dERKSB_S7_S7_S3_ImSaImEERSt8optionalINS0_15EvaluationCacheEEmRKSQ_INSt6chrono10time_pointINSU_3_V212steady_clockENSU_8durationIlSt5ratioILl1ELl1000000000EEEEEEE
FN:21,63,_ZN4givp6detailL19path_relinking_bestIZNS0_3runIRZL23CATCH2_INTERNAL_TEST_14vEUlRKSt6vectorIdSaIdEEE_EENS_14OptimizeResultEOT_RKS3_ISt4pairIddESaISE_EENS_10GivpConfigEEUlS7_E_EESD_IS5_dERKSB_S7_S7_S3_ImSaImEERSt8optionalINS0_15EvaluationCacheEEmRKSQ_INSt6chrono10time_pointINSU_3_V212steady_clockENSU_8durationIlSt5ratioILl1ELl1000000000EEEEEEE
FN:21,63,_ZN4givp6detailL19path_relinking_bestIZNS0_3runIRZL23CATCH2_INTERNAL_TEST_16vEUlRKSt6vectorIdSaIdEEE_EENS_14OptimizeResultEOT_RKS3_ISt4pairIddESaISE_EENS_10GivpConfigEEUlS7_E_EESD_IS5_dERKSB_S7_S7_S3_ImSaImEERSt8optionalINS0_15EvaluationCacheEEmRKSQ_INSt6chrono10time_pointINSU_3_V212steady_clockENSU_8durationIlSt5ratioILl1ELl1000000000EEEEEEE
FN:21,63,_ZN4givp6detailL19path_relinking_bestIZNS0_3runIRZL23CATCH2_INTERNAL_TEST_28vEUlRKSt6vectorIdSaIdEEE_EENS_14OptimizeResultEOT_RKS3_ISt4pairIddESaISE_EENS_10GivpConfigEEUlS7_E_EESD_IS5_dERKSB_S7_S7_S3_ImSaImEERSt8optionalINS0_15EvaluationCacheEEmRKSQ_INSt6chrono10time_pointINSU_3_V212steady_clockENSU_8durationIlSt5ratioILl1ELl1000000000EEEEEEE
FN:21,63,_ZN4givp6detailL19path_relinking_bestIZNS0_3runIRZL23CATCH2_INTERNAL_TEST_42vEUlRKSt6vectorIdSaIdEEE_EENS_14OptimizeResultEOT_RKS3_ISt4pairIddESaISE_EENS_10GivpConfigEEUlS7_E_EESD_IS5_dERKSB_S7_S7_S3_ImSaImEERSt8optionalINS0_15EvaluationCacheEEmRKSQ_INSt6chrono10time_pointINSU_3_V212steady_clockENSU_8durationIlSt5ratioILl1ELl1000000000EEEEEEE
FN:21,63,_ZN4givp6detailL19path_relinking_bestIZNS0_3runIRZL23CATCH2_INTERNAL_TEST_44vEUlRKSt6vectorIdSaIdEEE_EENS_14OptimizeResultEOT_RKS3_ISt4pairIddESaISE_EENS_10GivpConfigEEUlS7_E_EESD_IS5_dERKSB_S7_S7_S3_ImSaImEERSt8optionalINS0_15EvaluationCacheEEmRKSQ_INSt6chrono10time_pointINSU_3_V212steady_clockENSU_8durationIlSt5ratioILl1ELl1000000000EEEEEEE
FN:21,63,_ZN4givp6detailL19path_relinking_bestIZNS0_3runIZL23CATCH2_INTERNAL_TEST_16vEUlRKSt6vectorIdSaIdEEE_EENS_14OptimizeResultEOT_RKS3_ISt4pairIddESaISD_EENS_10GivpConfigEEUlS7_E_EESC_IS5_dERKSA_S7_S7_S3_ImSaImEERSt8optionalINS0_15EvaluationCacheEEmRKSP_INSt6chrono10time_pointINST_3_V212steady_clockENST_8durationIlSt5ratioILl1ELl1000000000EEEEEEE
FN:21,63,_ZN4givp6detailL19path_relinking_bestIZNS0_3runIZL23CATCH2_INTERNAL_TEST_18vEUlRKSt6vectorIdSaIdEEE_EENS_14OptimizeResultEOT_RKS3_ISt4pairIddESaISD_EENS_10GivpConfigEEUlS7_E_EESC_IS5_dERKSA_S7_S7_S3_ImSaImEERSt8optionalINS0_15EvaluationCacheEEmRKSP_INSt6chrono10time_pointINST_3_V212steady_clockENST_8durationIlSt5ratioILl1ELl1000000000EEEEEEE
FN:21,63,_ZN4givp6detailL19path_relinking_bestIZNS0_3runIZL23CATCH2_INTERNAL_TEST_20vEUlRKSt6vectorIdSaIdEEE_EENS_14OptimizeResultEOT_RKS3_ISt4pairIddESaISD_EENS_10GivpConfigEEUlS7_E_EESC_IS5_dERKSA_S7_S7_S3_ImSaImEERSt8optionalINS0_15EvaluationCacheEEmRKSP_INSt6chrono10time_pointINST_3_V212steady_clockENST_8durationIlSt5ratioILl1ELl1000000000EEEEEEE
FN:21,63,_ZN4givp6detailL19path_relinking_bestIZNS0_3runIZL23CATCH2_INTERNAL_TEST_22vEUlRKSt6vectorIdSaIdEEE_EENS_14OptimizeResultEOT_RKS3_ISt4pairIddESaISD_EENS_10GivpConfigEEUlS7_E_EESC_IS5_dERKSA_S7_S7_S3_ImSaImEERSt8optionalINS0_15EvaluationCacheEEmRKSP_INSt6chrono10time_pointINST_3_V212steady_clockENST_8durationIlSt5ratioILl1ELl1000000000EEEEEEE
FN:21,63,_ZN4givp6detailL19path_relinking_bestIZNS0_3runIZL23CATCH2_INTERNAL_TEST_24vEUlRKSt6vectorIdSaIdEEE_EENS_14OptimizeResultEOT_RKS3_ISt4pairIddESaISD_EENS_10GivpConfigEEUlS7_E_EESC_IS5_dERKSA_S7_S7_S3_ImSaImEERSt8optionalINS0_15EvaluationCacheEEmRKSP_INSt6chrono10time_pointINST_3_V212steady_clockENST_8durationIlSt5ratioILl1ELl1000000000EEEEEEE
FN:67,109,_ZN4givp6detail28bidirectional_path_relinkingIZL23CATCH2_INTERNAL_TEST_38vEUlRKSt6vectorIdSaIdEEE_NS0_3RngEEESt4pairIS4_dERKT_S6_S6_mRSt8optionalINS0_15EvaluationCacheEERT0_RKSE_INSt6chrono10time_pointINSK_3_V212steady_clockENSK_8durationIlSt5ratioILl1ELl1000000000EEEEEEE
FN:67,109,_ZN4givp6detail28bidirectional_path_relinkingIZL23CATCH2_INTERNAL_TEST_40vEUlRKSt6vectorIdSaIdEEE_NS0_3RngEEESt4pairIS4_dERKT_S6_S6_mRSt8optionalINS0_15EvaluationCacheEERT0_RKSE_INSt6chrono10time_pointINSK_3_V212steady_clockENSK_8durationIlSt5ratioILl1ELl1000000000EEEEEEE
FN:67,109,_ZN4givp6detail28bidirectional_path_relinkingIZNS0_3runIRFdRKSt6vectorIdSaIdEEEEENS_14OptimizeResultEOT_RKS3_ISt4pairIddESaISE_EENS_10GivpConfigEEUlS7_E_NS0_3RngEEESD_IS5_dERKSB_S7_S7_mRSt8optionalINS0_15EvaluationCacheEERT0_RKSP_INSt6chrono10time_pointINSV_3_V212steady_clockENSV_8durationIlSt5ratioILl1ELl1000000000EEEEEEE
FN:67,109,_ZN4givp6detail28bidirectional_path_relinkingIZNS0_3runIRZL22CATCH2_INTERNAL_TEST_6vEUlRKSt6vectorIdSaIdEEE_EENS_14OptimizeResultEOT_RKS3_ISt4pairIddESaISE_EENS_10GivpConfigEEUlS7_E_NS0_3RngEEESD_IS5_dERKSB_S7_S7_mRSt8optionalINS0_15EvaluationCacheEERT0_RKSP_INSt6chrono10time_pointINSV_3_V212steady_clockENSV_8durationIlSt5ratioILl1ELl1000000000EEEEEEE
FN:67,109,_ZN4givp6detail28bidirectional_path_relinkingIZNS0_3runIRZL22CATCH2_INTERNAL_TEST_8vEUlRKSt6vectorIdSaIdEEE_EENS_14OptimizeResultEOT_RKS3_ISt4pairIddESaISE_EENS_10GivpConfigEEUlS7_E_NS0_3RngEEESD_IS5_dERKSB_S7_S7_mRSt8optionalINS0_15EvaluationCacheEERT0_RKSP_INSt6chrono10time_pointINSV_3_V212steady_clockENSV_8durationIlSt5ratioILl1ELl1000000000EEEEEEE
FN:67,109,_ZN4givp6detail28bidirectional_path_relinkingIZNS0_3runIRZL23CATCH2_INTERNAL_TEST_12vEUlRKSt6vectorIdSaIdEEE_EENS_14OptimizeResultEOT_RKS3_ISt4pairIddESaISE_EENS_10GivpConfigEEUlS7_E_NS0_3RngEEESD_IS5_dERKSB_S7_S7_mRSt8optionalINS0_15EvaluationCacheEERT0_RKSP_INSt6chrono10time_pointINSV_3_V212steady_clockENSV_8durationIlSt5ratioILl1ELl1000000000EEEEEEE
FN:67,109,_ZN4givp6detail28bidirectional_path_relinkingIZNS0_3runIRZL23CATCH2_INTERNAL_TEST_14vEUlRKSt6vectorIdSaIdEEE_EENS_14OptimizeResultEOT_RKS3_ISt4pairIddESaISE_EENS_10GivpConfigEEUlS7_E_NS0_3RngEEESD_IS5_dERKSB_S7_S7_mRSt8optionalINS0_15EvaluationCacheEERT0_RKSP_INSt6chrono10time_pointINSV_3_V212steady_clockENSV_8durationIlSt5ratioILl1ELl1000000000EEEEEEE
FN:67,109,_ZN4givp6detail28bidirectional_path_relinkingIZNS0_3runIRZL23CATCH2_INTERNAL_TEST_16vEUlRKSt6vectorIdSaIdEEE_EENS_14OptimizeResultEOT_RKS3_ISt4pairIddESaISE_EENS_10GivpConfigEEUlS7_E_NS0_3RngEEESD_IS5_dERKSB_S7_S7_mRSt8optionalINS0_15EvaluationCacheEERT0_RKSP_INSt6chrono10time_pointINSV_3_V212steady_clockENSV_8durationIlSt5ratioILl1ELl1000000000EEEEEEE
FN:67,109,_ZN4givp6detail28bidirectional_path_relinkingIZNS0_3runIRZL23CATCH2_INTERNAL_TEST_28vEUlRKSt6vectorIdSaIdEEE_EENS_14OptimizeResultEOT_RKS3_ISt4pairIddESaISE_EENS_10GivpConfigEEUlS7_E_NS0_3RngEEESD_IS5_dERKSB_S7_S7_mRSt8optionalINS0_15EvaluationCacheEERT0_RKSP_INSt6chrono10time_pointINSV_3_V212steady_clockENSV_8durationIlSt5ratioILl1ELl1000000000EEEEEEE
FN:67,109,_ZN4givp6detail28bidirectional_path_relinkingIZNS0_3runIRZL23CATCH2_INTERNAL_TEST_42vEUlRKSt6vectorIdSaIdEEE_EENS_14OptimizeResultEOT_RKS3_ISt4pairIddESaISE_EENS_10GivpConfigEEUlS7_E_NS0_3RngEEESD_IS5_dERKSB_S7_S7_mRSt8optionalINS0_15EvaluationCacheEERT0_RKSP_INSt6chrono10time_pointINSV_3_V212steady_clockENSV_8durationIlSt5ratioILl1ELl1000000000EEEEEEE
FN:67,109,_ZN4givp6detail28bidirectional_path_relinkingIZNS0_3runIRZL23CATCH2_INTERNAL_TEST_44vEUlRKSt6vectorIdSaIdEEE_EENS_14OptimizeResultEOT_RKS3_ISt4pairIddESaISE_EENS_10GivpConfigEEUlS7_E_NS0_3RngEEESD_IS5_dERKSB_S7_S7_mRSt8optionalINS0_15EvaluationCacheEERT0_RKSP_INSt6chrono10time_pointINSV_3_V212steady_clockENSV_8durationIlSt5ratioILl1ELl1000000000EEEEEEE
FN:67,109,_ZN4givp6detail28bidirectional_path_relinkingIZNS0_3runIZL23CATCH2_INTERNAL_TEST_16vEUlRKSt6vectorIdSaIdEEE_EENS_14OptimizeResultEOT_RKS3_ISt4pairIddESaISD_EENS_10GivpConfigEEUlS7_E_NS0_3RngEEESC_IS5_dERKSA_S7_S7_mRSt8optionalINS0_15EvaluationCacheEERT0_RKSO_INSt6chrono10time_pointINSU_3_V212steady_clockENSU_8durationIlSt5ratioILl1ELl1000000000EEEEEEE
FN:67,109,_ZN4givp6detail28bidirectional_path_relinkingIZNS0_3runIZL23CATCH2_INTERNAL_TEST_18vEUlRKSt6vectorIdSaIdEEE_EENS_14OptimizeResultEOT_RKS3_ISt4pairIddESaISD_EENS_10GivpConfigEEUlS7_E_NS0_3RngEEESC_IS5_dERKSA_S7_S7_mRSt8optionalINS0_15EvaluationCacheEERT0_RKSO_INSt6chrono10time_pointINSU_3_V212steady_clockENSU_8durationIlSt5ratioILl1ELl1000000000EEEEEEE
FN:67,109,_ZN4givp6detail28bidirectional_path_relinkingIZNS0_3runIZL23CATCH2_INTERNAL_TEST_20vEUlRKSt6vectorIdSaIdEEE_EENS_14OptimizeResultEOT_RKS3_ISt4pairIddESaISD_EENS_10GivpConfigEEUlS7_E_NS0_3RngEEESC_IS5_dERKSA_S7_S7_mRSt8optionalINS0_15EvaluationCacheEERT0_RKSO_INSt6chrono10time_pointINSU_3_V212steady_clockENSU_8durationIlSt5ratioILl1ELl1000000000EEEEEEE
FN:67,109,_ZN4givp6detail28bidirectional_path_relinkingIZNS0_3runIZL23CATCH2_INTERNAL_TEST_22vEUlRKSt6vectorIdSaIdEEE_EENS_14OptimizeResultEOT_RKS3_ISt4pairIddESaISD_EENS_10GivpConfigEEUlS7_E_NS0_3RngEEESC_IS5_dERKSA_S7_S7_mRSt8optionalINS0_15EvaluationCacheEERT0_RKSO_INSt6chrono10time_pointINSU_3_V212steady_clockENSU_8durationIlSt5ratioILl1ELl1000000000EEEEEEE
FN:67,109,_ZN4givp6detail28bidirectional_path_relinkingIZNS0_3runIZL23CATCH2_INTERNAL_TEST_24vEUlRKSt6vectorIdSaIdEEE_EENS_14OptimizeResultEOT_RKS3_ISt4pairIddESaISD_EENS_10GivpConfigEEUlS7_E_NS0_3RngEEESC_IS5_dERKSA_S7_S7_mRSt8optionalINS0_15EvaluationCacheEERT0_RKSO_INSt6chrono10time_pointINSU_3_V212steady_clockENSU_8durationIlSt5ratioILl1ELl1000000000EEEEEEE
FN:88,88,_ZZN4givp6detail28bidirectional_path_relinkingIZL23CATCH2_INTERNAL_TEST_38vEUlRKSt6vectorIdSaIdEEE_NS0_3RngEEESt4pairIS4_dERKT_S6_S6_mRSt8optionalINS0_15EvaluationCacheEERT0_RKSE_INSt6chrono10time_pointINSK_3_V212steady_clockENSK_8durationIlSt5ratioILl1ELl1000000000EEEEEEEENKUlmmE_clEmm
FN:88,88,_ZZN4givp6detail28bidirectional_path_relinkingIZL23CATCH2_INTERNAL_TEST_40vEUlRKSt6vectorIdSaIdEEE_NS0_3RngEEESt4pairIS4_dERKT_S6_S6_mRSt8optionalINS0_15EvaluationCacheEERT0_RKSE_INSt6chrono10time_pointINSK_3_V212steady_clockENSK_8durationIlSt5ratioILl1ELl1000000000EEEEEEEENKUlmmE_clEmm
FN:88,88,_ZZN4givp6detail28bidirectional_path_relinkingIZNS0_3runIRFdRKSt6vectorIdSaIdEEEEENS_14OptimizeResultEOT_RKS3_ISt4pairIddESaISE_EENS_10GivpConfigEEUlS7_E_NS0_3RngEEESD_IS5_dERKSB_S7_S7_mRSt8optionalINS0_15EvaluationCacheEERT0_RKSP_INSt6chrono10time_pointINSV_3_V212steady_clockENSV_8durationIlSt5ratioILl1ELl1000000000EEEEEEEENKUlmmE_clEmm
FN:88,88,_ZZN4givp6detail28bidirectional_path_relinkingIZNS0_3runIRZL22CATCH2_INTERNAL_TEST_6vEUlRKSt6vectorIdSaIdEEE_EENS_14OptimizeResultEOT_RKS3_ISt4pairIddESaISE_EENS_10GivpConfigEEUlS7_E_NS0_3RngEEESD_IS5_dERKSB_S7_S7_mRSt8optionalINS0_15EvaluationCacheEERT0_RKSP_INSt6chrono10time_pointINSV_3_V212steady_clockENSV_8durationIlSt5ratioILl1ELl1000000000EEEEEEEENKUlmmE_clEmm
FN:88,88,_ZZN4givp6detail28bidirectional_path_relinkingIZNS0_3runIRZL22CATCH2_INTERNAL_TEST_8vEUlRKSt6vectorIdSaIdEEE_EENS_14OptimizeResultEOT_RKS3_ISt4pairIddESaISE_EENS_10GivpConfigEEUlS7_E_NS0_3RngEEESD_IS5_dERKSB_S7_S7_mRSt8optionalINS0_15EvaluationCacheEERT0_RKSP_INSt6chrono10time_pointINSV_3_V212steady_clockENSV_8durationIlSt5ratioILl1ELl1000000000EEEEEEEENKUlmmE_clEmm
FN:88,88,_ZZN4givp6detail28bidirectional_path_relinkingIZNS0_3runIRZL23CATCH2_INTERNAL_TEST_12vEUlRKSt6vectorIdSaIdEEE_EENS_14OptimizeResultEOT_RKS3_ISt4pairIddESaISE_EENS_10GivpConfigEEUlS7_E_NS0_3RngEEESD_IS5_dERKSB_S7_S7_mRSt8optionalINS0_15EvaluationCacheEERT0_RKSP_INSt6chrono10time_pointINSV_3_V212steady_clockENSV_8durationIlSt5ratioILl1ELl1000000000EEEEEEEENKUlmmE_clEmm
FN:88,88,_ZZN4givp6detail28bidirectional_path_relinkingIZNS0_3runIRZL23CATCH2_INTERNAL_TEST_14vEUlRKSt6vectorIdSaIdEEE_EENS_14OptimizeResultEOT_RKS3_ISt4pairIddESaISE_EENS_10GivpConfigEEUlS7_E_NS0_3RngEEESD_IS5_dERKSB_S7_S7_mRSt8optionalINS0_15EvaluationCacheEERT0_RKSP_INSt6chrono10time_pointINSV_3_V212steady_clockENSV_8durationIlSt5ratioILl1ELl1000000000EEEEEEEENKUlmmE_clEmm
FN:88,88,_ZZN4givp6detail28bidirectional_path_relinkingIZNS0_3runIRZL23CATCH2_INTERNAL_TEST_16vEUlRKSt6vectorIdSaIdEEE_EENS_14OptimizeResultEOT_RKS3_ISt4pairIddESaISE_EENS_10GivpConfigEEUlS7_E_NS0_3RngEEESD_IS5_dERKSB_S7_S7_mRSt8optionalINS0_15EvaluationCacheEERT0_RKSP_INSt6chrono10time_pointINSV_3_V212steady_clockENSV_8durationIlSt5ratioILl1ELl1000000000EEEEEEEENKUlmmE_clEmm
FN:88,88,_ZZN4givp6detail28bidirectional_path_relinkingIZNS0_3runIRZL23CATCH2_INTERNAL_TEST_28vEUlRKSt6vectorIdSaIdEEE_EENS_14OptimizeResultEOT_RKS3_ISt4pairIddESaISE_EENS_10GivpConfigEEUlS7_E_NS0_3RngEEESD_IS5_dERKSB_S7_S7_mRSt8optionalINS0_15EvaluationCacheEERT0_RKSP_INSt6chrono10time_pointINSV_3_V212steady_clockENSV_8durationIlSt5ratioILl1ELl1000000000EEEEEEEENKUlmmE_clEmm
FN:88,88,_ZZN4givp6detail28bidirectional_path_relinkingIZNS0_3runIRZL23CATCH2_INTERNAL_TEST_42vEUlRKSt6vectorIdSaIdEEE_EENS_14OptimizeResultEOT_RKS3_ISt4pairIddESaISE_EENS_10GivpConfigEEUlS7_E_NS0_3RngEEESD_IS5_dERKSB_S7_S7_mRSt8optionalINS0_15EvaluationCacheEERT0_RKSP_INSt6chrono10time_pointINSV_3_V212steady_clockENSV_8durationIlSt5ratioILl1ELl1000000000EEEEEEEENKUlmmE_clEmm
FN:88,88,_ZZN4givp6detail28bidirectional_path_relinkingIZNS0_3runIRZL23CATCH2_INTERNAL_TEST_44vEUlRKSt6vectorIdSaIdEEE_EENS_14OptimizeResultEOT_RKS3_ISt4pairIddESaISE_EENS_10GivpConfigEEUlS7_E_NS0_3RngEEESD_IS5_dERKSB_S7_S7_mRSt8optionalINS0_15EvaluationCacheEERT0_RKSP_INSt6chrono10time_pointINSV_3_V212steady_clockENSV_8durationIlSt5ratioILl1ELl1000000000EEEEEEEENKUlmmE_clEmm
FN:88,88,_ZZN4givp6detail28bidirectional_path_relinkingIZNS0_3runIZL23CATCH2_INTERNAL_TEST_16vEUlRKSt6vectorIdSaIdEEE_EENS_14OptimizeResultEOT_RKS3_ISt4pairIddESaISD_EENS_10GivpConfigEEUlS7_E_NS0_3RngEEESC_IS5_dERKSA_S7_S7_mRSt8optionalINS0_15EvaluationCacheEERT0_RKSO_INSt6chrono10time_pointINSU_3_V212steady_clockENSU_8durationIlSt5ratioILl1ELl1000000000EEEEEEEENKUlmmE_clEmm
FN:88,88,_ZZN4givp6detail28bidirectional_path_relinkingIZNS0_3runIZL23CATCH2_INTERNAL_TEST_18vEUlRKSt6vectorIdSaIdEEE_EENS_14OptimizeResultEOT_RKS3_ISt4pairIddESaISD_EENS_10GivpConfigEEUlS7_E_NS0_3RngEEESC_IS5_dERKSA_S7_S7_mRSt8optionalINS0_15EvaluationCacheEERT0_RKSO_INSt6chrono10time_pointINSU_3_V212steady_clockENSU_8durationIlSt5ratioILl1ELl1000000000EEEEEEEENKUlmmE_clEmm
FN:88,88,_ZZN4givp6detail28bidirectional_path_relinkingIZNS0_3runIZL23CATCH2_INTERNAL_TEST_20vEUlRKSt6vectorIdSaIdEEE_EENS_14OptimizeResultEOT_RKS3_ISt4pairIddESaISD_EENS_10GivpConfigEEUlS7_E_NS0_3RngEEESC_IS5_dERKSA_S7_S7_mRSt8optionalINS0_15EvaluationCacheEERT0_RKSO_INSt6chrono10time_pointINSU_3_V212steady_clockENSU_8durationIlSt5ratioILl1ELl1000000000EEEEEEEENKUlmmE_clEmm
FN:88,88,_ZZN4givp6detail28bidirectional_path_relinkingIZNS0_3runIZL23CATCH2_INTERNAL_TEST_22vEUlRKSt6vectorIdSaIdEEE_EENS_14OptimizeResultEOT_RKS3_ISt4pairIddESaISD_EENS_10GivpConfigEEUlS7_E_NS0_3RngEEESC_IS5_dERKSA_S7_S7_mRSt8optionalINS0_15EvaluationCacheEERT0_RKSO_INSt6chrono10time_pointINSU_3_V212steady_clockENSU_8durationIlSt5ratioILl1ELl1000000000EEEEEEEENKUlmmE_clEmm
FN:88,88,_ZZN4givp6detail28bidirectional_path_relinkingIZNS0_3runIZL23CATCH2_INTERNAL_TEST_24vEUlRKSt6vectorIdSaIdEEE_EENS_14OptimizeResultEOT_RKS3_ISt4pairIddESaISD_EENS_10GivpConfigEEUlS7_E_NS0_3RngEEESC_IS5_dERKSA_S7_S7_mRSt8optionalINS0_15EvaluationCacheEERT0_RKSO_INSt6chrono10time_pointINSU_3_V212steady_clockENSU_8durationIlSt5ratioILl1ELl1000000000EEEEEEEENKUlmmE_clEmm
FNDA:10,_ZN4givp6detailL19path_relinking_bestIZL23CATCH2_INTERNAL_TEST_38vEUlRKSt6vectorIdSaIdEEE_EESt4pairIS4_dERKT_S6_S6_S2_ImSaImEERSt8optionalINS0_15EvaluationCacheEEmRKSF_INSt6chrono10time_pointINSJ_3_V212steady_clockENSJ_8durationIlSt5ratioILl1ELl1000000000EEEEEEE
FNDA:10,_ZN4givp6detailL19path_relinking_bestIZL23CATCH2_INTERNAL_TEST_40vEUlRKSt6vectorIdSaIdEEE_EESt4pairIS4_dERKT_S6_S6_S2_ImSaImEERSt8optionalINS0_15EvaluationCacheEEmRKSF_INSt6chrono10time_pointINSJ_3_V212steady_clockENSJ_8durationIlSt5ratioILl1ELl1000000000EEEEEEE
FNDA:1480,_ZN4givp6detailL19path_relinking_bestIZNS0_3runIRFdRKSt6vectorIdSaIdEEEEENS_14OptimizeResultEOT_RKS3_ISt4pairIddESaISE_EENS_10GivpConfigEEUlS7_E_EESD_IS5_dERKSB_S7_S7_S3_ImSaImEERSt8optionalINS0_15EvaluationCacheEEmRKSQ_INSt6chrono10time_pointINSU_3_V212steady_clockENSU_8durationIlSt5ratioILl1ELl1000000000EEEEEEE
[...]
DA:28,2639500
DA:30,10558000
DA:31,7918500
DA:32,7918500
DA:33,3946925
DA:34,3946925
DA:35,3946925
DA:36,3946925
DA:37,4450
DA:38,4450
DA:40,3942475
DA:43,2639500
DA:47,28230810
DA:53,28230810
DA:54,28230810
DA:55,28230810
DA:56,28230810
DA:57,28230810
DA:58,28230810
DA:59,28230810
DA:60,27907409
DA:61,27907409
DA:65,862967600
DA:71,862967600
DA:72,101939810
DA:73,101939810
DA:74,101939810
DA:75,101939810
DA:77,761027790
DA:78,761027790
DA:79,761027790
DA:81,862967600
DA:86,5985761
DA:93,5985761
DA:94,5985761
DA:95,5985761
DA:96,5985761
DA:97,67789173
DA:98,7570
DA:101,5985761
DA:102,5985761
DA:104,36856071
DA:105,30870310
DA:106,30870310
DA:108,30870310
DA:110,28230810
DA:112,30870310
DA:113,327851
DA:114,327851
DA:115,327851
DA:118,11971522
DA:119,5985761
DA:122,5708919
DA:129,5708919
DA:130,5708919
DA:131,5708919
DA:132,5708919
DA:134,62997155
DA:135,57288239
DA:136,57288236
DA:137,57288236
DA:138,57288236
DA:139,48015024
DA:140,48015024
DA:141,48015024
DA:142,48015024
DA:143,48015024
DA:144,48015024
DA:145,28878
DA:146,28878
DA:148,47986146
DA:149,47986146
DA:152,5708919
DA:156,5571728
DA:163,5571728
DA:164,5571728
DA:165,5571728
DA:166,5571728
DA:168,284157912
DA:169,278586189
DA:170,278586184
DA:171,278586184
DA:172,278586184
DA:174,1045523736
DA:175,766937552
DA:176,766937552
DA:178,1045523736
DA:179,766937552
DA:180,278586184
DA:181,278586184
DA:182,278586184
DA:183,21336
DA:184,21336
DA:186,278564848
DA:189,5571728
DA:195,31274
DA:204,31274
DA:205,31274
DA:206,31274
DA:207,31274
DA:208,31274
DA:210,6017035
DA:211,5985766
DA:214,36856071
DA:217,5985761
DA:220,5985761
DA:222,5985761
DA:223,5708919
DA:225,5708919
DA:228,5708919
DA:230,5708919
DA:232,5571728
DA:235,5571728
DA:240,31274
DA:241,31274
LF:118
LH:118
end_of_record
TN:
SF:/workspace/cpp/include/givp/exceptions.hpp
FN:15,15,_ZN4givp9GivpErrorC2ERKNSt7__cxx1112basic_stringIcSt11char_traitsIcESaIcEEE
FN:21,21,_ZN4givp13InvalidBoundsC2ERKNSt7__cxx1112basic_stringIcSt11char_traitsIcESaIcEEE
FN:27,28,_ZN4givp19InvalidInitialGuessC2ERKNSt7__cxx1112basic_stringIcSt11char_traitsIcESaIcEEE
FN:34,34,_ZN4givp13InvalidConfigC2ERKNSt7__cxx1112basic_stringIcSt11char_traitsIcESaIcEEE
FN:46,46,_ZN4givp9EmptyPoolC2ERKNSt7__cxx1112basic_stringIcSt11char_traitsIcESaIcEEE
FNDA:90,_ZN4givp9GivpErrorC2ERKNSt7__cxx1112basic_stringIcSt11char_traitsIcESaIcEEE
FNDA:15,_ZN4givp13InvalidBoundsC2ERKNSt7__cxx1112basic_stringIcSt11char_traitsIcESaIcEEE
FNDA:10,_ZN4givp19InvalidInitialGuessC2ERKNSt7__cxx1112basic_stringIcSt11char_traitsIcESaIcEEE
FNDA:60,_ZN4givp13InvalidConfigC2ERKNSt7__cxx1112basic_stringIcSt11char_traitsIcESaIcEEE
FNDA:5,_ZN4givp9EmptyPoolC2ERKNSt7__cxx1112basic_stringIcSt11char_traitsIcESaIcEEE
FNF:5
FNH:5
DA:15,90
DA:21,15
DA:27,10
DA:28,10
DA:34,60
DA:46,5
LF:6
LH:6
end_of_record
TN:
SF:/workspace/cpp/include/givp/givp.hpp
FN:35,39,_ZN4givp4givpIRFdRKSt6vectorIdSaIdEEEEENS_14OptimizeResultEOT_RKS1_ISt4pairIddESaISC_EENS_10GivpConfigE
FN:35,39,_ZN4givp4givpIRZL22CATCH2_INTERNAL_TEST_6vEUlRKSt6vectorIdSaIdEEE_EENS_14OptimizeResultEOT_RKS1_ISt4pairIddESaISC_EENS_10GivpConfigE
FN:35,39,_ZN4givp4givpIRZL22CATCH2_INTERNAL_TEST_8vEUlRKSt6vectorIdSaIdEEE_EENS_14OptimizeResultEOT_RKS1_ISt4pairIddESaISC_EENS_10GivpConfigE
FN:35,39,_ZN4givp4givpIRZL23CATCH2_INTERNAL_TEST_12vEUlRKSt6vectorIdSaIdEEE_EENS_14OptimizeResultEOT_RKS1_ISt4pairIddESaISC_EENS_10GivpConfigE
FN:35,39,_ZN4givp4givpIRZL23CATCH2_INTERNAL_TEST_14vEUlRKSt6vectorIdSaIdEEE_EENS_14OptimizeResultEOT_RKS1_ISt4pairIddESaISC_EENS_10GivpConfigE
FN:35,39,_ZN4givp4givpIRZL23CATCH2_INTERNAL_TEST_16vEUlRKSt6vectorIdSaIdEEE_EENS_14OptimizeResultEOT_RKS1_ISt4pairIddESaISC_EENS_10GivpConfigE
FN:35,39,_ZN4givp4givpIRZL23CATCH2_INTERNAL_TEST_28vEUlRKSt6vectorIdSaIdEEE_EENS_14OptimizeResultEOT_RKS1_ISt4pairIddESaISC_EENS_10GivpConfigE
FN:35,39,_ZN4givp4givpIRZL23CATCH2_INTERNAL_TEST_42vEUlRKSt6vectorIdSaIdEEE_EENS_14OptimizeResultEOT_RKS1_ISt4pairIddESaISC_EENS_10GivpConfigE
FN:35,39,_ZN4givp4givpIRZL23CATCH2_INTERNAL_TEST_44vEUlRKSt6vectorIdSaIdEEE_EENS_14OptimizeResultEOT_RKS1_ISt4pairIddESaISC_EENS_10GivpConfigE
FN:35,39,_ZN4givp4givpIZL23CATCH2_INTERNAL_TEST_16vEUlRKSt6vectorIdSaIdEEE_EENS_14OptimizeResultEOT_RKS1_ISt4pairIddESaISB_EENS_10GivpConfigE
FN:35,39,_ZN4givp4givpIZL23CATCH2_INTERNAL_TEST_18vEUlRKSt6vectorIdSaIdEEE_EENS_14OptimizeResultEOT_RKS1_ISt4pairIddESaISB_EENS_10GivpConfigE
FN:35,39,_ZN4givp4givpIZL23CATCH2_INTERNAL_TEST_20vEUlRKSt6vectorIdSaIdEEE_EENS_14OptimizeResultEOT_RKS1_ISt4pairIddESaISB_EENS_10GivpConfigE
FN:35,39,_ZN4givp4givpIZL23CATCH2_INTERNAL_TEST_22vEUlRKSt6vectorIdSaIdEEE_EENS_14OptimizeResultEOT_RKS1_ISt4pairIddESaISB_EENS_10GivpConfigE
FN:35,39,_ZN4givp4givpIZL23CATCH2_INTERNAL_TEST_24vEUlRKSt6vectorIdSaIdEEE_EENS_14OptimizeResultEOT_RKS1_ISt4pairIddESaISB_EENS_10GivpConfigE
FNDA:80,_ZN4givp4givpIRFdRKSt6vectorIdSaIdEEEEENS_14OptimizeResultEOT_RKS1_ISt4pairIddESaISC_EENS_10GivpConfigE
FNDA:5,_ZN4givp4givpIRZL22CATCH2_INTERNAL_TEST_6vEUlRKSt6vectorIdSaIdEEE_EENS_14OptimizeResultEOT_RKS1_ISt4pairIddESaISC_EENS_10GivpConfigE
FNDA:5,_ZN4givp4givpIRZL22CATCH2_INTERNAL_TEST_8vEUlRKSt6vectorIdSaIdEEE_EENS_14OptimizeResultEOT_RKS1_ISt4pairIddESaISC_EENS_10GivpConfigE
FNDA:5,_ZN4givp4givpIRZL23CATCH2_INTERNAL_TEST_12vEUlRKSt6vectorIdSaIdEEE_EENS_14OptimizeResultEOT_RKS1_ISt4pairIddESaISC_EENS_10GivpConfigE
FNDA:5,_ZN4givp4givpIRZL23CATCH2_INTERNAL_TEST_14vEUlRKSt6vectorIdSaIdEEE_EENS_14OptimizeResultEOT_RKS1_ISt4pairIddESaISC_EENS_10GivpConfigE
FNDA:5,_ZN4givp4givpIRZL23CATCH2_INTERNAL_TEST_16vEUlRKSt6vectorIdSaIdEEE_EENS_14OptimizeResultEOT_RKS1_ISt4pairIddESaISC_EENS_10GivpConfigE
FNDA:5,_ZN4givp4givpIRZL23CATCH2_INTERNAL_TEST_28vEUlRKSt6vectorIdSaIdEEE_EENS_14OptimizeResultEOT_RKS1_ISt4pairIddESaISC_EENS_10GivpConfigE
FNDA:5,_ZN4givp4givpIRZL23CATCH2_INTERNAL_TEST_42vEUlRKSt6vectorIdSaIdEEE_EENS_14OptimizeResultEOT_RKS1_ISt4pairIddESaISC_EENS_10GivpConfigE
FNDA:5,_ZN4givp4givpIRZL23CATCH2_INTERNAL_TEST_44vEUlRKSt6vectorIdSaIdEEE_EENS_14OptimizeResultEOT_RKS1_ISt4pairIddESaISC_EENS_10GivpConfigE
FNDA:5,_ZN4givp4givpIZL23CATCH2_INTERNAL_TEST_16vEUlRKSt6vectorIdSaIdEEE_EENS_14OptimizeResultEOT_RKS1_ISt4pairIddESaISB_EENS_10GivpConfigE
FNDA:5,_ZN4givp4givpIZL23CATCH2_INTERNAL_TEST_18vEUlRKSt6vectorIdSaIdEEE_EENS_14OptimizeResultEOT_RKS1_ISt4pairIddESaISB_EENS_10GivpConfigE
FNDA:5,_ZN4givp4givpIZL23CATCH2_INTERNAL_TEST_20vEUlRKSt6vectorIdSaIdEEE_EENS_14OptimizeResultEOT_RKS1_ISt4pairIddESaISB_EENS_10GivpConfigE
FNDA:5,_ZN4givp4givpIZL23CATCH2_INTERNAL_TEST_22vEUlRKSt6vectorIdSaIdEEE_EENS_14OptimizeResultEOT_RKS1_ISt4pairIddESaISB_EENS_10GivpConfigE
FNDA:5,_ZN4givp4givpIZL23CATCH2_INTERNAL_TEST_24vEUlRKSt6vectorIdSaIdEEE_EENS_14OptimizeResultEOT_RKS1_ISt4pairIddESaISB_EENS_10GivpConfigE
FNF:14
FNH:14
DA:35,145
DA:38,145
LF:2
LH:2
end_of_record
TN:
SF:/workspace/cpp/include/givp/result.hpp
FN:25,45,_ZN4givp24termination_from_messageERKNSt7__cxx1112basic_stringIcSt11char_traitsIcESaIcEEE
FNDA:150,_ZN4givp24termination_from_messageERKNSt7__cxx1112basic_stringIcSt11char_traitsIcESaIcEEE
FNF:1
FNH:1
DA:25,150
DA:26,150
DA:27,3285
DA:28,3135
DA:29,3135
DA:31,150
DA:32,5
DA:33,265
DA:34,120
DA:35,120
DA:36,25
DA:37,10
DA:38,25
DA:39,10
DA:40,5
DA:41,15
DA:42,5
DA:43,5
DA:44,5
DA:45,150
LF:20
LH:20
end_of_record
TN:
SF:/workspace/cpp/tests/test_advanced.cpp
FN:106,121,_ZL22CATCH2_INTERNAL_TEST_8v
FN:110,110,_ZZL22CATCH2_INTERNAL_TEST_8vENKUlRKSt6vectorIdSaIdEEE_clES3_
FN:125,138,_ZL23CATCH2_INTERNAL_TEST_10v
FN:142,163,_ZL23CATCH2_INTERNAL_TEST_12v
FN:149,149,_ZZL23CATCH2_INTERNAL_TEST_12vENKUlRKSt6vectorIdSaIdEEE_clES3_
FN:167,177,_ZL23CATCH2_INTERNAL_TEST_14v
FN:181,194,_ZL23CATCH2_INTERNAL_TEST_16v
FN:198,213,_ZL23CATCH2_INTERNAL_TEST_18v
FN:217,223,_ZL23CATCH2_INTERNAL_TEST_20v
FN:225,231,_ZL23CATCH2_INTERNAL_TEST_22v
FN:23,27,_ZL6sphereRKSt6vectorIdSaIdEE
FN:235,251,_ZL23CATCH2_INTERNAL_TEST_24v
FN:255,270,_ZL23CATCH2_INTERNAL_TEST_26v
FN:274,288,_ZL23CATCH2_INTERNAL_TEST_28v
FN:277,277,_ZZL23CATCH2_INTERNAL_TEST_28vENKUlRKSt6vectorIdSaIdEEE_clES3_
FN:29,35,_ZL9rastriginRKSt6vectorIdSaIdEE
FN:39,57,_ZL22CATCH2_INTERNAL_TEST_0v
FN:59,71,_ZL22CATCH2_INTERNAL_TEST_2v
FN:73,85,_ZL22CATCH2_INTERNAL_TEST_4v
FN:89,102,_ZL22CATCH2_INTERNAL_TEST_6v
FN:92,92,_ZZL22CATCH2_INTERNAL_TEST_6vENKUlRKSt6vectorIdSaIdEEE_clES3_
FNDA:5,_ZL22CATCH2_INTERNAL_TEST_8v
FNDA:23095570,_ZZL22CATCH2_INTERNAL_TEST_8vENKUlRKSt6vectorIdSaIdEEE_clES3_
FNDA:5,_ZL23CATCH2_INTERNAL_TEST_10v
FNDA:5,_ZL23CATCH2_INTERNAL_TEST_12v
FNDA:5005,_ZZL23CATCH2_INTERNAL_TEST_12vENKUlRKSt6vectorIdSaIdEEE_clES3_
FNDA:5,_ZL23CATCH2_INTERNAL_TEST_14v
FNDA:5,_ZL23CATCH2_INTERNAL_TEST_16v
FNDA:5,_ZL23CATCH2_INTERNAL_TEST_18v
FNDA:5,_ZL23CATCH2_INTERNAL_TEST_20v
FNDA:5,_ZL23CATCH2_INTERNAL_TEST_22v
FNDA:55370461,_ZL6sphereRKSt6vectorIdSaIdEE
FNDA:5,_ZL23CATCH2_INTERNAL_TEST_24v
FNDA:5,_ZL23CATCH2_INTERNAL_TEST_26v
FNDA:5,_ZL23CATCH2_INTERNAL_TEST_28v
FNDA:148395,_ZZL23CATCH2_INTERNAL_TEST_28vENKUlRKSt6vectorIdSaIdEEE_clES3_
FNDA:54991355,_ZL9rastriginRKSt6vectorIdSaIdEE
FNDA:5,_ZL22CATCH2_INTERNAL_TEST_0v
FNDA:5,_ZL22CATCH2_INTERNAL_TEST_2v
FNDA:5,_ZL22CATCH2_INTERNAL_TEST_4v
FNDA:5,_ZL22CATCH2_INTERNAL_TEST_6v
FNDA:16071045,_ZZL22CATCH2_INTERNAL_TEST_6vENKUlRKSt6vectorIdSaIdEEE_clES3_
FNF:21
FNH:21
DA:23,55370461
DA:24,55370461
DA:25,313497159
DA:26,55370461
DA:29,54991355
DA:30,54991355
DA:31,54991355
DA:32,54991355
DA:33,1025100605
DA:34,54991355
DA:39,5
DA:44,10
DA:45,5
DA:46,5
DA:47,5
DA:48,5
DA:50,5
DA:52,5
DA:53,5
DA:55,5
DA:56,5
DA:57,5
DA:59,5
DA:60,5
DA:61,5
DA:62,5
DA:63,5
DA:64,5
DA:66,5
DA:67,5
DA:68,25
DA:69,20
DA:71,5
DA:73,5
DA:77,10
DA:78,5
DA:79,5
DA:80,5
DA:81,5
DA:82,10
DA:84,5
DA:85,5
DA:89,5
DA:92,16071045
DA:93,5
DA:94,5
DA:95,5
DA:96,5
DA:97,5
DA:98,5
DA:99,5
DA:101,5
DA:102,5
DA:106,5
DA:110,23095570
DA:111,5
DA:112,5
DA:113,5
DA:114,5
DA:115,5
DA:116,5
DA:117,5
DA:118,5
DA:120,5
DA:121,5
DA:125,5
DA:128,5
DA:129,5
DA:130,5
DA:131,5
DA:132,5
DA:133,5
DA:134,5
DA:135,5
DA:137,5
DA:138,5
DA:142,5
DA:149,5005
DA:151,5
DA:152,5
DA:153,5
DA:154,5
DA:155,5
DA:156,5
DA:157,5
DA:158,5
DA:159,5
DA:160,5
DA:162,5
DA:163,5
DA:167,5
DA:170,5
DA:171,5
DA:173,5
DA:174,5
DA:176,5
DA:177,5
DA:181,5
DA:184,5
DA:185,5
DA:186,5
DA:187,5
DA:188,5
DA:189,5
DA:190,5
DA:192,5
DA:193,5
DA:194,5
DA:198,5
DA:206,10
DA:207,5
DA:208,5
DA:209,5
DA:210,5
DA:212,5
DA:213,5
DA:217,5
DA:218,5
DA:219,5
DA:220,5
DA:221,5
DA:222,5
DA:223,5
DA:225,5
DA:226,5
DA:227,5
DA:228,5
DA:229,5
DA:230,5
DA:231,5
DA:235,5
DA:240,5
DA:241,5
DA:242,5
DA:243,5
DA:244,5
DA:245,5
DA:246,5
DA:247,5
DA:248,5
DA:250,5
DA:251,5
DA:255,5
DA:259,5
DA:260,5
DA:261,5
DA:262,5
DA:263,5
DA:264,5
DA:265,5
DA:266,5
DA:267,5
DA:269,5
DA:270,5
DA:274,5
DA:277,148395
DA:278,5
DA:279,5
DA:280,5
DA:281,5
DA:282,5
DA:283,5
DA:284,5
DA:285,5
DA:287,5
DA:288,5
LF:166
LH:166
end_of_record
TN:
SF:/workspace/cpp/tests/test_basic.cpp
FN:103,113,_ZL22CATCH2_INTERNAL_TEST_8v
FN:115,129,_ZL23CATCH2_INTERNAL_TEST_10v
FN:13,19,_ZL6sphereRKSt6vectorIdSaIdEE
FN:131,144,_ZL23CATCH2_INTERNAL_TEST_12v
FN:146,161,_ZL23CATCH2_INTERNAL_TEST_14v
FN:148,153,_ZZL23CATCH2_INTERNAL_TEST_14vENKUlRKSt6vectorIdSaIdEEE_clES3_
FN:163,178,_ZL23CATCH2_INTERNAL_TEST_16v
FN:165,170,_ZZL23CATCH2_INTERNAL_TEST_16vENKUlRKSt6vectorIdSaIdEEE_clES3_
FN:21,28,_ZL10rosenbrockRKSt6vectorIdSaIdEE
FN:30,38,_ZL9rastriginRKSt6vectorIdSaIdEE
FN:42,56,_ZL22CATCH2_INTERNAL_TEST_0v
FN:58,70,_ZL22CATCH2_INTERNAL_TEST_2v
FN:72,84,_ZL22CATCH2_INTERNAL_TEST_4v
FN:86,101,_ZL22CATCH2_INTERNAL_TEST_6v
FNDA:5,_ZL22CATCH2_INTERNAL_TEST_8v
FNDA:5,_ZL23CATCH2_INTERNAL_TEST_10v
FNDA:68759865,_ZL6sphereRKSt6vectorIdSaIdEE
FNDA:5,_ZL23CATCH2_INTERNAL_TEST_12v
FNDA:5,_ZL23CATCH2_INTERNAL_TEST_14v
FNDA:34495,_ZZL23CATCH2_INTERNAL_TEST_14vENKUlRKSt6vectorIdSaIdEEE_clES3_
FNDA:5,_ZL23CATCH2_INTERNAL_TEST_16v
FNDA:26130,_ZZL23CATCH2_INTERNAL_TEST_16vENKUlRKSt6vectorIdSaIdEEE_clES3_
FNDA:53666680,_ZL10rosenbrockRKSt6vectorIdSaIdEE
FNDA:18148170,_ZL9rastriginRKSt6vectorIdSaIdEE
FNDA:5,_ZL22CATCH2_INTERNAL_TEST_0v
FNDA:5,_ZL22CATCH2_INTERNAL_TEST_2v
FNDA:5,_ZL22CATCH2_INTERNAL_TEST_4v
FNDA:5,_ZL22CATCH2_INTERNAL_TEST_6v
FNF:14
FNH:14
DA:13,68759865
DA:15,68759865
DA:16,342047800
DA:17,273287935
DA:18,68759865
DA:21,53666680
DA:23,53666680
DA:24,268333400
DA:25,214666720
DA:26,214666720
DA:27,53666680
DA:30,18148170
DA:32,18148170
DA:33,18148170
DA:34,18148170
DA:35,72592680
DA:36,54444510
DA:37,18148170
DA:42,5
DA:44,5
DA:45,5
DA:46,5
DA:47,5
DA:48,5
DA:50,5
DA:52,5
DA:53,5
DA:54,5
DA:55,5
DA:56,5
DA:58,5
DA:60,5
DA:61,5
DA:62,5
DA:63,5
DA:64,5
DA:66,5
DA:68,5
DA:69,5
DA:70,5
DA:72,5
DA:74,5
DA:75,5
DA:76,5
DA:77,5
DA:78,5
DA:80,5
DA:82,5
DA:83,5
DA:84,5
DA:86,5
DA:89,5
DA:90,5
DA:91,5
DA:92,5
DA:93,5
DA:94,5
DA:96,5
DA:98,5
DA:99,5
DA:100,5
DA:101,5
DA:103,5
DA:105,5
DA:106,5
DA:107,5
DA:108,5
DA:109,5
DA:110,10
DA:112,5
DA:113,5
DA:115,5
DA:117,5
DA:118,5
DA:119,5
DA:120,5
DA:121,5
DA:122,5
DA:124,5
DA:125,5
DA:127,5
DA:128,5
DA:129,5
DA:131,5
DA:133,5
DA:134,5
DA:135,5
DA:136,5
DA:137,5
DA:138,5
DA:140,5
DA:141,5
DA:142,5
DA:143,5
DA:144,5
DA:146,5
DA:148,34495
DA:150,34495
DA:151,25000
DA:152,9495
DA:154,5
DA:155,5
DA:156,5
DA:157,5
DA:158,5
DA:160,5
DA:161,5
DA:163,5
DA:165,26130
DA:167,26130
DA:168,8400
DA:169,17730
DA:171,5
DA:172,5
DA:173,5
DA:174,5
DA:175,5
DA:177,5
DA:178,5
LF:119
LH:119
end_of_record
TN:
SF:/workspace/cpp/tests/test_config.cpp
FN:104,117,_ZL23CATCH2_INTERNAL_TEST_26v
FN:12,14,_ZL22CATCH2_INTERNAL_TEST_0v
FN:16,20,_ZL22CATCH2_INTERNAL_TEST_2v
FN:22,26,_ZL22CATCH2_INTERNAL_TEST_4v
FN:28,32,_ZL22CATCH2_INTERNAL_TEST_6v
FN:34,38,_ZL22CATCH2_INTERNAL_TEST_8v
FN:40,44,_ZL23CATCH2_INTERNAL_TEST_10v
FN:46,52,_ZL23CATCH2_INTERNAL_TEST_12v
FN:54,59,_ZL23CATCH2_INTERNAL_TEST_14v
FN:63,67,_ZL23CATCH2_INTERNAL_TEST_16v
FN:64,64,_ZZL23CATCH2_INTERNAL_TEST_16vENKUlRKSt6vectorIdSaIdEEE_clES3_
FN:69,74,_ZL23CATCH2_INTERNAL_TEST_18v
FN:71,71,_ZZL23CATCH2_INTERNAL_TEST_18vENKUlRKSt6vectorIdSaIdEEE_clES3_
FN:76,82,_ZL23CATCH2_INTERNAL_TEST_20v
FN:79,79,_ZZL23CATCH2_INTERNAL_TEST_20vENKUlRKSt6vectorIdSaIdEEE_clES3_
FN:84,91,_ZL23CATCH2_INTERNAL_TEST_22v
FN:88,88,_ZZL23CATCH2_INTERNAL_TEST_22vENKUlRKSt6vectorIdSaIdEEE_clES3_
FN:93,100,_ZL23CATCH2_INTERNAL_TEST_24v
FN:97,97,_ZZL23CATCH2_INTERNAL_TEST_24vENKUlRKSt6vectorIdSaIdEEE_clES3_
FNDA:5,_ZL23CATCH2_INTERNAL_TEST_26v
FNDA:5,_ZL22CATCH2_INTERNAL_TEST_0v
FNDA:5,_ZL22CATCH2_INTERNAL_TEST_2v
FNDA:5,_ZL22CATCH2_INTERNAL_TEST_4v
FNDA:5,_ZL22CATCH2_INTERNAL_TEST_6v
FNDA:5,_ZL22CATCH2_INTERNAL_TEST_8v
FNDA:5,_ZL23CATCH2_INTERNAL_TEST_10v
FNDA:5,_ZL23CATCH2_INTERNAL_TEST_12v
FNDA:5,_ZL23CATCH2_INTERNAL_TEST_14v
FNDA:5,_ZL23CATCH2_INTERNAL_TEST_16v
FNDA:0,_ZZL23CATCH2_INTERNAL_TEST_16vENKUlRKSt6vectorIdSaIdEEE_clES3_
FNDA:5,_ZL23CATCH2_INTERNAL_TEST_18v
FNDA:0,_ZZL23CATCH2_INTERNAL_TEST_18vENKUlRKSt6vectorIdSaIdEEE_clES3_
FNDA:5,_ZL23CATCH2_INTERNAL_TEST_20v
FNDA:0,_ZZL23CATCH2_INTERNAL_TEST_20vENKUlRKSt6vectorIdSaIdEEE_clES3_
FNDA:5,_ZL23CATCH2_INTERNAL_TEST_22v
FNDA:0,_ZZL23CATCH2_INTERNAL_TEST_22vENKUlRKSt6vectorIdSaIdEEE_clES3_
FNDA:5,_ZL23CATCH2_INTERNAL_TEST_24v
FNDA:0,_ZZL23CATCH2_INTERNAL_TEST_24vENKUlRKSt6vectorIdSaIdEEE_clES3_
FNF:19
FNH:14
DA:12,5
DA:13,5
DA:14,5
DA:16,5
DA:17,5
DA:18,5
DA:19,5
DA:20,5
DA:22,5
DA:23,5
DA:24,5
DA:25,5
DA:26,5
DA:28,5
DA:29,5
DA:30,5
DA:31,5
DA:32,5
DA:34,5
DA:35,5
DA:36,5
DA:37,5
DA:38,5
DA:40,5
DA:41,5
DA:42,5
DA:43,5
DA:44,5
DA:46,5
DA:47,5
DA:48,5
DA:49,5
DA:50,5
DA:51,5
DA:52,5
DA:54,5
DA:55,5
DA:56,5
DA:57,5
DA:58,5
DA:59,5
DA:63,5
DA:64,15
DA:67,5
DA:69,5
DA:70,10
DA:71,10
DA:74,5
DA:76,5
DA:77,5
DA:78,10
DA:79,10
DA:82,5
DA:84,5
DA:85,5
DA:86,5
DA:87,10
DA:88,10
DA:91,5
DA:93,5
DA:94,5
DA:95,5
DA:96,10
DA:97,10
DA:100,5
DA:104,5
DA:105,15
DA:107,15
DA:109,15
DA:111,15
DA:113,15
DA:115,15
DA:117,5
LF:73
LH:73
end_of_record
TN:
SF:/workspace/cpp/tests/test_convergence.cpp
FN:102,108,_ZL23CATCH2_INTERNAL_TEST_18v
FN:110,115,_ZL23CATCH2_INTERNAL_TEST_20v
FN:117,126,_ZL23CATCH2_INTERNAL_TEST_22v
FN:128,135,_ZL23CATCH2_INTERNAL_TEST_24v
FN:137,142,_ZL23CATCH2_INTERNAL_TEST_26v
FN:146,151,_ZL23CATCH2_INTERNAL_TEST_28v
FN:153,158,_ZL23CATCH2_INTERNAL_TEST_30v
FN:160,167,_ZL23CATCH2_INTERNAL_TEST_32v
FN:169,175,_ZL23CATCH2_INTERNAL_TEST_34v
FN:177,184,_ZL23CATCH2_INTERNAL_TEST_36v
FN:188,227,_ZL23CATCH2_INTERNAL_TEST_38v
FN:213,217,_ZZL23CATCH2_INTERNAL_TEST_38vENKUlRKSt6vectorIdSaIdEEE_clES3_
FN:229,246,_ZL23CATCH2_INTERNAL_TEST_40v
FN:232,236,_ZZL23CATCH2_INTERNAL_TEST_40vENKUlRKSt6vectorIdSaIdEEE_clES3_
FN:24,31,_ZL22CATCH2_INTERNAL_TEST_0v
FN:250,272,_ZL23CATCH2_INTERNAL_TEST_42v
FN:256,258,_ZZL23CATCH2_INTERNAL_TEST_42vENKUlRKSt6vectorIdSaIdEEE_clES3_
FN:276,301,_ZL23CATCH2_INTERNAL_TEST_44v
FN:280,284,_ZZL23CATCH2_INTERNAL_TEST_44vENKUlRKSt6vectorIdSaIdEEE_clES3_
FN:33,37,_ZL22CATCH2_INTERNAL_TEST_2v
FN:39,46,_ZL22CATCH2_INTERNAL_TEST_4v
FN:48,58,_ZL22CATCH2_INTERNAL_TEST_6v
FN:60,69,_ZL22CATCH2_INTERNAL_TEST_8v
FN:71,78,_ZL23CATCH2_INTERNAL_TEST_10v
FN:80,86,_ZL23CATCH2_INTERNAL_TEST_12v
FN:90,93,_ZL23CATCH2_INTERNAL_TEST_14v
FN:95,100,_ZL23CATCH2_INTERNAL_TEST_16v
FNDA:5,_ZL23CATCH2_INTERNAL_TEST_18v
FNDA:5,_ZL23CATCH2_INTERNAL_TEST_20v
FNDA:5,_ZL23CATCH2_INTERNAL_TEST_22v
FNDA:5,_ZL23CATCH2_INTERNAL_TEST_24v
FNDA:5,_ZL23CATCH2_INTERNAL_TEST_26v
FNDA:5,_ZL23CATCH2_INTERNAL_TEST_28v
FNDA:5,_ZL23CATCH2_INTERNAL_TEST_30v
FNDA:5,_ZL23CATCH2_INTERNAL_TEST_32v
FNDA:5,_ZL23CATCH2_INTERNAL_TEST_34v
FNDA:5,_ZL23CATCH2_INTERNAL_TEST_36v
FNDA:5,_ZL23CATCH2_INTERNAL_TEST_38v
FNDA:110,_ZZL23CATCH2_INTERNAL_TEST_38vENKUlRKSt6vectorIdSaIdEEE_clES3_
FNDA:5,_ZL23CATCH2_INTERNAL_TEST_40v
FNDA:10,_ZZL23CATCH2_INTERNAL_TEST_40vENKUlRKSt6vectorIdSaIdEEE_clES3_
FNDA:5,_ZL22CATCH2_INTERNAL_TEST_0v
FNDA:5,_ZL23CATCH2_INTERNAL_TEST_42v
FNDA:20075,_ZZL23CATCH2_INTERNAL_TEST_42vENKUlRKSt6vectorIdSaIdEEE_clES3_
FNDA:5,_ZL23CATCH2_INTERNAL_TEST_44v
FNDA:5360,_ZZL23CATCH2_INTERNAL_TEST_44vENKUlRKSt6vectorIdSaIdEEE_clES3_
FNDA:5,_ZL22CATCH2_INTERNAL_TEST_2v
FNDA:5,_ZL22CATCH2_INTERNAL_TEST_4v
FNDA:5,_ZL22CATCH2_INTERNAL_TEST_6v
FNDA:5,_ZL22CATCH2_INTERNAL_TEST_8v
FNDA:5,_ZL23CATCH2_INTERNAL_TEST_10v
FNDA:5,_ZL23CATCH2_INTERNAL_TEST_12v
FNDA:5,_ZL23CATCH2_INTERNAL_TEST_14v
FNDA:5,_ZL23CATCH2_INTERNAL_TEST_16v
FNF:27
FNH:27
DA:24,5
DA:25,5
DA:26,5
DA:27,5
DA:28,5
DA:29,5
DA:30,5
DA:31,5
DA:33,5
DA:34,5
DA:35,10
DA:36,5
DA:37,5
DA:39,5
DA:40,5
DA:41,10
DA:42,5
DA:43,5
DA:44,5
DA:45,5
DA:46,5
DA:48,5
DA:51,5
DA:52,10
DA:53,5
DA:54,5
DA:55,5
DA:56,5
DA:57,5
DA:58,5
DA:60,5
DA:61,5
DA:62,10
DA:63,5
DA:64,5
DA:65,10
DA:66,5
DA:67,5
DA:68,5
DA:69,5
DA:71,5
DA:72,5
DA:73,10
DA:74,10
DA:75,10
DA:76,15
DA:77,15
DA:78,5
DA:80,5
DA:81,5
DA:82,10
DA:83,5
DA:84,15
DA:85,5
DA:86,5
DA:90,5
DA:91,20
DA:92,5
DA:93,5
DA:95,5
DA:96,20
DA:97,15
DA:98,15
DA:99,5
DA:100,5
DA:102,5
DA:103,20
DA:104,10
DA:105,10
DA:106,5
DA:107,5
DA:108,5
DA:110,5
DA:111,20
DA:112,10
DA:114,15
DA:115,5
DA:117,5
DA:118,20
DA:119,10
DA:120,10
DA:121,10
DA:122,5
DA:123,5
DA:124,5
DA:125,5
DA:126,5
DA:128,5
DA:129,20
DA:130,10
DA:131,10
DA:132,10
DA:133,5
DA:134,5
DA:135,5
DA:137,5
DA:138,20
DA:139,10
DA:140,5
DA:141,5
DA:142,5
DA:146,5
DA:147,5
DA:148,5
DA:149,5
DA:150,5
DA:151,5
DA:153,5
DA:154,5
DA:155,5
DA:156,5
DA:157,5
DA:158,5
DA:160,5
DA:161,5
DA:162,5
DA:163,5
DA:164,5
DA:165,5
DA:166,5
DA:167,5
DA:169,5
DA:170,5
DA:171,20
DA:172,10
DA:173,5
DA:174,5
DA:175,5
DA:177,5
DA:178,5
DA:179,5
DA:180,5
DA:181,5
DA:182,5
DA:183,5
DA:184,5
DA:188,5
DA:213,110
DA:214,110
DA:215,110
DA:216,110
DA:219,10
DA:220,10
DA:221,5
DA:222,5
DA:223,5
DA:225,5
DA:226,5
DA:227,5
DA:229,5
DA:232,10
DA:233,10
DA:234,40
DA:235,10
DA:237,10
DA:238,10
DA:239,5
DA:240,5
DA:242,5
DA:245,5
DA:246,5
DA:250,5
DA:256,20075
DA:257,20075
DA:259,5
DA:260,5
DA:261,5
DA:262,5
DA:263,5
DA:264,5
DA:265,5
DA:266,5
DA:267,5
DA:268,10
DA:270,5
DA:271,5
DA:272,5
DA:276,5
DA:280,5360
DA:281,5360
DA:282,32160
DA:283,5360
DA:285,5
DA:286,5
DA:287,5
DA:288,5
DA:289,5
DA:290,5
DA:291,5
DA:292,5
DA:293,5
DA:294,5
DA:295,5
DA:296,5
DA:300,5
DA:301,5
LF:196
LH:196
end_of_record
