TN:
SF:/workspace/cpp/include/givp/config.hpp
FN:52,74,_ZNK4givp10GivpConfig8validateEv
FNDA:88,_ZNK4givp10GivpConfig8validateEv
FNF:1
FNH:1
DA:52,88
DA:54,88
DA:55,6
DA:56,86
DA:57,6
DA:58,84
DA:59,6
DA:60,82
DA:61,6
DA:62,80
DA:63,6
DA:64,78
DA:65,6
DA:66,76
DA:67,12
DA:68,72
DA:69,12
DA:70,68
DA:71,12
DA:72,64
DA:73,6
DA:74,62
LF:22
LH:22
end_of_record
TN:
SF:/workspace/cpp/include/givp/detail/cache.hpp
FN:22,38,_ZN4givp6detail15EvaluationCache13hash_solutionERKSt6vectorIdSaIdEEm
FN:41,44,_ZN4givp6detail15EvaluationCacheC2Em
FN:46,56,_ZN4givp6detail15EvaluationCache3getERKSt6vectorIdSaIdEEm
FN:58,67,_ZN4givp6detail15EvaluationCache3putERKSt6vectorIdSaIdEEmd
FN:69,72,_ZN4givp6detail15EvaluationCache5clearEv
FN:80,84,_ZNK4givp6detail15EvaluationCache5statsEv
FNDA:258710920,_ZN4givp6detail15EvaluationCache13hash_solutionERKSt6vectorIdSaIdEEm
FNDA:62,_ZN4givp6detail15EvaluationCacheC2Em
FNDA:143075019,_ZN4givp6detail15EvaluationCache3getERKSt6vectorIdSaIdEEm
FNDA:115635901,_ZN4givp6detail15EvaluationCache3putERKSt6vectorIdSaIdEEmd
FNDA:2,_ZN4givp6detail15EvaluationCache5clearEv
FNDA:6,_ZNK4givp6detail15EvaluationCache5statsEv
FNF:6
FNH:6
DA:22,258710920
DA:25,258710920
DA:26,1941413836
DA:29,1682702916
DA:30,88238320
DA:31,1682702916
DA:32,15144326244
DA:33,13461623328
DA:34,13461623328
DA:37,258710920
DA:41,62
DA:42,62
DA:43,62
DA:44,62
DA:46,143075019
DA:48,143075019
DA:49,143075019
DA:50,143075019
DA:51,27439126
DA:52,27439126
DA:54,115635893
DA:55,115635893
DA:58,115635901
DA:59,115635901
DA:60,115635901
DA:61,115635899
DA:62,115257291
DA:63,115257291
DA:65,115635899
DA:66,115635899
DA:69,2
DA:70,2
DA:71,2
DA:72,2
DA:80,6
DA:81,6
DA:82,6
DA:83,6
LF:38
LH:38
end_of_record
TN:
SF:/workspace/cpp/include/givp/detail/convergence.hpp
FN:30,47,_ZN4givp6detail18ConvergenceMonitor17compute_diversityERKNS0_9ElitePoolE
FN:50,51,_ZN4givp6detail18ConvergenceMonitorC2Emm
FN:53,74,_ZN4givp6detail18ConvergenceMonitor6updateEdPKNS0_9ElitePoolE
FN:76,76,_ZN4givp6detail18ConvergenceMonitor16reset_no_improveEv
FNDA:834,_ZN4givp6detail18ConvergenceMonitor17compute_diversityERKNS0_9ElitePoolE
FNDA:46,_ZN4givp6detail18ConvergenceMonitorC2Emm
FNDA:854,_ZN4givp6detail18ConvergenceMonitor6updateEdPKNS0_9ElitePoolE
FNDA:2,_ZN4givp6detail18ConvergenceMonitor16reset_no_improveEv
FNF:4
FNH:4
DA:30,834
DA:31,834
DA:32,834
DA:33,712
DA:34,712
DA:35,3116
DA:36,6470
DA:37,4066
DA:38,22430
DA:39,18364
DA:40,18364
DA:42,4066
DA:43,4066
DA:46,712
DA:50,46
DA:51,46
DA:53,854
DA:55,854
DA:56,93
DA:57,93
DA:59,761
DA:62,854
DA:63,854
DA:64,280
DA:66,854
DA:67,854
DA:69,854
DA:70,854
DA:71,854
DA:73,854
DA:76,2
LF:31
LH:31
end_of_record
TN:
SF:/workspace/cpp/include/givp/detail/elite.hpp
FN:21,28,_ZNK4givp6detail9ElitePool17relative_distanceERKSt6vectorIdSaIdEES6_
FN:31,39,_ZN4givp6detail9ElitePoolC2EmdRKSt6vectorIdSaIdEES6_
FN:41,67,_ZN4givp6detail9ElitePool3addESt6vectorIdSaIdEEd
FN:50,52,_ZZN4givp6detail9ElitePool3addESt6vectorIdSaIdEEdENKUlRKT_RKT0_E_clISt4pairIS4_dESE_EEDaS7_SA_
FN:61,63,_ZZN4givp6detail9ElitePool3addESt6vectorIdSaIdEEdENKUlRKT_RKT0_E0_clISt4pairIS4_dESE_EEDaS7_SA_
FN:69,72,_ZNK4givp6detail9ElitePool8get_bestEv
FN:74,76,_ZNK4givp6detail9ElitePool7get_allEv
FN:78,78,_ZNK4givp6detail9ElitePool3lenEv
FN:79,79,_ZNK4givp6detail9ElitePool5emptyEv
FN:80,80,_ZN4givp6detail9ElitePool5clearEv
FN:82,84,_ZN4givp6detail9ElitePool8keep_topEm
FNDA:1870,_ZNK4givp6detail9ElitePool17relative_distanceERKSt6vectorIdSaIdEES6_
FNDA:66,_ZN4givp6detail9ElitePoolC2EmdRKSt6vectorIdSaIdEES6_
FNDA:1100,_ZN4givp6detail9ElitePool3addESt6vectorIdSaIdEEd
FNDA:450,_ZZN4givp6detail9ElitePool3addESt6vectorIdSaIdEEdENKUlRKT_RKT0_E_clISt4pairIS4_dESE_EEDaS7_SA_
FNDA:46,_ZZN4givp6detail9ElitePool3addESt6vectorIdSaIdEEdENKUlRKT_RKT0_E0_clISt4pairIS4_dESE_EEDaS7_SA_
FNDA:6,_ZNK4givp6detail9ElitePool8get_bestEv
FNDA:1008,_ZNK4givp6detail9ElitePool7get_allEv
FNDA:206,_ZNK4givp6detail9ElitePool3lenEv
FNDA:2,_ZNK4givp6detail9ElitePool5emptyEv
FNDA:2,_ZN4givp6detail9ElitePool5clearEv
FNDA:2,_ZN4givp6detail9ElitePool8keep_topEm
FNF:11
FNH:11
DA:21,1870
DA:23,1870
DA:24,1870
DA:25,10690
DA:26,8820
DA:27,1870
DA:31,66
DA:34,66
DA:35,66
DA:36,356
DA:37,290
DA:38,66
DA:39,66
DA:41,1100
DA:42,2146
DA:43,1870
DA:44,824
DA:47,276
DA:48,170
DA:49,170
DA:50,450
DA:51,450
DA:53,170
DA:57,106
DA:58,6
DA:59,6
DA:60,6
DA:61,46
DA:62,46
DA:64,6
DA:66,100
DA:69,6
DA:70,10
DA:71,4
DA:74,1008
DA:75,1008
DA:78,206
DA:79,2
DA:80,2
DA:82,2
DA:83,2
DA:84,2
LF:42
LH:42
end_of_record
TN:
SF:/workspace/cpp/include/givp/detail/grasp.hpp
FN:107,153,_ZN4givp6detail15construct_graspIZNS0_3runIRFdRKSt6vectorIdSaIdEEEEENS_14OptimizeResultEOT_RKS3_ISt4pairIddESaISE_EENS_10GivpConfigEEUlS7_E_NS0_3RngEEESD_IS5_dEmS7_S7_RKSB_PS6_dmmRSt8optionalINS0_15EvaluationCacheEERT0_RKSQ_INSt6chrono10time_pointINSW_3_V212steady_clockENSW_8durationIlSt5ratioILl1ELl1000000000EEEEEEE
FN:107,153,_ZN4givp6detail15construct_graspIZNS0_3runIRZL22CATCH2_INTERNAL_TEST_6vEUlRKSt6vectorIdSaIdEEE_EENS_14OptimizeResultEOT_RKS3_ISt4pairIddESaISE_EENS_10GivpConfigEEUlS7_E_NS0_3RngEEESD_IS5_dEmS7_S7_RKSB_PS6_dmmRSt8optionalINS0_15EvaluationCacheEERT0_RKSQ_INSt6chrono10time_pointINSW_3_V212steady_clockENSW_8durationIlSt5ratioILl1ELl1000000000EEEEEEE
FN:107,153,_ZN4givp6detail15construct_graspIZNS0_3runIRZL22CATCH2_INTERNAL_TEST_8vEUlRKSt6vectorIdSaIdEEE_EENS_14OptimizeResultEOT_RKS3_ISt4pairIddESaISE_EENS_10GivpConfigEEUlS7_E_NS0_3RngEEESD_IS5_dEmS7_S7_RKSB_PS6_dmmRSt8optionalINS0_15EvaluationCacheEERT0_RKSQ_INSt6chrono10time_pointINSW_3_V212steady_clockENSW_8durationIlSt5ratioILl1ELl1000000000EEEEEEE
FN:107,153,_ZN4givp6detail15construct_graspIZNS0_3runIRZL23CATCH2_INTERNAL_TEST_12vEUlRKSt6vectorIdSaIdEEE_EENS_14OptimizeResultEOT_RKS3_ISt4pairIddESaISE_EENS_10GivpConfigEEUlS7_E_NS0_3RngEEESD_IS5_dEmS7_S7_RKSB_PS6_dmmRSt8optionalINS0_15EvaluationCacheEERT0_RKSQ_INSt6chrono10time_pointINSW_3_V212steady_clockENSW_8durationIlSt5ratioILl1ELl1000000000EEEEEEE
FN:107,153,_ZN4givp6detail15construct_graspIZNS0_3runIRZL23CATCH2_INTERNAL_TEST_14vEUlRKSt6vectorIdSaIdEEE_EENS_14OptimizeResultEOT_RKS3_ISt4pairIddESaISE_EENS_10GivpConfigEEUlS7_E_NS0_3RngEEESD_IS5_dEmS7_S7_RKSB_PS6_dmmRSt8optionalINS0_15EvaluationCacheEERT0_RKSQ_INSt6chrono10time_pointINSW_3_V212steady_clockENSW_8durationIlSt5ratioILl1ELl1000000000EEEEEEE
FN:107,153,_ZN4givp6detail15construct_graspIZNS0_3runIRZL23CATCH2_INTERNAL_TEST_16vEUlRKSt6vectorIdSaIdEEE_EENS_14OptimizeResultEOT_RKS3_ISt4pairIddESaISE_EENS_10GivpConfigEEUlS7_E_NS0_3RngEEESD_IS5_dEmS7_S7_RKSB_PS6_dmmRSt8optionalINS0_15EvaluationCacheEERT0_RKSQ_INSt6chrono10time_pointINSW_3_V212steady_clockENSW_8durationIlSt5ratioILl1ELl1000000000EEEEEEE
FN:107,153,_ZN4givp6detail15construct_graspIZNS0_3runIRZL23CATCH2_INTERNAL_TEST_30vEUlRKSt6vectorIdSaIdEEE_EENS_14OptimizeResultEOT_RKS3_ISt4pairIddESaISE_EENS_10GivpConfigEEUlS7_E_NS0_3RngEEESD_IS5_dEmS7_S7_RKSB_PS6_dmmRSt8optionalINS0_15EvaluationCacheEERT0_RKSQ_INSt6chrono10time_pointINSW_3_V212steady_clockENSW_8durationIlSt5ratioILl1ELl1000000000EEEEEEE
FN:107,153,_ZN4givp6detail15construct_graspIZNS0_3runIRZL23CATCH2_INTERNAL_TEST_42vEUlRKSt6vectorIdSaIdEEE_EENS_14OptimizeResultEOT_RKS3_ISt4pairIddESaISE_EENS_10GivpConfigEEUlS7_E_NS0_3RngEEESD_IS5_dEmS7_S7_RKSB_PS6_dmmRSt8optionalINS0_15EvaluationCacheEERT0_RKSQ_INSt6chrono10time_pointINSW_3_V212steady_clockENSW_8durationIlSt5ratioILl1ELl1000000000EEEEEEE
FN:107,153,_ZN4givp6detail15construct_graspIZNS0_3runIRZL23CATCH2_INTERNAL_TEST_44vEUlRKSt6vectorIdSaIdEEE_EENS_14OptimizeResultEOT_RKS3_ISt4pairIddESaISE_EENS_10GivpConfigEEUlS7_E_NS0_3RngEEESD_IS5_dEmS7_S7_RKSB_PS6_dmmRSt8optionalINS0_15EvaluationCacheEERT0_RKSQ_INSt6chrono10time_pointINSW_3_V212steady_clockENSW_8durationIlSt5ratioILl1ELl1000000000EEEEEEE
FN:107,153,_ZN4givp6detail15construct_graspIZNS0_3runIZL23CATCH2_INTERNAL_TEST_18vEUlRKSt6vectorIdSaIdEEE_EENS_14OptimizeResultEOT_RKS3_ISt4pairIddESaISD_EENS_10GivpConfigEEUlS7_E_NS0_3RngEEESC_IS5_dEmS7_S7_RKSA_PS6_dmmRSt8optionalINS0_15EvaluationCacheEERT0_RKSP_INSt6chrono10time_pointINSV_3_V212steady_clockENSV_8durationIlSt5ratioILl1ELl1000000000EEEEEEE
FN:107,153,_ZN4givp6detail15construct_graspIZNS0_3runIZL23CATCH2_INTERNAL_TEST_20vEUlRKSt6vectorIdSaIdEEE_EENS_14OptimizeResultEOT_RKS3_ISt4pairIddESaISD_EENS_10GivpConfigEEUlS7_E_NS0_3RngEEESC_IS5_dEmS7_S7_RKSA_PS6_dmmRSt8optionalINS0_15EvaluationCacheEERT0_RKSP_INSt6chrono10time_pointINSV_3_V212steady_clockENSV_8durationIlSt5ratioILl1ELl1000000000EEEEEEE
FN:107,153,_ZN4givp6detail15construct_graspIZNS0_3runIZL23CATCH2_INTERNAL_TEST_22vEUlRKSt6vectorIdSaIdEEE_EENS_14OptimizeResultEOT_RKS3_ISt4pairIddESaISD_EENS_10GivpConfigEEUlS7_E_NS0_3RngEEESC_IS5_dEmS7_S7_RKSA_PS6_dmmRSt8optionalINS0_15EvaluationCacheEERT0_RKSP_INSt6chrono10time_pointINSV_3_V212steady_clockENSV_8durationIlSt5ratioILl1ELl1000000000EEEEEEE
FN:107,153,_ZN4givp6detail15construct_graspIZNS0_3runIZL23CATCH2_INTERNAL_TEST_24vEUlRKSt6vectorIdSaIdEEE_EENS_14OptimizeResultEOT_RKS3_ISt4pairIddESaISD_EENS_10GivpConfigEEUlS7_E_NS0_3RngEEESC_IS5_dEmS7_S7_RKSA_PS6_dmmRSt8optionalINS0_15EvaluationCacheEERT0_RKSP_INSt6chrono10time_pointINSV_3_V212steady_clockENSV_8durationIlSt5ratioILl1ELl1000000000EEEEEEE
FN:107,153,_ZN4givp6detail15construct_graspIZNS0_3runIZL23CATCH2_INTERNAL_TEST_26vEUlRKSt6vectorIdSaIdEEE_EENS_14OptimizeResultEOT_RKS3_ISt4pairIddESaISD_EENS_10GivpConfigEEUlS7_E_NS0_3RngEEESC_IS5_dEmS7_S7_RKSA_PS6_dmmRSt8optionalINS0_15EvaluationCacheEERT0_RKSP_INSt6chrono10time_pointINSV_3_V212steady_clockENSV_8durationIlSt5ratioILl1ELl1000000000EEEEEEE
FN:19,28,_ZN4givp6detail17get_current_alphaEmmddbd
FN:33,45,_ZN4givp6detail19evaluate_with_cacheIZL23CATCH2_INTERNAL_TEST_38vEUlRKSt6vectorIdSaIdEEE_EEdS6_RKT_RSt8optionalINS0_15EvaluationCacheEEm
FN:33,45,_ZN4givp6detail19evaluate_with_cacheIZL23CATCH2_INTERNAL_TEST_40vEUlRKSt6vectorIdSaIdEEE_EEdS6_RKT_RSt8optionalINS0_15EvaluationCacheEEm
FN:33,45,_ZN4givp6detail19evaluate_with_cacheIZNS0_3runIRFdRKSt6vectorIdSaIdEEEEENS_14OptimizeResultEOT_RKS3_ISt4pairIddESaISE_EENS_10GivpConfigEEUlS7_E_EEdS7_RKSB_RSt8optionalINS0_15EvaluationCacheEEm
FN:33,45,_ZN4givp6detail19evaluate_with_cacheIZNS0_3runIRZL22CATCH2_INTERNAL_TEST_6vEUlRKSt6vectorIdSaIdEEE_EENS_14OptimizeResultEOT_RKS3_ISt4pairIddESaISE_EENS_10GivpConfigEEUlS7_E_EEdS7_RKSB_RSt8optionalINS0_15EvaluationCacheEEm
FN:33,45,_ZN4givp6detail19evaluate_with_cacheIZNS0_3runIRZL22CATCH2_INTERNAL_TEST_8vEUlRKSt6vectorIdSaIdEEE_EENS_14OptimizeResultEOT_RKS3_ISt4pairIddESaISE_EENS_10GivpConfigEEUlS7_E_EEdS7_RKSB_RSt8optionalINS0_15EvaluationCacheEEm
FN:33,45,_ZN4givp6detail19evaluate_with_cacheIZNS0_3runIRZL23CATCH2_INTERNAL_TEST_12vEUlRKSt6vectorIdSaIdEEE_EENS_14OptimizeResultEOT_RKS3_ISt4pairIddESaISE_EENS_10GivpConfigEEUlS7_E_EEdS7_RKSB_RSt8optionalINS0_15EvaluationCacheEEm
FN:33,45,_ZN4givp6detail19evaluate_with_cacheIZNS0_3runIRZL23CATCH2_INTERNAL_TEST_14vEUlRKSt6vectorIdSaIdEEE_EENS_14OptimizeResultEOT_RKS3_ISt4pairIddESaISE_EENS_10GivpConfigEEUlS7_E_EEdS7_RKSB_RSt8optionalINS0_15EvaluationCacheEEm
FN:33,45,_ZN4givp6detail19evaluate_with_cacheIZNS0_3runIRZL23CATCH2_INTERNAL_TEST_16vEUlRKSt6vectorIdSaIdEEE_EENS_14OptimizeResultEOT_RKS3_ISt4pairIddESaISE_EENS_10GivpConfigEEUlS7_E_EEdS7_RKSB_RSt8optionalINS0_15EvaluationCacheEEm
FN:33,45,_ZN4givp6detail19evaluate_with_cacheIZNS0_3runIRZL23CATCH2_INTERNAL_TEST_30vEUlRKSt6vectorIdSaIdEEE_EENS_14OptimizeResultEOT_RKS3_ISt4pairIddESaISE_EENS_10GivpConfigEEUlS7_E_EEdS7_RKSB_RSt8optionalINS0_15EvaluationCacheEEm
FN:33,45,_ZN4givp6detail19evaluate_with_cacheIZNS0_3runIRZL23CATCH2_INTERNAL_TEST_42vEUlRKSt6vectorIdSaIdEEE_EENS_14OptimizeResultEOT_RKS3_ISt4pairIddESaISE_EENS_10GivpConfigEEUlS7_E_EEdS7_RKSB_RSt8optionalINS0_15EvaluationCacheEEm
FN:33,45,_ZN4givp6detail19evaluate_with_cacheIZNS0_3runIRZL23CATCH2_INTERNAL_TEST_44vEUlRKSt6vectorIdSaIdEEE_EENS_14OptimizeResultEOT_RKS3_ISt4pairIddESaISE_EENS_10GivpConfigEEUlS7_E_EEdS7_RKSB_RSt8optionalINS0_15EvaluationCacheEEm
FN:33,45,_ZN4givp6detail19evaluate_with_cacheIZNS0_3runIZL23CATCH2_INTERNAL_TEST_18vEUlRKSt6vectorIdSaIdEEE_EENS_14OptimizeResultEOT_RKS3_ISt4pairIddESaISD_EENS_10GivpConfigEEUlS7_E_EEdS7_RKSA_RSt8optionalINS0_15EvaluationCacheEEm
FN:33,45,_ZN4givp6detail19evaluate_with_cacheIZNS0_3runIZL23CATCH2_INTERNAL_TEST_20vEUlRKSt6vectorIdSaIdEEE_EENS_14OptimizeResultEOT_RKS3_ISt4pairIddESaISD_EENS_10GivpConfigEEUlS7_E_EEdS7_RKSA_RSt8optionalINS0_15EvaluationCacheEEm
FN:33,45,_ZN4givp6detail19evaluate_with_cacheIZNS0_3runIZL23CATCH2_INTERNAL_TEST_22vEUlRKSt6vectorIdSaIdEEE_EENS_14OptimizeResultEOT_RKS3_ISt4pairIddESaISD_EENS_10GivpConfigEEUlS7_E_EEdS7_RKSA_RSt8optionalINS0_15EvaluationCacheEEm
FN:33,45,_ZN4givp6detail19evaluate_with_cacheIZNS0_3runIZL23CATCH2_INTERNAL_TEST_24vEUlRKSt6vectorIdSaIdEEE_EENS_14OptimizeResultEOT_RKS3_ISt4pairIddESaISD_EENS_10GivpConfigEEUlS7_E_EEdS7_RKSA_RSt8optionalINS0_15EvaluationCacheEEm
FN:33,45,_ZN4givp6detail19evaluate_with_cacheIZNS0_3runIZL23CATCH2_INTERNAL_TEST_26vEUlRKSt6vectorIdSaIdEEE_EENS_14OptimizeResultEOT_RKS3_ISt4pairIddESaISD_EENS_10GivpConfigEEUlS7_E_EEdS7_RKSA_RSt8optionalINS0_15EvaluationCacheEEm
FN:50,62,_ZN4givp6detailL15select_from_rclINS0_3RngEEEmRKSt6vectorIdSaIdEEdRT_
FN:67,72,_ZN4givp6detailL26sample_integer_from_boundsINS0_3RngEEEdddRT_
FN:75,85,_ZN4givp6detailL22build_random_candidateINS0_3RngEEESt6vectorIdSaIdEEmmRKS5_S7_RT_
FN:88,102,_ZN4givp6detailL25build_heuristic_candidateINS0_3RngEEESt6vectorIdSaIdEEmmRKS5_S7_RT_
FNDA:908,_ZN4givp6detail15construct_graspIZNS0_3runIRFdRKSt6vectorIdSaIdEEEEENS_14OptimizeResultEOT_RKS3_ISt4pairIddESaISE_EENS_10GivpConfigEEUlS7_E_NS0_3RngEEESD_IS5_dEmS7_S7_RKSB_PS6_dmmRSt8optionalINS0_15EvaluationCacheEERT0_RKSQ_INSt6chrono10time_pointINSW_3_V212steady_clockENSW_8durationIlSt5ratioILl1ELl1000000000EEEEEEE
FNDA:48,_ZN4givp6detail15construct_graspIZNS0_3runIRZL22CATCH2_INTERNAL_TEST_6vEUlRKSt6vectorIdSaIdEEE_EENS_14OptimizeResultEOT_RKS3_ISt4pairIddESaISE_EENS_10GivpConfigEEUlS7_E_NS0_3RngEEESD_IS5_dEmS7_S7_RKSB_PS6_dmmRSt8optionalINS0_15EvaluationCacheEERT0_RKSQ_INSt6chrono10time_pointINSW_3_V212steady_clockENSW_8durationIlSt5ratioILl1ELl1000000000EEEEEEE
FNDA:68,_ZN4givp6detail15construct_graspIZNS0_3runIRZL22CATCH2_INTERNAL_TEST_8vEUlRKSt6vectorIdSaIdEEE_EENS_14OptimizeResultEOT_RKS3_ISt4pairIddESaISE_EENS_10GivpConfigEEUlS7_E_NS0_3RngEEESD_IS5_dEmS7_S7_RKSB_PS6_dmmRSt8optionalINS0_15EvaluationCacheEERT0_RKSQ_INSt6chrono10time_pointINSW_3_V212steady_clockENSW_8durationIlSt5ratioILl1ELl1000000000EEEEEEE
FNDA:32,_ZN4givp6detail15construct_graspIZNS0_3runIRZL23CATCH2_INTERNAL_TEST_12vEUlRKSt6vectorIdSaIdEEE_EENS_14OptimizeResultEOT_RKS3_ISt4pairIddESaISE_EENS_10GivpConfigEEUlS7_E_NS0_3RngEEESD_IS5_dEmS7_S7_RKSB_PS6_dmmRSt8optionalINS0_15EvaluationCacheEERT0_RKSQ_INSt6chrono10time_pointINSW_3_V212steady_clockENSW_8durationIlSt5ratioILl1ELl1000000000EEEEEEE
FNDA:48,_ZN4givp6detail15construct_graspIZNS0_3runIRZL23CATCH2_INTERNAL_TEST_14vEUlRKSt6vectorIdSaIdEEE_EENS_14OptimizeResultEOT_RKS3_ISt4pairIddESaISE_EENS_10GivpConfigEEUlS7_E_NS0_3RngEEESD_IS5_dEmS7_S7_RKSB_PS6_dmmRSt8optionalINS0_15EvaluationCacheEERT0_RKSQ_INSt6chrono10time_pointINSW_3_V212steady_clockENSW_8durationIlSt5ratioILl1ELl1000000000EEEEEEE
FNDA:48,_ZN4givp6detail15construct_graspIZNS0_3runIRZL23CATCH2_INTERNAL_TEST_16vEUlRKSt6vectorIdSaIdEEE_EENS_14OptimizeResultEOT_RKS3_ISt4pairIddESaISE_EENS_10GivpConfigEEUlS7_E_NS0_3RngEEESD_IS5_dEmS7_S7_RKSB_PS6_dmmRSt8optionalINS0_15EvaluationCacheEERT0_RKSQ_INSt6chrono10time_pointINSW_3_V212steady_clockENSW_8durationIlSt5ratioILl1ELl1000000000EEEEEEE
FNDA:16,_ZN4givp6detail15construct_graspIZNS0_3runIRZL23CATCH2_INTERNAL_TEST_30vEUlRKSt6vectorIdSaIdEEE_EENS_14OptimizeResultEOT_RKS3_ISt4pairIddESaISE_EENS_10GivpConfigEEUlS7_E_NS0_3RngEEESD_IS5_dEmS7_S7_RKSB_PS6_dmmRSt8optionalINS0_15EvaluationCacheEERT0_RKSQ_INSt6chrono10time_pointINSW_3_V212steady_clockENSW_8durationIlSt5ratioILl1ELl1000000000EEEEEEE
FNDA:10,_ZN4givp6detail15construct_graspIZNS0_3runIRZL23CATCH2_INTERNAL_TEST_42vEUlRKSt6vectorIdSaIdEEE_EENS_14OptimizeResultEOT_RKS3_ISt4pairIddESaISE_EENS_10GivpConfigEEUlS7_E_NS0_3RngEEESD_IS5_dEmS7_S7_RKSB_PS6_dmmRSt8optionalINS0_15EvaluationCacheEERT0_RKSQ_INSt6chrono10time_pointINSW_3_V212steady_clockENSW_8durationIlSt5ratioILl1ELl1000000000EEEEEEE
FNDA:26,_ZN4givp6detail15construct_graspIZNS0_3runIRZL23CATCH2_INTERNAL_TEST_44vEUlRKSt6vectorIdSaIdEEE_EENS_14OptimizeResultEOT_RKS3_ISt4pairIddESaISE_EENS_10GivpConfigEEUlS7_E_NS0_3RngEEESD_IS5_dEmS7_S7_RKSB_PS6_dmmRSt8optionalINS0_15EvaluationCacheEERT0_RKSQ_INSt6chrono10time_pointINSW_3_V212steady_clockENSW_8durationIlSt5ratioILl1ELl1000000000EEEEEEE
FNDA:0,_ZN4givp6detail15construct_graspIZNS0_3runIZL23CATCH2_INTERNAL_TEST_18vEUlRKSt6vectorIdSaIdEEE_EENS_14OptimizeResultEOT_RKS3_ISt4pairIddESaISD_EENS_10GivpConfigEEUlS7_E_NS0_3RngEEESC_IS5_dEmS7_S7_RKSA_PS6_dmmRSt8optionalINS0_15EvaluationCacheEERT0_RKSP_INSt6chrono10time_pointINSV_3_V212steady_clockENSV_8durationIlSt5ratioILl1ELl1000000000EEEEEEE
FNDA:0,_ZN4givp6detail15construct_graspIZNS0_3runIZL23CATCH2_INTERNAL_TEST_20vEUlRKSt6vectorIdSaIdEEE_EENS_14OptimizeResultEOT_RKS3_ISt4pairIddESaISD_EENS_10GivpConfigEEUlS7_E_NS0_3RngEEESC_IS5_dEmS7_S7_RKSA_PS6_dmmRSt8optionalINS0_15EvaluationCacheEERT0_RKSP_INSt6chrono10time_pointINSV_3_V212steady_clockENSV_8durationIlSt5ratioILl1ELl1000000000EEEEEEE
FNDA:0,_ZN4givp6detail15construct_graspIZNS0_3runIZL23CATCH2_INTERNAL_TEST_22vEUlRKSt6vectorIdSaIdEEE_EENS_14OptimizeResultEOT_RKS3_ISt4pairIddESaISD_EENS_10GivpConfigEEUlS7_E_NS0_3RngEEESC_IS5_dEmS7_S7_RKSA_PS6_dmmRSt8optionalINS0_15EvaluationCacheEERT0_RKSP_INSt6chrono10time_pointINSV_3_V212steady_clockENSV_8durationIlSt5ratioILl1ELl1000000000EEEEEEE
FNDA:0,_ZN4givp6detail15construct_graspIZNS0_3runIZL23CATCH2_INTERNAL_TEST_24vEUlRKSt6vectorIdSaIdEEE_EENS_14OptimizeResultEOT_RKS3_ISt4pairIddESaISD_EENS_10GivpConfigEEUlS7_E_NS0_3RngEEESC_IS5_dEmS7_S7_RKSA_PS6_dmmRSt8optionalINS0_15EvaluationCacheEERT0_RKSP_INSt6chrono10time_pointINSV_3_V212steady_clockENSV_8durationIlSt5ratioILl1ELl1000000000EEEEEEE
FNDA:0,_ZN4givp6detail15construct_graspIZNS0_3runIZL23CATCH2_INTERNAL_TEST_26vEUlRKSt6vectorIdSaIdEEE_EENS_14OptimizeResultEOT_RKS3_ISt4pairIddESaISD_EENS_10GivpConfigEEUlS7_E_NS0_3RngEEESC_IS5_dEmS7_S7_RKSA_PS6_dmmRSt8optionalINS0_15EvaluationCacheEERT0_RKSP_INSt6chrono10time_pointINSV_3_V212steady_clockENSV_8durationIlSt5ratioILl1ELl1000000000EEEEEEE
FNDA:1022,_ZN4givp6detail17get_current_alphaEmmddbd
FNDA:44,_ZN4givp6detail19evaluate_with_cacheIZL23CATCH2_INTERNAL_TEST_38vEUlRKSt6vectorIdSaIdEEE_EEdS6_RKT_RSt8optionalINS0_15EvaluationCacheEEm
FNDA:4,_ZN4givp6detail19evaluate_with_cacheIZL23CATCH2_INTERNAL_TEST_40vEUlRKSt6vectorIdSaIdEEE_EEdS6_RKT_RSt8optionalINS0_15EvaluationCacheEEm
FNDA:119739950,_ZN4givp6detail19evaluate_with_cacheIZNS0_3runIRFdRKSt6vectorIdSaIdEEEEENS_14OptimizeResultEOT_RKS3_ISt4pairIddESaISE_EENS_10GivpConfigEEUlS7_E_EEdS7_RKSB_RSt8optionalINS0_15EvaluationCacheEEm
FNDA:6496512,_ZN4givp6detail19evaluate_with_cacheIZNS0_3runIRZL22CATCH2_INTERNAL_TEST_6vEUlRKSt6vectorIdSaIdEEE_EENS_14OptimizeResultEOT_RKS3_ISt4pairIddESaISE_EENS_10GivpConfigEEUlS7_E_EEdS7_RKSB_RSt8optionalINS0_15EvaluationCacheEEm
FNDA:9335502,_ZN4givp6detail19evaluate_with_cacheIZNS0_3runIRZL22CATCH2_INTERNAL_TEST_8vEUlRKSt6vectorIdSaIdEEE_EENS_14OptimizeResultEOT_RKS3_ISt4pairIddESaISE_EENS_10GivpConfigEEUlS7_E_EEdS7_RKSB_RSt8optionalINS0_15EvaluationCacheEEm
FNDA:3448084,_ZN4givp6detail19evaluate_with_cacheIZNS0_3runIRZL23CATCH2_INTERNAL_TEST_12vEUlRKSt6vectorIdSaIdEEE_EENS_14OptimizeResultEOT_RKS3_ISt4pairIddESaISE_EENS_10GivpConfigEEUlS7_E_EEdS7_RKSB_RSt8optionalINS0_15EvaluationCacheEEm
FNDA:5070592,_ZN4givp6detail19evaluate_with_cacheIZNS0_3runIRZL23CATCH2_INTERNAL_TEST_14vEUlRKSt6vectorIdSaIdEEE_EENS_14OptimizeResultEOT_RKS3_ISt4pairIddESaISE_EENS_10GivpConfigEEUlS7_E_EEdS7_RKSB_RSt8optionalINS0_15EvaluationCacheEEm
FNDA:5003876,_ZN4givp6detail19evaluate_with_cacheIZNS0_3runIRZL23CATCH2_INTERNAL_TEST_16vEUlRKSt6vectorIdSaIdEEE_EENS_14OptimizeResultEOT_RKS3_ISt4pairIddESaISE_EENS_10GivpConfigEEUlS7_E_EEdS7_RKSB_RSt8optionalINS0_15EvaluationCacheEEm
FNDA:59724,_ZN4givp6detail19evaluate_with_cacheIZNS0_3runIRZL23CATCH2_INTERNAL_TEST_30vEUlRKSt6vectorIdSaIdEEE_EENS_14OptimizeResultEOT_RKS3_ISt4pairIddESaISE_EENS_10GivpConfigEEUlS7_E_EEdS7_RKSB_RSt8optionalINS0_15EvaluationCacheEEm
FNDA:11148,_ZN4givp6detail19evaluate_with_cacheIZNS0_3runIRZL23CATCH2_INTERNAL_TEST_42vEUlRKSt6vectorIdSaIdEEE_EENS_14OptimizeResultEOT_RKS3_ISt4pairIddESaISE_EENS_10GivpConfigEEUlS7_E_EEdS7_RKSB_RSt8optionalINS0_15EvaluationCacheEEm
FNDA:5270,_ZN4givp6detail19evaluate_with_cacheIZNS0_3runIRZL23CATCH2_INTERNAL_TEST_44vEUlRKSt6vectorIdSaIdEEE_EENS_14OptimizeResultEOT_RKS3_ISt4pairIddESaISE_EENS_10GivpConfigEEUlS7_E_EEdS7_RKSB_RSt8optionalINS0_15EvaluationCacheEEm
FNDA:0,_ZN4givp6detail19evaluate_with_cacheIZNS0_3runIZL23CATCH2_INTERNAL_TEST_18vEUlRKSt6vectorIdSaIdEEE_EENS_14OptimizeResultEOT_RKS3_ISt4pairIddESaISD_EENS_10GivpConfigEEUlS7_E_EEdS7_RKSA_RSt8optionalINS0_15EvaluationCacheEEm
FNDA:0,_ZN4givp6detail19evaluate_with_cacheIZNS0_3runIZL23CATCH2_INTERNAL_TEST_20vEUlRKSt6vectorIdSaIdEEE_EENS_14OptimizeResultEOT_RKS3_ISt4pairIddESaISD_EENS_10GivpConfigEEUlS7_E_EEdS7_RKSA_RSt8optionalINS0_15EvaluationCacheEEm
FNDA:0,_ZN4givp6detail19evaluate_with_cacheIZNS0_3runIZL23CATCH2_INTERNAL_TEST_22vEUlRKSt6vectorIdSaIdEEE_EENS_14OptimizeResultEOT_RKS3_ISt4pairIddESaISD_EENS_10GivpConfigEEUlS7_E_EEdS7_RKSA_RSt8optionalINS0_15EvaluationCacheEEm
FNDA:0,_ZN4givp6detail19evaluate_with_cacheIZNS0_3runIZL23CATCH2_INTERNAL_TEST_24vEUlRKSt6vectorIdSaIdEEE_EENS_14OptimizeResultEOT_RKS3_ISt4pairIddESaISD_EENS_10GivpConfigEEUlS7_E_EEdS7_RKSA_RSt8optionalINS0_15EvaluationCacheEEm
FNDA:0,_ZN4givp6detail19evaluate_with_cacheIZNS0_3runIZL23CATCH2_INTERNAL_TEST_26vEUlRKSt6vectorIdSaIdEEE_EENS_14OptimizeResultEOT_RKS3_ISt4pairIddESaISD_EENS_10GivpConfigEEUlS7_E_EEdS7_RKSA_RSt8optionalINS0_15EvaluationCacheEEm
FNDA:1206,_ZN4givp6detailL15select_from_rclINS0_3RngEEEmRKSt6vectorIdSaIdEEdRT_
FNDA:9916,_ZN4givp6detailL26sample_integer_from_boundsINS0_3RngEEEdddRT_
FNDA:22879,_ZN4givp6detailL22build_random_candidateINS0_3RngEEESt6vectorIdSaIdEEmmRKS5_S7_RT_
FNDA:1203,_ZN4givp6detailL25build_heuristic_candidateINS0_3RngEEESt6vectorIdSaIdEEmmRKS5_S7_RT_
FNF:35
FNH:25
DA:19,1022
DA:23,1022
DA:25,1002
DA:26,1002
DA:27,1002
DA:33,149170706
DA:37,149170706
DA:38,143075003
DA:39,143075003
DA:40,115635885
DA:41,115635885
DA:42,115635885
DA:44,6095959
DA:50,1206
DA:52,1206
DA:53,1206
DA:54,1205
DA:56,1205
DA:57,25315
DA:58,24110
DA:60,1203
DA:61,1206
DA:62,1206
DA:67,9916
DA:68,9916
DA:69,9916
DA:70,9916
DA:71,9356
DA:75,22879
DA:79,22879
DA:80,130770
DA:81,107845
DA:82,32345
DA:83,9420
DA:84,22925
DA:85,0
DA:88,2406
DA:92,1203
DA:93,6888
DA:94,5682
DA:95,5681
DA:96,5682
DA:97,5684
DA:99,1702
DA:100,496
DA:101,1206
DA:102,0
DA:107,1204
DA:116,1204
DA:117,1205
DA:118,1204
DA:119,1205
DA:122,1204
DA:123,6
DA:124,6
DA:125,6
DA:126,6
DA:127,6
DA:128,6
DA:131,1204
DA:132,1203
DA:133,1206
DA:134,1203
DA:135,1206
DA:136,1204
DA:137,1206
DA:140,46977
DA:141,22879
DA:142,22879
DA:143,22900
DA:144,22901
DA:145,22895
DA:146,22887
DA:149,1205
DA:150,1206
DA:151,1206
DA:152,2412
DA:153,1206
LF:78
LH:76
end_of_record
TN:
SF:/workspace/cpp/include/givp/detail/helpers.hpp
FN:24,24,_ZN4givp6detail3RngC2Em
FN:26,32,_ZN4givp6detail3Rng9from_seedESt8optionalImE
FN:35,38,_ZN4givp6detail3Rng5childEv
FN:40,43,_ZN4givp6detail3Rng7uniformEdd
FN:45,48,_ZN4givp6detail3Rng11uniform_intEll
FN:50,53,_ZN4givp6detail3Rng13uniform_indexEmm
FN:55,55,_ZN4givp6detail3Rng13random_doubleEv
FN:60,63,_ZN4givp6detail8get_halfEmSt8optionalImE
FN:65,68,_ZN4givp6detail7expiredERKSt8optionalINSt6chrono10time_pointINS2_3_V212steady_clockENS2_8durationIlSt5ratioILl1ELl1000000000EEEEEEE
FN:71,78,_ZN4givp6detail13safe_evaluateIZL23CATCH2_INTERNAL_TEST_38vEUlRKSt6vectorIdSaIdEEE_EEdRKT_S6_
FN:71,78,_ZN4givp6detail13safe_evaluateIZL23CATCH2_INTERNAL_TEST_40vEUlRKSt6vectorIdSaIdEEE_EEdRKT_S6_
FN:71,78,_ZN4givp6detail13safe_evaluateIZNS0_3runIRFdRKSt6vectorIdSaIdEEEEENS_14OptimizeResultEOT_RKS3_ISt4pairIddESaISE_EENS_10GivpConfigEEUlS7_E_EEdRKSB_S7_
FN:71,78,_ZN4givp6detail13safe_evaluateIZNS0_3runIRZL22CATCH2_INTERNAL_TEST_6vEUlRKSt6vectorIdSaIdEEE_EENS_14OptimizeResultEOT_RKS3_ISt4pairIddESaISE_EENS_10GivpConfigEEUlS7_E_EEdRKSB_S7_
FN:71,78,_ZN4givp6detail13safe_evaluateIZNS0_3runIRZL22CATCH2_INTERNAL_TEST_8vEUlRKSt6vectorIdSaIdEEE_EENS_14OptimizeResultEOT_RKS3_ISt4pairIddESaISE_EENS_10GivpConfigEEUlS7_E_EEdRKSB_S7_
FN:71,78,_ZN4givp6detail13safe_evaluateIZNS0_3runIRZL23CATCH2_INTERNAL_TEST_12vEUlRKSt6vectorIdSaIdEEE_EENS_14OptimizeResultEOT_RKS3_ISt4pairIddESaISE_EENS_10GivpConfigEEUlS7_E_EEdRKSB_S7_
FN:71,78,_ZN4givp6detail13safe_evaluateIZNS0_3runIRZL23CATCH2_INTERNAL_TEST_14vEUlRKSt6vectorIdSaIdEEE_EENS_14OptimizeResultEOT_RKS3_ISt4pairIddESaISE_EENS_10GivpConfigEEUlS7_E_EEdRKSB_S7_
FN:71,78,_ZN4givp6detail13safe_evaluateIZNS0_3runIRZL23CATCH2_INTERNAL_TEST_16vEUlRKSt6vectorIdSaIdEEE_EENS_14OptimizeResultEOT_RKS3_ISt4pairIddESaISE_EENS_10GivpConfigEEUlS7_E_EEdRKSB_S7_
FN:71,78,_ZN4givp6detail13safe_evaluateIZNS0_3runIRZL23CATCH2_INTERNAL_TEST_30vEUlRKSt6vectorIdSaIdEEE_EENS_14OptimizeResultEOT_RKS3_ISt4pairIddESaISE_EENS_10GivpConfigEEUlS7_E_EEdRKSB_S7_
FN:71,78,_ZN4givp6detail13safe_evaluateIZNS0_3runIRZL23CATCH2_INTERNAL_TEST_42vEUlRKSt6vectorIdSaIdEEE_EENS_14OptimizeResultEOT_RKS3_ISt4pairIddESaISE_EENS_10GivpConfigEEUlS7_E_EEdRKSB_S7_
FN:71,78,_ZN4givp6detail13safe_evaluateIZNS0_3runIRZL23CATCH2_INTERNAL_TEST_44vEUlRKSt6vectorIdSaIdEEE_EENS_14OptimizeResultEOT_RKS3_ISt4pairIddESaISE_EENS_10GivpConfigEEUlS7_E_EEdRKSB_S7_
FN:71,78,_ZN4givp6detail13safe_evaluateIZNS0_3runIZL23CATCH2_INTERNAL_TEST_18vEUlRKSt6vectorIdSaIdEEE_EENS_14OptimizeResultEOT_RKS3_ISt4pairIddESaISD_EENS_10GivpConfigEEUlS7_E_EEdRKSA_S7_
FN:71,78,_ZN4givp6detail13safe_evaluateIZNS0_3runIZL23CATCH2_INTERNAL_TEST_20vEUlRKSt6vectorIdSaIdEEE_EENS_14OptimizeResultEOT_RKS3_ISt4pairIddESaISD_EENS_10GivpConfigEEUlS7_E_EEdRKSA_S7_
FN:71,78,_ZN4givp6detail13safe_evaluateIZNS0_3runIZL23CATCH2_INTERNAL_TEST_22vEUlRKSt6vectorIdSaIdEEE_EENS_14OptimizeResultEOT_RKS3_ISt4pairIddESaISD_EENS_10GivpConfigEEUlS7_E_EEdRKSA_S7_
FN:71,78,_ZN4givp6detail13safe_evaluateIZNS0_3runIZL23CATCH2_INTERNAL_TEST_24vEUlRKSt6vectorIdSaIdEEE_EENS_14OptimizeResultEOT_RKS3_ISt4pairIddESaISD_EENS_10GivpConfigEEUlS7_E_EEdRKSA_S7_
FN:71,78,_ZN4givp6detail13safe_evaluateIZNS0_3runIZL23CATCH2_INTERNAL_TEST_26vEUlRKSt6vectorIdSaIdEEE_EENS_14OptimizeResultEOT_RKS3_ISt4pairIddESaISD_EENS_10GivpConfigEEUlS7_E_EEdRKSA_S7_
FN:80,84,_ZN4givp6detail22normalize_integer_tailERSt6vectorIdSaIdEEm
FN:86,88,_ZN4givp6detail9clamp_valEddd
FNDA:1280,_ZN4givp6detail3RngC2Em
FNDA:54,_ZN4givp6detail3Rng9from_seedESt8optionalImE
FNDA:1226,_ZN4givp6detail3Rng5childEv
FNDA:371516631,_ZN4givp6detail3Rng7uniformEdd
FNDA:9356,_ZN4givp6detail3Rng11uniform_intEll
FNDA:367349544,_ZN4givp6detail3Rng13uniform_indexEmm
FNDA:2982,_ZN4givp6detail3Rng13random_doubleEv
FNDA:50,_ZN4givp6detail8get_halfEmSt8optionalImE
FNDA:155039101,_ZN4givp6detail7expiredERKSt8optionalINSt6chrono10time_pointINS2_3_V212steady_clockENS2_8durationIlSt5ratioILl1ELl1000000000EEEEEEE
FNDA:44,_ZN4givp6detail13safe_evaluateIZL23CATCH2_INTERNAL_TEST_38vEUlRKSt6vectorIdSaIdEEE_EEdRKT_S6_
FNDA:4,_ZN4givp6detail13safe_evaluateIZL23CATCH2_INTERNAL_TEST_40vEUlRKSt6vectorIdSaIdEEE_EEdRKT_S6_
FNDA:105971550,_ZN4givp6detail13safe_evaluateIZNS0_3runIRFdRKSt6vectorIdSaIdEEEEENS_14OptimizeResultEOT_RKS3_ISt4pairIddESaISE_EENS_10GivpConfigEEUlS7_E_EEdRKSB_S7_
FNDA:6428418,_ZN4givp6detail13safe_evaluateIZNS0_3runIRZL22CATCH2_INTERNAL_TEST_6vEUlRKSt6vectorIdSaIdEEE_EENS_14OptimizeResultEOT_RKS3_ISt4pairIddESaISE_EENS_10GivpConfigEEUlS7_E_EEdRKSB_S7_
FNDA:9238228,_ZN4givp6detail13safe_evaluateIZNS0_3runIRZL22CATCH2_INTERNAL_TEST_8vEUlRKSt6vectorIdSaIdEEE_EENS_14OptimizeResultEOT_RKS3_ISt4pairIddESaISE_EENS_10GivpConfigEEUlS7_E_EEdRKSB_S7_
FNDA:2002,_ZN4givp6detail13safe_evaluateIZNS0_3runIRZL23CATCH2_INTERNAL_TEST_12vEUlRKSt6vectorIdSaIdEEE_EENS_14OptimizeResultEOT_RKS3_ISt4pairIddESaISE_EENS_10GivpConfigEEUlS7_E_EEdRKSB_S7_
FNDA:13798,_ZN4givp6detail13safe_evaluateIZNS0_3runIRZL23CATCH2_INTERNAL_TEST_14vEUlRKSt6vectorIdSaIdEEE_EENS_14OptimizeResultEOT_RKS3_ISt4pairIddESaISE_EENS_10GivpConfigEEUlS7_E_EEdRKSB_S7_
FNDA:10452,_ZN4givp6detail13safe_evaluateIZNS0_3runIRZL23CATCH2_INTERNAL_TEST_16vEUlRKSt6vectorIdSaIdEEE_EENS_14OptimizeResultEOT_RKS3_ISt4pairIddESaISE_EENS_10GivpConfigEEUlS7_E_EEdRKSB_S7_
FNDA:59358,_ZN4givp6detail13safe_evaluateIZNS0_3runIRZL23CATCH2_INTERNAL_TEST_30vEUlRKSt6vectorIdSaIdEEE_EENS_14OptimizeResultEOT_RKS3_ISt4pairIddESaISE_EENS_10GivpConfigEEUlS7_E_EEdRKSB_S7_
FNDA:8030,_ZN4givp6detail13safe_evaluateIZNS0_3runIRZL23CATCH2_INTERNAL_TEST_42vEUlRKSt6vectorIdSaIdEEE_EENS_14OptimizeResultEOT_RKS3_ISt4pairIddESaISE_EENS_10GivpConfigEEUlS7_E_EEdRKSB_S7_
FNDA:2144,_ZN4givp6detail13safe_evaluateIZNS0_3runIRZL23CATCH2_INTERNAL_TEST_44vEUlRKSt6vectorIdSaIdEEE_EENS_14OptimizeResultEOT_RKS3_ISt4pairIddESaISE_EENS_10GivpConfigEEUlS7_E_EEdRKSB_S7_
FNDA:0,_ZN4givp6detail13safe_evaluateIZNS0_3runIZL23CATCH2_INTERNAL_TEST_18vEUlRKSt6vectorIdSaIdEEE_EENS_14OptimizeResultEOT_RKS3_ISt4pairIddESaISD_EENS_10GivpConfigEEUlS7_E_EEdRKSA_S7_
FNDA:0,_ZN4givp6detail13safe_evaluateIZNS0_3runIZL23CATCH2_INTERNAL_TEST_20vEUlRKSt6vectorIdSaIdEEE_EENS_14OptimizeResultEOT_RKS3_ISt4pairIddESaISD_EENS_10GivpConfigEEUlS7_E_EEdRKSA_S7_
FNDA:0,_ZN4givp6detail13safe_evaluateIZNS0_3runIZL23CATCH2_INTERNAL_TEST_22vEUlRKSt6vectorIdSaIdEEE_EENS_14OptimizeResultEOT_RKS3_ISt4pairIddESaISD_EENS_10GivpConfigEEUlS7_E_EEdRKSA_S7_
FNDA:0,_ZN4givp6detail13safe_evaluateIZNS0_3runIZL23CATCH2_INTERNAL_TEST_24vEUlRKSt6vectorIdSaIdEEE_EENS_14OptimizeResultEOT_RKS3_ISt4pairIddESaISD_EENS_10GivpConfigEEUlS7_E_EEdRKSA_S7_
FNDA:0,_ZN4givp6detail13safe_evaluateIZNS0_3runIZL23CATCH2_INTERNAL_TEST_26vEUlRKSt6vectorIdSaIdEEE_EENS_14OptimizeResultEOT_RKS3_ISt4pairIddESaISD_EENS_10GivpConfigEEUlS7_E_EEdRKSA_S7_
FNDA:135796998,_ZN4givp6detail22normalize_integer_tailERSt6vectorIdSaIdEEm
FNDA:374595561,_ZN4givp6detail9clamp_valEddd
FNF:27
FNH:22
DA:24,1280
DA:26,54
DA:27,54
DA:28,2
DA:29,2
DA:30,2
DA:31,2
DA:32,2
DA:35,1226
DA:36,1226
DA:37,2452
DA:40,371516631
DA:41,371516631
DA:42,743273461
DA:45,9356
DA:46,9356
DA:47,18712
DA:50,367349544
DA:51,367349544
DA:52,734772183
DA:55,2982
DA:60,50
DA:62,50
DA:65,155039101
DA:66,155039101
DA:67,79124
DA:71,121734028
DA:73,121734028
DA:74,121670997
DA:75,3360
DA:76,3360
DA:80,135796998
DA:82,192049278
DA:83,56252280
DA:84,135794421
DA:86,374595561
DA:87,374595561
LF:37
LH:37
end_of_record
TN:
SF:/workspace/cpp/include/givp/detail/ils.hpp
FN:19,54,_ZN4givp6detailL16perturb_solutionINS0_3RngEEESt6vectorIdSaIdEERKS5_mmS7_S7_RT_
FN:58,102,_ZN4givp6detail10ils_searchIZNS0_3runIRFdRKSt6vectorIdSaIdEEEEENS_14OptimizeResultEOT_RKS3_ISt4pairIddESaISE_EENS_10GivpConfigEEUlS7_E_NS0_3RngEEEdRKSB_RS5_dmS7_S7_mmmRSt8optionalINS0_15EvaluationCacheEERT0_RKSP_INSt6chrono10time_pointINSV_3_V212steady_clockENSV_8durationIlSt5ratioILl1ELl1000000000EEEEEEE
FN:58,102,_ZN4givp6detail10ils_searchIZNS0_3runIRZL22CATCH2_INTERNAL_TEST_6vEUlRKSt6vectorIdSaIdEEE_EENS_14OptimizeResultEOT_RKS3_ISt4pairIddESaISE_EENS_10GivpConfigEEUlS7_E_NS0_3RngEEEdRKSB_RS5_dmS7_S7_mmmRSt8optionalINS0_15EvaluationCacheEERT0_RKSP_INSt6chrono10time_pointINSV_3_V212steady_clockENSV_8durationIlSt5ratioILl1ELl1000000000EEEEEEE
FN:58,102,_ZN4givp6detail10ils_searchIZNS0_3runIRZL22CATCH2_INTERNAL_TEST_8vEUlRKSt6vectorIdSaIdEEE_EENS_14OptimizeResultEOT_RKS3_ISt4pairIddESaISE_EENS_10GivpConfigEEUlS7_E_NS0_3RngEEEdRKSB_RS5_dmS7_S7_mmmRSt8optionalINS0_15EvaluationCacheEERT0_RKSP_INSt6chrono10time_pointINSV_3_V212steady_clockENSV_8durationIlSt5ratioILl1ELl1000000000EEEEEEE
FN:58,102,_ZN4givp6detail10ils_searchIZNS0_3runIRZL23CATCH2_INTERNAL_TEST_12vEUlRKSt6vectorIdSaIdEEE_EENS_14OptimizeResultEOT_RKS3_ISt4pairIddESaISE_EENS_10GivpConfigEEUlS7_E_NS0_3RngEEEdRKSB_RS5_dmS7_S7_mmmRSt8optionalINS0_15EvaluationCacheEERT0_RKSP_INSt6chrono10time_pointINSV_3_V212steady_clockENSV_8durationIlSt5ratioILl1ELl1000000000EEEEEEE
FN:58,102,_ZN4givp6detail10ils_searchIZNS0_3runIRZL23CATCH2_INTERNAL_TEST_14vEUlRKSt6vectorIdSaIdEEE_EENS_14OptimizeResultEOT_RKS3_ISt4pairIddESaISE_EENS_10GivpConfigEEUlS7_E_NS0_3RngEEEdRKSB_RS5_dmS7_S7_mmmRSt8optionalINS0_15EvaluationCacheEERT0_RKSP_INSt6chrono10time_pointINSV_3_V212steady_clockENSV_8durationIlSt5ratioILl1ELl1000000000EEEEEEE
FN:58,102,_ZN4givp6detail10ils_searchIZNS0_3runIRZL23CATCH2_INTERNAL_TEST_16vEUlRKSt6vectorIdSaIdEEE_EENS_14OptimizeResultEOT_RKS3_ISt4pairIddESaISE_EENS_10GivpConfigEEUlS7_E_NS0_3RngEEEdRKSB_RS5_dmS7_S7_mmmRSt8optionalINS0_15EvaluationCacheEERT0_RKSP_INSt6chrono10time_pointINSV_3_V212steady_clockENSV_8durationIlSt5ratioILl1ELl1000000000EEEEEEE
FN:58,102,_ZN4givp6detail10ils_searchIZNS0_3runIRZL23CATCH2_INTERNAL_TEST_30vEUlRKSt6vectorIdSaIdEEE_EENS_14OptimizeResultEOT_RKS3_ISt4pairIddESaISE_EENS_10GivpConfigEEUlS7_E_NS0_3RngEEEdRKSB_RS5_dmS7_S7_mmmRSt8optionalINS0_15EvaluationCacheEERT0_RKSP_INSt6chrono10time_pointINSV_3_V212steady_clockENSV_8durationIlSt5ratioILl1ELl1000000000EEEEEEE
FN:58,102,_ZN4givp6detail10ils_searchIZNS0_3runIRZL23CATCH2_INTERNAL_TEST_42vEUlRKSt6vectorIdSaIdEEE_EENS_14OptimizeResultEOT_RKS3_ISt4pairIddESaISE_EENS_10GivpConfigEEUlS7_E_NS0_3RngEEEdRKSB_RS5_dmS7_S7_mmmRSt8optionalINS0_15EvaluationCacheEERT0_RKSP_INSt6chrono10time_pointINSV_3_V212steady_clockENSV_8durationIlSt5ratioILl1ELl1000000000EEEEEEE
FN:58,102,_ZN4givp6detail10ils_searchIZNS0_3runIRZL23CATCH2_INTERNAL_TEST_44vEUlRKSt6vectorIdSaIdEEE_EENS_14OptimizeResultEOT_RKS3_ISt4pairIddESaISE_EENS_10GivpConfigEEUlS7_E_NS0_3RngEEEdRKSB_RS5_dmS7_S7_mmmRSt8optionalINS0_15EvaluationCacheEERT0_RKSP_INSt6chrono10time_pointINSV_3_V212steady_clockENSV_8durationIlSt5ratioILl1ELl1000000000EEEEEEE
FN:58,102,_ZN4givp6detail10ils_searchIZNS0_3runIZL23CATCH2_INTERNAL_TEST_18vEUlRKSt6vectorIdSaIdEEE_EENS_14OptimizeResultEOT_RKS3_ISt4pairIddESaISD_EENS_10GivpConfigEEUlS7_E_NS0_3RngEEEdRKSA_RS5_dmS7_S7_mmmRSt8optionalINS0_15EvaluationCacheEERT0_RKSO_INSt6chrono10time_pointINSU_3_V212steady_clockENSU_8durationIlSt5ratioILl1ELl1000000000EEEEEEE
FN:58,102,_ZN4givp6detail10ils_searchIZNS0_3runIZL23CATCH2_INTERNAL_TEST_20vEUlRKSt6vectorIdSaIdEEE_EENS_14OptimizeResultEOT_RKS3_ISt4pairIddESaISD_EENS_10GivpConfigEEUlS7_E_NS0_3RngEEEdRKSA_RS5_dmS7_S7_mmmRSt8optionalINS0_15EvaluationCacheEERT0_RKSO_INSt6chrono10time_pointINSU_3_V212steady_clockENSU_8durationIlSt5ratioILl1ELl1000000000EEEEEEE
FN:58,102,_ZN4givp6detail10ils_searchIZNS0_3runIZL23CATCH2_INTERNAL_TEST_22vEUlRKSt6vectorIdSaIdEEE_EENS_14OptimizeResultEOT_RKS3_ISt4pairIddESaISD_EENS_10GivpConfigEEUlS7_E_NS0_3RngEEEdRKSA_RS5_dmS7_S7_mmmRSt8optionalINS0_15EvaluationCacheEERT0_RKSO_INSt6chrono10time_pointINSU_3_V212steady_clockENSU_8durationIlSt5ratioILl1ELl1000000000EEEEEEE
FN:58,102,_ZN4givp6detail10ils_searchIZNS0_3runIZL23CATCH2_INTERNAL_TEST_24vEUlRKSt6vectorIdSaIdEEE_EENS_14OptimizeResultEOT_RKS3_ISt4pairIddESaISD_EENS_10GivpConfigEEUlS7_E_NS0_3RngEEEdRKSA_RS5_dmS7_S7_mmmRSt8optionalINS0_15EvaluationCacheEERT0_RKSO_INSt6chrono10time_pointINSU_3_V212steady_clockENSU_8durationIlSt5ratioILl1ELl1000000000EEEEEEE
FN:58,102,_ZN4givp6detail10ils_searchIZNS0_3runIZL23CATCH2_INTERNAL_TEST_26vEUlRKSt6vectorIdSaIdEEE_EENS_14OptimizeResultEOT_RKS3_ISt4pairIddESaISD_EENS_10GivpConfigEEUlS7_E_NS0_3RngEEEdRKSA_RS5_dmS7_S7_mmmRSt8optionalINS0_15EvaluationCacheEERT0_RKSO_INSt6chrono10time_pointINSU_3_V212steady_clockENSU_8durationIlSt5ratioILl1ELl1000000000EEEEEEE
FNDA:11298,_ZN4givp6detailL16perturb_solutionINS0_3RngEEESt6vectorIdSaIdEERKS5_mmS7_S7_RT_
FNDA:880,_ZN4givp6detail10ils_searchIZNS0_3runIRFdRKSt6vectorIdSaIdEEEEENS_14OptimizeResultEOT_RKS3_ISt4pairIddESaISE_EENS_10GivpConfigEEUlS7_E_NS0_3RngEEEdRKSB_RS5_dmS7_S7_mmmRSt8optionalINS0_15EvaluationCacheEERT0_RKSP_INSt6chrono10time_pointINSV_3_V212steady_clockENSV_8durationIlSt5ratioILl1ELl1000000000EEEEEEE
FNDA:46,_ZN4givp6detail10ils_searchIZNS0_3runIRZL22CATCH2_INTERNAL_TEST_6vEUlRKSt6vectorIdSaIdEEE_EENS_14OptimizeResultEOT_RKS3_ISt4pairIddESaISE_EENS_10GivpConfigEEUlS7_E_NS0_3RngEEEdRKSB_RS5_dmS7_S7_mmmRSt8optionalINS0_15EvaluationCacheEERT0_RKSP_INSt6chrono10time_pointINSV_3_V212steady_clockENSV_8durationIlSt5ratioILl1ELl1000000000EEEEEEE
FNDA:66,_ZN4givp6detail10ils_searchIZNS0_3runIRZL22CATCH2_INTERNAL_TEST_8vEUlRKSt6vectorIdSaIdEEE_EENS_14OptimizeResultEOT_RKS3_ISt4pairIddESaISE_EENS_10GivpConfigEEUlS7_E_NS0_3RngEEEdRKSB_RS5_dmS7_S7_mmmRSt8optionalINS0_15EvaluationCacheEERT0_RKSP_INSt6chrono10time_pointINSV_3_V212steady_clockENSV_8durationIlSt5ratioILl1ELl1000000000EEEEEEE
FNDA:30,_ZN4givp6detail10ils_searchIZNS0_3runIRZL23CATCH2_INTERNAL_TEST_12vEUlRKSt6vectorIdSaIdEEE_EENS_14OptimizeResultEOT_RKS3_ISt4pairIddESaISE_EENS_10GivpConfigEEUlS7_E_NS0_3RngEEEdRKSB_RS5_dmS7_S7_mmmRSt8optionalINS0_15EvaluationCacheEERT0_RKSP_INSt6chrono10time_pointINSV_3_V212steady_clockENSV_8durationIlSt5ratioILl1ELl1000000000EEEEEEE
FNDA:46,_ZN4givp6detail10ils_searchIZNS0_3runIRZL23CATCH2_INTERNAL_TEST_14vEUlRKSt6vectorIdSaIdEEE_EENS_14OptimizeResultEOT_RKS3_ISt4pairIddESaISE_EENS_10GivpConfigEEUlS7_E_NS0_3RngEEEdRKSB_RS5_dmS7_S7_mmmRSt8optionalINS0_15EvaluationCacheEERT0_RKSP_INSt6chrono10time_pointINSV_3_V212steady_clockENSV_8durationIlSt5ratioILl1ELl1000000000EEEEEEE
FNDA:46,_ZN4givp6detail10ils_searchIZNS0_3runIRZL23CATCH2_INTERNAL_TEST_16vEUlRKSt6vectorIdSaIdEEE_EENS_14OptimizeResultEOT_RKS3_ISt4pairIddESaISE_EENS_10GivpConfigEEUlS7_E_NS0_3RngEEEdRKSB_RS5_dmS7_S7_mmmRSt8optionalINS0_15EvaluationCacheEERT0_RKSP_INSt6chrono10time_pointINSV_3_V212steady_clockENSV_8durationIlSt5ratioILl1ELl1000000000EEEEEEE
FNDA:14,_ZN4givp6detail10ils_searchIZNS0_3runIRZL23CATCH2_INTERNAL_TEST_30vEUlRKSt6vectorIdSaIdEEE_EENS_14OptimizeResultEOT_RKS3_ISt4pairIddESaISE_EENS_10GivpConfigEEUlS7_E_NS0_3RngEEEdRKSB_RS5_dmS7_S7_mmmRSt8optionalINS0_15EvaluationCacheEERT0_RKSP_INSt6chrono10time_pointINSV_3_V212steady_clockENSV_8durationIlSt5ratioILl1ELl1000000000EEEEEEE
FNDA:10,_ZN4givp6detail10ils_searchIZNS0_3runIRZL23CATCH2_INTERNAL_TEST_42vEUlRKSt6vectorIdSaIdEEE_EENS_14OptimizeResultEOT_RKS3_ISt4pairIddESaISE_EENS_10GivpConfigEEUlS7_E_NS0_3RngEEEdRKSB_RS5_dmS7_S7_mmmRSt8optionalINS0_15EvaluationCacheEERT0_RKSP_INSt6chrono10time_pointINSV_3_V212steady_clockENSV_8durationIlSt5ratioILl1ELl1000000000EEEEEEE
FNDA:24,_ZN4givp6detail10ils_searchIZNS0_3runIRZL23CATCH2_INTERNAL_TEST_44vEUlRKSt6vectorIdSaIdEEE_EENS_14OptimizeResultEOT_RKS3_ISt4pairIddESaISE_EENS_10GivpConfigEEUlS7_E_NS0_3RngEEEdRKSB_RS5_dmS7_S7_mmmRSt8optionalINS0_15EvaluationCacheEERT0_RKSP_INSt6chrono10time_pointINSV_3_V212steady_clockENSV_8durationIlSt5ratioILl1ELl1000000000EEEEEEE
FNDA:0,_ZN4givp6detail10ils_searchIZNS0_3runIZL23CATCH2_INTERNAL_TEST_18vEUlRKSt6vectorIdSaIdEEE_EENS_14OptimizeResultEOT_RKS3_ISt4pairIddESaISD_EENS_10GivpConfigEEUlS7_E_NS0_3RngEEEdRKSA_RS5_dmS7_S7_mmmRSt8optionalINS0_15EvaluationCacheEERT0_RKSO_INSt6chrono10time_pointINSU_3_V212steady_clockENSU_8durationIlSt5ratioILl1ELl1000000000EEEEEEE
FNDA:0,_ZN4givp6detail10ils_searchIZNS0_3runIZL23CATCH2_INTERNAL_TEST_20vEUlRKSt6vectorIdSaIdEEE_EENS_14OptimizeResultEOT_RKS3_ISt4pairIddESaISD_EENS_10GivpConfigEEUlS7_E_NS0_3RngEEEdRKSA_RS5_dmS7_S7_mmmRSt8optionalINS0_15EvaluationCacheEERT0_RKSO_INSt6chrono10time_pointINSU_3_V212steady_clockENSU_8durationIlSt5ratioILl1ELl1000000000EEEEEEE
FNDA:0,_ZN4givp6detail10ils_searchIZNS0_3runIZL23CATCH2_INTERNAL_TEST_22vEUlRKSt6vectorIdSaIdEEE_EENS_14OptimizeResultEOT_RKS3_ISt4pairIddESaISD_EENS_10GivpConfigEEUlS7_E_NS0_3RngEEEdRKSA_RS5_dmS7_S7_mmmRSt8optionalINS0_15EvaluationCacheEERT0_RKSO_INSt6chrono10time_pointINSU_3_V212steady_clockENSU_8durationIlSt5ratioILl1ELl1000000000EEEEEEE
FNDA:0,_ZN4givp6detail10ils_searchIZNS0_3runIZL23CATCH2_INTERNAL_TEST_24vEUlRKSt6vectorIdSaIdEEE_EENS_14OptimizeResultEOT_RKS3_ISt4pairIddESaISD_EENS_10GivpConfigEEUlS7_E_NS0_3RngEEEdRKSA_RS5_dmS7_S7_mmmRSt8optionalINS0_15EvaluationCacheEERT0_RKSO_INSt6chrono10time_pointINSU_3_V212steady_clockENSU_8durationIlSt5ratioILl1ELl1000000000EEEEEEE
FNDA:0,_ZN4givp6detail10ils_searchIZNS0_3runIZL23CATCH2_INTERNAL_TEST_26vEUlRKSt6vectorIdSaIdEEE_EENS_14OptimizeResultEOT_RKS3_ISt4pairIddESaISD_EENS_10GivpConfigEEUlS7_E_NS0_3RngEEEdRKSA_RS5_dmS7_S7_mmmRSt8optionalINS0_15EvaluationCacheEERT0_RKSO_INSt6chrono10time_pointINSU_3_V212steady_clockENSU_8durationIlSt5ratioILl1ELl1000000000EEEEEEE
FNF:15
FNH:10
DA:19,11298
DA:25,11298
DA:26,11298
DA:27,11298
DA:28,11298
DA:29,11298
DA:30,11298
DA:32,24772
DA:33,13474
DA:34,13474
DA:37,24772
DA:38,13474
DA:39,13474
DA:40,1184
DA:41,1184
DA:42,1184
DA:43,1184
DA:45,12290
DA:46,12290
DA:47,12290
DA:52,11298
DA:53,22596
DA:54,11298
DA:58,1162
DA:68,1162
DA:69,1162
DA:71,12460
DA:72,11300
DA:75,22596
DA:76,11298
DA:77,22596
DA:79,22596
DA:80,11298
DA:82,11298
DA:85,11298
DA:87,11298
DA:90,11298
DA:91,2485
DA:92,2485
DA:93,8813
DA:95,302
DA:96,302
DA:100,1162
DA:101,1162
DA:102,1162
LF:45
LH:45
end_of_record
TN:
SF:/workspace/cpp/include/givp/detail/impl_core.hpp
FN:113,375,_ZN4givp6detail3runIRFdRKSt6vectorIdSaIdEEEEENS_14OptimizeResultEOT_RKS2_ISt4pairIddESaISD_EENS_10GivpConfigE
FN:113,375,_ZN4givp6detail3runIRZL22CATCH2_INTERNAL_TEST_6vEUlRKSt6vectorIdSaIdEEE_EENS_14OptimizeResultEOT_RKS2_ISt4pairIddESaISD_EENS_10GivpConfigE
FN:113,375,_ZN4givp6detail3runIRZL22CATCH2_INTERNAL_TEST_8vEUlRKSt6vectorIdSaIdEEE_EENS_14OptimizeResultEOT_RKS2_ISt4pairIddESaISD_EENS_10GivpConfigE
FN:113,375,_ZN4givp6detail3runIRZL23CATCH2_INTERNAL_TEST_12vEUlRKSt6vectorIdSaIdEEE_EENS_14OptimizeResultEOT_RKS2_ISt4pairIddESaISD_EENS_10GivpConfigE
FN:113,375,_ZN4givp6detail3runIRZL23CATCH2_INTERNAL_TEST_14vEUlRKSt6vectorIdSaIdEEE_EENS_14OptimizeResultEOT_RKS2_ISt4pairIddESaISD_EENS_10GivpConfigE
FN:113,375,_ZN4givp6detail3runIRZL23CATCH2_INTERNAL_TEST_16vEUlRKSt6vectorIdSaIdEEE_EENS_14OptimizeResultEOT_RKS2_ISt4pairIddESaISD_EENS_10GivpConfigE
FN:113,375,_ZN4givp6detail3runIRZL23CATCH2_INTERNAL_TEST_30vEUlRKSt6vectorIdSaIdEEE_EENS_14OptimizeResultEOT_RKS2_ISt4pairIddESaISD_EENS_10GivpConfigE
FN:113,375,_ZN4givp6detail3runIRZL23CATCH2_INTERNAL_TEST_42vEUlRKSt6vectorIdSaIdEEE_EENS_14OptimizeResultEOT_RKS2_ISt4pairIddESaISD_EENS_10GivpConfigE
FN:113,375,_ZN4givp6detail3runIRZL23CATCH2_INTERNAL_TEST_44vEUlRKSt6vectorIdSaIdEEE_EENS_14OptimizeResultEOT_RKS2_ISt4pairIddESaISD_EENS_10GivpConfigE
FN:113,375,_ZN4givp6detail3runIZL23CATCH2_INTERNAL_TEST_18vEUlRKSt6vectorIdSaIdEEE_EENS_14OptimizeResultEOT_RKS2_ISt4pairIddESaISC_EENS_10GivpConfigE
FN:113,375,_ZN4givp6detail3runIZL23CATCH2_INTERNAL_TEST_20vEUlRKSt6vectorIdSaIdEEE_EENS_14OptimizeResultEOT_RKS2_ISt4pairIddESaISC_EENS_10GivpConfigE
FN:113,375,_ZN4givp6detail3runIZL23CATCH2_INTERNAL_TEST_22vEUlRKSt6vectorIdSaIdEEE_EENS_14OptimizeResultEOT_RKS2_ISt4pairIddESaISC_EENS_10GivpConfigE
FN:113,375,_ZN4givp6detail3runIZL23CATCH2_INTERNAL_TEST_24vEUlRKSt6vectorIdSaIdEEE_EENS_14OptimizeResultEOT_RKS2_ISt4pairIddESaISC_EENS_10GivpConfigE
FN:113,375,_ZN4givp6detail3runIZL23CATCH2_INTERNAL_TEST_26vEUlRKSt6vectorIdSaIdEEE_EENS_14OptimizeResultEOT_RKS2_ISt4pairIddESaISC_EENS_10GivpConfigE
FN:134,134,_ZZN4givp6detail3runIRFdRKSt6vectorIdSaIdEEEEENS_14OptimizeResultEOT_RKS2_ISt4pairIddESaISD_EENS_10GivpConfigEENKUlS6_E_clES6_
FN:134,134,_ZZN4givp6detail3runIRZL22CATCH2_INTERNAL_TEST_6vEUlRKSt6vectorIdSaIdEEE_EENS_14OptimizeResultEOT_RKS2_ISt4pairIddESaISD_EENS_10GivpConfigEENKUlS6_E_clES6_
FN:134,134,_ZZN4givp6detail3runIRZL22CATCH2_INTERNAL_TEST_8vEUlRKSt6vectorIdSaIdEEE_EENS_14OptimizeResultEOT_RKS2_ISt4pairIddESaISD_EENS_10GivpConfigEENKUlS6_E_clES6_
FN:134,134,_ZZN4givp6detail3runIRZL23CATCH2_INTERNAL_TEST_12vEUlRKSt6vectorIdSaIdEEE_EENS_14OptimizeResultEOT_RKS2_ISt4pairIddESaISD_EENS_10GivpConfigEENKUlS6_E_clES6_
FN:134,134,_ZZN4givp6detail3runIRZL23CATCH2_INTERNAL_TEST_14vEUlRKSt6vectorIdSaIdEEE_EENS_14OptimizeResultEOT_RKS2_ISt4pairIddESaISD_EENS_10GivpConfigEENKUlS6_E_clES6_
FN:134,134,_ZZN4givp6detail3runIRZL23CATCH2_INTERNAL_TEST_16vEUlRKSt6vectorIdSaIdEEE_EENS_14OptimizeResultEOT_RKS2_ISt4pairIddESaISD_EENS_10GivpConfigEENKUlS6_E_clES6_
FN:134,134,_ZZN4givp6detail3runIRZL23CATCH2_INTERNAL_TEST_30vEUlRKSt6vectorIdSaIdEEE_EENS_14OptimizeResultEOT_RKS2_ISt4pairIddESaISD_EENS_10GivpConfigEENKUlS6_E_clES6_
FN:134,134,_ZZN4givp6detail3runIRZL23CATCH2_INTERNAL_TEST_42vEUlRKSt6vectorIdSaIdEEE_EENS_14OptimizeResultEOT_RKS2_ISt4pairIddESaISD_EENS_10GivpConfigEENKUlS6_E_clES6_
FN:134,134,_ZZN4givp6detail3runIRZL23CATCH2_INTERNAL_TEST_44vEUlRKSt6vectorIdSaIdEEE_EENS_14OptimizeResultEOT_RKS2_ISt4pairIddESaISD_EENS_10GivpConfigEENKUlS6_E_clES6_
FN:134,134,_ZZN4givp6detail3runIZL23CATCH2_INTERNAL_TEST_18vEUlRKSt6vectorIdSaIdEEE_EENS_14OptimizeResultEOT_RKS2_ISt4pairIddESaISC_EENS_10GivpConfigEENKUlS6_E_clES6_
FN:134,134,_ZZN4givp6detail3runIZL23CATCH2_INTERNAL_TEST_20vEUlRKSt6vectorIdSaIdEEE_EENS_14OptimizeResultEOT_RKS2_ISt4pairIddESaISC_EENS_10GivpConfigEENKUlS6_E_clES6_
FN:134,134,_ZZN4givp6detail3runIZL23CATCH2_INTERNAL_TEST_22vEUlRKSt6vectorIdSaIdEEE_EENS_14OptimizeResultEOT_RKS2_ISt4pairIddESaISC_EENS_10GivpConfigEENKUlS6_E_clES6_
FN:134,134,_ZZN4givp6detail3runIZL23CATCH2_INTERNAL_TEST_24vEUlRKSt6vectorIdSaIdEEE_EENS_14OptimizeResultEOT_RKS2_ISt4pairIddESaISC_EENS_10GivpConfigEENKUlS6_E_clES6_
FN:134,134,_ZZN4givp6detail3runIZL23CATCH2_INTERNAL_TEST_26vEUlRKSt6vectorIdSaIdEEE_EENS_14OptimizeResultEOT_RKS2_ISt4pairIddESaISC_EENS_10GivpConfigEENKUlS6_E_clES6_
FN:248,248,_ZZN4givp6detail3runIRFdRKSt6vectorIdSaIdEEEEENS_14OptimizeResultEOT_RKS2_ISt4pairIddESaISD_EENS_10GivpConfigEENUlvE_clEv
FN:248,248,_ZZN4givp6detail3runIRZL22CATCH2_INTERNAL_TEST_6vEUlRKSt6vectorIdSaIdEEE_EENS_14OptimizeResultEOT_RKS2_ISt4pairIddESaISD_EENS_10GivpConfigEENUlvE_clEv
FN:248,248,_ZZN4givp6detail3runIRZL22CATCH2_INTERNAL_TEST_8vEUlRKSt6vectorIdSaIdEEE_EENS_14OptimizeResultEOT_RKS2_ISt4pairIddESaISD_EENS_10GivpConfigEENUlvE_clEv
FN:248,248,_ZZN4givp6detail3runIRZL23CATCH2_INTERNAL_TEST_12vEUlRKSt6vectorIdSaIdEEE_EENS_14OptimizeResultEOT_RKS2_ISt4pairIddESaISD_EENS_10GivpConfigEENUlvE_clEv
FN:248,248,_ZZN4givp6detail3runIRZL23CATCH2_INTERNAL_TEST_14vEUlRKSt6vectorIdSaIdEEE_EENS_14OptimizeResultEOT_RKS2_ISt4pairIddESaISD_EENS_10GivpConfigEENUlvE_clEv
FN:248,248,_ZZN4givp6detail3runIRZL23CATCH2_INTERNAL_TEST_16vEUlRKSt6vectorIdSaIdEEE_EENS_14OptimizeResultEOT_RKS2_ISt4pairIddESaISD_EENS_10GivpConfigEENUlvE_clEv
FN:248,248,_ZZN4givp6detail3runIRZL23CATCH2_INTERNAL_TEST_30vEUlRKSt6vectorIdSaIdEEE_EENS_14OptimizeResultEOT_RKS2_ISt4pairIddESaISD_EENS_10GivpConfigEENUlvE_clEv
FN:248,248,_ZZN4givp6detail3runIRZL23CATCH2_INTERNAL_TEST_42vEUlRKSt6vectorIdSaIdEEE_EENS_14OptimizeResultEOT_RKS2_ISt4pairIddESaISD_EENS_10GivpConfigEENUlvE_clEv
FN:248,248,_ZZN4givp6detail3runIRZL23CATCH2_INTERNAL_TEST_44vEUlRKSt6vectorIdSaIdEEE_EENS_14OptimizeResultEOT_RKS2_ISt4pairIddESaISD_EENS_10GivpConfigEENUlvE_clEv
FN:248,248,_ZZN4givp6detail3runIZL23CATCH2_INTERNAL_TEST_18vEUlRKSt6vectorIdSaIdEEE_EENS_14OptimizeResultEOT_RKS2_ISt4pairIddESaISC_EENS_10GivpConfigEENUlvE_clEv
FN:248,248,_ZZN4givp6detail3runIZL23CATCH2_INTERNAL_TEST_20vEUlRKSt6vectorIdSaIdEEE_EENS_14OptimizeResultEOT_RKS2_ISt4pairIddESaISC_EENS_10GivpConfigEENUlvE_clEv
FN:248,248,_ZZN4givp6detail3runIZL23CATCH2_INTERNAL_TEST_22vEUlRKSt6vectorIdSaIdEEE_EENS_14OptimizeResultEOT_RKS2_ISt4pairIddESaISC_EENS_10GivpConfigEENUlvE_clEv
FN:248,248,_ZZN4givp6detail3runIZL23CATCH2_INTERNAL_TEST_24vEUlRKSt6vectorIdSaIdEEE_EENS_14OptimizeResultEOT_RKS2_ISt4pairIddESaISC_EENS_10GivpConfigEENUlvE_clEv
FN:248,248,_ZZN4givp6detail3runIZL23CATCH2_INTERNAL_TEST_26vEUlRKSt6vectorIdSaIdEEE_EENS_14OptimizeResultEOT_RKS2_ISt4pairIddESaISC_EENS_10GivpConfigEENUlvE_clEv
FN:28,71,_ZN4givp6detail15validate_boundsERKSt6vectorISt4pairIddESaIS3_EERKSt8optionalIS1_IdSaIdEEE
FN:74,109,_ZN4givp6detailL17do_path_relinkingIZNS0_3runIRFdRKSt6vectorIdSaIdEEEEENS_14OptimizeResultEOT_RKS3_ISt4pairIddESaISE_EENS_10GivpConfigEEUlS7_E_EEvRKSB_RKNS0_9ElitePoolERS5_RdmS7_S7_mRSt8optionalINS0_15EvaluationCacheEERNS0_3RngERKSS_INSt6chrono10time_pointINSY_3_V212steady_clockENSY_8durationIlSt5ratioILl1ELl1000000000EEEEEEE
FN:74,109,_ZN4givp6detailL17do_path_relinkingIZNS0_3runIRZL22CATCH2_INTERNAL_TEST_6vEUlRKSt6vectorIdSaIdEEE_EENS_14OptimizeResultEOT_RKS3_ISt4pairIddESaISE_EENS_10GivpConfigEEUlS7_E_EEvRKSB_RKNS0_9ElitePoolERS5_RdmS7_S7_mRSt8optionalINS0_15EvaluationCacheEERNS0_3RngERKSS_INSt6chrono10time_pointINSY_3_V212steady_clockENSY_8durationIlSt5ratioILl1ELl1000000000EEEEEEE
FN:74,109,_ZN4givp6detailL17do_path_relinkingIZNS0_3runIRZL22CATCH2_INTERNAL_TEST_8vEUlRKSt6vectorIdSaIdEEE_EENS_14OptimizeResultEOT_RKS3_ISt4pairIddESaISE_EENS_10GivpConfigEEUlS7_E_EEvRKSB_RKNS0_9ElitePoolERS5_RdmS7_S7_mRSt8optionalINS0_15EvaluationCacheEERNS0_3RngERKSS_INSt6chrono10time_pointINSY_3_V212steady_clockENSY_8durationIlSt5ratioILl1ELl1000000000EEEEEEE
FN:74,109,_ZN4givp6detailL17do_path_relinkingIZNS0_3runIRZL23CATCH2_INTERNAL_TEST_12vEUlRKSt6vectorIdSaIdEEE_EENS_14OptimizeResultEOT_RKS3_ISt4pairIddESaISE_EENS_10GivpConfigEEUlS7_E_EEvRKSB_RKNS0_9ElitePoolERS5_RdmS7_S7_mRSt8optionalINS0_15EvaluationCacheEERNS0_3RngERKSS_INSt6chrono10time_pointINSY_3_V212steady_clockENSY_8durationIlSt5ratioILl1ELl1000000000EEEEEEE
FN:74,109,_ZN4givp6detailL17do_path_relinkingIZNS0_3runIRZL23CATCH2_INTERNAL_TEST_14vEUlRKSt6vectorIdSaIdEEE_EENS_14OptimizeResultEOT_RKS3_ISt4pairIddESaISE_EENS_10GivpConfigEEUlS7_E_EEvRKSB_RKNS0_9ElitePoolERS5_RdmS7_S7_mRSt8optionalINS0_15EvaluationCacheEERNS0_3RngERKSS_INSt6chrono10time_pointINSY_3_V212steady_clockENSY_8durationIlSt5ratioILl1ELl1000000000EEEEEEE
FN:74,109,_ZN4givp6detailL17do_path_relinkingIZNS0_3runIRZL23CATCH2_INTERNAL_TEST_16vEUlRKSt6vectorIdSaIdEEE_EENS_14OptimizeResultEOT_RKS3_ISt4pairIddESaISE_EENS_10GivpConfigEEUlS7_E_EEvRKSB_RKNS0_9ElitePoolERS5_RdmS7_S7_mRSt8optionalINS0_15EvaluationCacheEERNS0_3RngERKSS_INSt6chrono10time_pointINSY_3_V212steady_clockENSY_8durationIlSt5ratioILl1ELl1000000000EEEEEEE
FN:74,109,_ZN4givp6detailL17do_path_relinkingIZNS0_3runIRZL23CATCH2_INTERNAL_TEST_30vEUlRKSt6vectorIdSaIdEEE_EENS_14OptimizeResultEOT_RKS3_ISt4pairIddESaISE_EENS_10GivpConfigEEUlS7_E_EEvRKSB_RKNS0_9ElitePoolERS5_RdmS7_S7_mRSt8optionalINS0_15EvaluationCacheEERNS0_3RngERKSS_INSt6chrono10time_pointINSY_3_V212steady_clockENSY_8durationIlSt5ratioILl1ELl1000000000EEEEEEE
FN:74,109,_ZN4givp6detailL17do_path_relinkingIZNS0_3runIRZL23CATCH2_INTERNAL_TEST_42vEUlRKSt6vectorIdSaIdEEE_EENS_14OptimizeResultEOT_RKS3_ISt4pairIddESaISE_EENS_10GivpConfigEEUlS7_E_EEvRKSB_RKNS0_9ElitePoolERS5_RdmS7_S7_mRSt8optionalINS0_15EvaluationCacheEERNS0_3RngERKSS_INSt6chrono10time_pointINSY_3_V212steady_clockENSY_8durationIlSt5ratioILl1ELl1000000000EEEEEEE
FN:74,109,_ZN4givp6detailL17do_path_relinkingIZNS0_3runIRZL23CATCH2_INTERNAL_TEST_44vEUlRKSt6vectorIdSaIdEEE_EENS_14OptimizeResultEOT_RKS3_ISt4pairIddESaISE_EENS_10GivpConfigEEUlS7_E_EEvRKSB_RKNS0_9ElitePoolERS5_RdmS7_S7_mRSt8optionalINS0_15EvaluationCacheEERNS0_3RngERKSS_INSt6chrono10time_pointINSY_3_V212steady_clockENSY_8durationIlSt5ratioILl1ELl1000000000EEEEEEE
FN:74,109,_ZN4givp6detailL17do_path_relinkingIZNS0_3runIZL23CATCH2_INTERNAL_TEST_18vEUlRKSt6vectorIdSaIdEEE_EENS_14OptimizeResultEOT_RKS3_ISt4pairIddESaISD_EENS_10GivpConfigEEUlS7_E_EEvRKSA_RKNS0_9ElitePoolERS5_RdmS7_S7_mRSt8optionalINS0_15EvaluationCacheEERNS0_3RngERKSR_INSt6chrono10time_pointINSX_3_V212steady_clockENSX_8durationIlSt5ratioILl1ELl1000000000EEEEEEE
FN:74,109,_ZN4givp6detailL17do_path_relinkingIZNS0_3runIZL23CATCH2_INTERNAL_TEST_20vEUlRKSt6vectorIdSaIdEEE_EENS_14OptimizeResultEOT_RKS3_ISt4pairIddESaISD_EENS_10GivpConfigEEUlS7_E_EEvRKSA_RKNS0_9ElitePoolERS5_RdmS7_S7_mRSt8optionalINS0_15EvaluationCacheEERNS0_3RngERKSR_INSt6chrono10time_pointINSX_3_V212steady_clockENSX_8durationIlSt5ratioILl1ELl1000000000EEEEEEE
FN:74,109,_ZN4givp6detailL17do_path_relinkingIZNS0_3runIZL23CATCH2_INTERNAL_TEST_22vEUlRKSt6vectorIdSaIdEEE_EENS_14OptimizeResultEOT_RKS3_ISt4pairIddESaISD_EENS_10GivpConfigEEUlS7_E_EEvRKSA_RKNS0_9ElitePoolERS5_RdmS7_S7_mRSt8optionalINS0_15EvaluationCacheEERNS0_3RngERKSR_INSt6chrono10time_pointINSX_3_V212steady_clockENSX_8durationIlSt5ratioILl1ELl1000000000EEEEEEE
FN:74,109,_ZN4givp6detailL17do_path_relinkingIZNS0_3runIZL23CATCH2_INTERNAL_TEST_24vEUlRKSt6vectorIdSaIdEEE_EENS_14OptimizeResultEOT_RKS3_ISt4pairIddESaISD_EENS_10GivpConfigEEUlS7_E_EEvRKSA_RKNS0_9ElitePoolERS5_RdmS7_S7_mRSt8optionalINS0_15EvaluationCacheEERNS0_3RngERKSR_INSt6chrono10time_pointINSX_3_V212steady_clockENSX_8durationIlSt5ratioILl1ELl1000000000EEEEEEE
FN:74,109,_ZN4givp6detailL17do_path_relinkingIZNS0_3runIZL23CATCH2_INTERNAL_TEST_26vEUlRKSt6vectorIdSaIdEEE_EENS_14OptimizeResultEOT_RKS3_ISt4pairIddESaISD_EENS_10GivpConfigEEUlS7_E_EEvRKSA_RKNS0_9ElitePoolERS5_RdmS7_S7_mRSt8optionalINS0_15EvaluationCacheEERNS0_3RngERKSR_INSt6chrono10time_pointINSX_3_V212steady_clockENSX_8durationIlSt5ratioILl1ELl1000000000EEEEEEE
FNDA:34,_ZN4givp6detail3runIRFdRKSt6vectorIdSaIdEEEEENS_14OptimizeResultEOT_RKS2_ISt4pairIddESaISD_EENS_10GivpConfigE
FNDA:2,_ZN4givp6detail3runIRZL22CATCH2_INTERNAL_TEST_6vEUlRKSt6vectorIdSaIdEEE_EENS_14OptimizeResultEOT_RKS2_ISt4pairIddESaISD_EENS_10GivpConfigE
FNDA:2,_ZN4givp6detail3runIRZL22CATCH2_INTERNAL_TEST_8vEUlRKSt6vectorIdSaIdEEE_EENS_14OptimizeResultEOT_RKS2_ISt4pairIddESaISD_EENS_10GivpConfigE
FNDA:2,_ZN4givp6detail3runIRZL23CATCH2_INTERNAL_TEST_12vEUlRKSt6vectorIdSaIdEEE_EENS_14OptimizeResultEOT_RKS2_ISt4pairIddESaISD_EENS_10GivpConfigE
FNDA:2,_ZN4givp6detail3runIRZL23CATCH2_INTERNAL_TEST_14vEUlRKSt6vectorIdSaIdEEE_EENS_14OptimizeResultEOT_RKS2_ISt4pairIddESaISD_EENS_10GivpConfigE
FNDA:2,_ZN4givp6detail3runIRZL23CATCH2_INTERNAL_TEST_16vEUlRKSt6vectorIdSaIdEEE_EENS_14OptimizeResultEOT_RKS2_ISt4pairIddESaISD_EENS_10GivpConfigE
FNDA:2,_ZN4givp6detail3runIRZL23CATCH2_INTERNAL_TEST_30vEUlRKSt6vectorIdSaIdEEE_EENS_14OptimizeResultEOT_RKS2_ISt4pairIddESaISD_EENS_10GivpConfigE
FNDA:2,_ZN4givp6detail3runIRZL23CATCH2_INTERNAL_TEST_42vEUlRKSt6vectorIdSaIdEEE_EENS_14OptimizeResultEOT_RKS2_ISt4pairIddESaISD_EENS_10GivpConfigE
FNDA:2,_ZN4givp6detail3runIRZL23CATCH2_INTERNAL_TEST_44vEUlRKSt6vectorIdSaIdEEE_EENS_14OptimizeResultEOT_RKS2_ISt4pairIddESaISD_EENS_10GivpConfigE
FNDA:2,_ZN4givp6detail3runIZL23CATCH2_INTERNAL_TEST_18vEUlRKSt6vectorIdSaIdEEE_EENS_14OptimizeResultEOT_RKS2_ISt4pairIddESaISC_EENS_10GivpConfigE
FNDA:2,_ZN4givp6detail3runIZL23CATCH2_INTERNAL_TEST_20vEUlRKSt6vectorIdSaIdEEE_EENS_14OptimizeResultEOT_RKS2_ISt4pairIddESaISC_EENS_10GivpConfigE
FNDA:2,_ZN4givp6detail3runIZL23CATCH2_INTERNAL_TEST_22vEUlRKSt6vectorIdSaIdEEE_EENS_14OptimizeResultEOT_RKS2_ISt4pairIddESaISC_EENS_10GivpConfigE
FNDA:2,_ZN4givp6detail3runIZL23CATCH2_INTERNAL_TEST_24vEUlRKSt6vectorIdSaIdEEE_EENS_14OptimizeResultEOT_RKS2_ISt4pairIddESaISC_EENS_10GivpConfigE
FNDA:2,_ZN4givp6detail3runIZL23CATCH2_INTERNAL_TEST_26vEUlRKSt6vectorIdSaIdEEE_EENS_14OptimizeResultEOT_RKS2_ISt4pairIddESaISC_EENS_10GivpConfigE
FNDA:105971835,_ZZN4givp6detail3runIRFdRKSt6vectorIdSaIdEEEEENS_14OptimizeResultEOT_RKS2_ISt4pairIddESaISD_EENS_10GivpConfigEENKUlS6_E_clES6_
FNDA:6428418,_ZZN4givp6detail3runIRZL22CATCH2_INTERNAL_TEST_6vEUlRKSt6vectorIdSaIdEEE_EENS_14OptimizeResultEOT_RKS2_ISt4pairIddESaISD_EENS_10GivpConfigEENKUlS6_E_clES6_
FNDA:9238228,_ZZN4givp6detail3runIRZL22CATCH2_INTERNAL_TEST_8vEUlRKSt6vectorIdSaIdEEE_EENS_14OptimizeResultEOT_RKS2_ISt4pairIddESaISD_EENS_10GivpConfigEENKUlS6_E_clES6_
FNDA:2002,_ZZN4givp6detail3runIRZL23CATCH2_INTERNAL_TEST_12vEUlRKSt6vectorIdSaIdEEE_EENS_14OptimizeResultEOT_RKS2_ISt4pairIddESaISD_EENS_10GivpConfigEENKUlS6_E_clES6_
FNDA:13798,_ZZN4givp6detail3runIRZL23CATCH2_INTERNAL_TEST_14vEUlRKSt6vectorIdSaIdEEE_EENS_14OptimizeResultEOT_RKS2_ISt4pairIddESaISD_EENS_10GivpConfigEENKUlS6_E_clES6_
FNDA:10452,_ZZN4givp6detail3runIRZL23CATCH2_INTERNAL_TEST_16vEUlRKSt6vectorIdSaIdEEE_EENS_14OptimizeResultEOT_RKS2_ISt4pairIddESaISD_EENS_10GivpConfigEENKUlS6_E_clES6_
FNDA:59358,_ZZN4givp6detail3runIRZL23CATCH2_INTERNAL_TEST_30vEUlRKSt6vectorIdSaIdEEE_EENS_14OptimizeResultEOT_RKS2_ISt4pairIddESaISD_EENS_10GivpConfigEENKUlS6_E_clES6_
FNDA:8030,_ZZN4givp6detail3runIRZL23CATCH2_INTERNAL_TEST_42vEUlRKSt6vectorIdSaIdEEE_EENS_14OptimizeResultEOT_RKS2_ISt4pairIddESaISD_EENS_10GivpConfigEENKUlS6_E_clES6_
FNDA:2144,_ZZN4givp6detail3runIRZL23CATCH2_INTERNAL_TEST_44vEUlRKSt6vectorIdSaIdEEE_EENS_14OptimizeResultEOT_RKS2_ISt4pairIddESaISD_EENS_10GivpConfigEENKUlS6_E_clES6_
FNDA:0,_ZZN4givp6detail3runIZL23CATCH2_INTERNAL_TEST_18vEUlRKSt6vectorIdSaIdEEE_EENS_14OptimizeResultEOT_RKS2_ISt4pairIddESaISC_EENS_10GivpConfigEENKUlS6_E_clES6_
FNDA:0,_ZZN4givp6detail3runIZL23CATCH2_INTERNAL_TEST_20vEUlRKSt6vectorIdSaIdEEE_EENS_14OptimizeResultEOT_RKS2_ISt4pairIddESaISC_EENS_10GivpConfigEENKUlS6_E_clES6_
FNDA:0,_ZZN4givp6detail3runIZL23CATCH2_INTERNAL_TEST_22vEUlRKSt6vectorIdSaIdEEE_EENS_14OptimizeResultEOT_RKS2_ISt4pairIddESaISC_EENS_10GivpConfigEENKUlS6_E_clES6_
FNDA:0,_ZZN4givp6detail3runIZL23CATCH2_INTERNAL_TEST_24vEUlRKSt6vectorIdSaIdEEE_EENS_14OptimizeResultEOT_RKS2_ISt4pairIddESaISC_EENS_10GivpConfigEENKUlS6_E_clES6_
FNDA:0,_ZZN4givp6detail3runIZL23CATCH2_INTERNAL_TEST_26vEUlRKSt6vectorIdSaIdEEE_EENS_14OptimizeResultEOT_RKS2_ISt4pairIddESaISC_EENS_10GivpConfigEENKUlS6_E_clES6_
FNDA:37,_ZZN4givp6detail3runIRFdRKSt6vectorIdSaIdEEEEENS_14OptimizeResultEOT_RKS2_ISt4pairIddESaISD_EENS_10GivpConfigEENUlvE_clEv
FNDA:0,_ZZN4givp6detail3runIRZL22CATCH2_INTERNAL_TEST_6vEUlRKSt6vectorIdSaIdEEE_EENS_14OptimizeResultEOT_RKS2_ISt4pairIddESaISD_EENS_10GivpConfigEENUlvE_clEv
FNDA:0,_ZZN4givp6detail3runIRZL22CATCH2_INTERNAL_TEST_8vEUlRKSt6vectorIdSaIdEEE_EENS_14OptimizeResultEOT_RKS2_ISt4pairIddESaISD_EENS_10GivpConfigEENUlvE_clEv
FNDA:0,_ZZN4givp6detail3runIRZL23CATCH2_INTERNAL_TEST_12vEUlRKSt6vectorIdSaIdEEE_EENS_14OptimizeResultEOT_RKS2_ISt4pairIddESaISD_EENS_10GivpConfigEENUlvE_clEv
FNDA:0,_ZZN4givp6detail3runIRZL23CATCH2_INTERNAL_TEST_14vEUlRKSt6vectorIdSaIdEEE_EENS_14OptimizeResultEOT_RKS2_ISt4pairIddESaISD_EENS_10GivpConfigEENUlvE_clEv
FNDA:0,_ZZN4givp6detail3runIRZL23CATCH2_INTERNAL_TEST_16vEUlRKSt6vectorIdSaIdEEE_EENS_14OptimizeResultEOT_RKS2_ISt4pairIddESaISD_EENS_10GivpConfigEENUlvE_clEv
FNDA:0,_ZZN4givp6detail3runIRZL23CATCH2_INTERNAL_TEST_30vEUlRKSt6vectorIdSaIdEEE_EENS_14OptimizeResultEOT_RKS2_ISt4pairIddESaISD_EENS_10GivpConfigEENUlvE_clEv
FNDA:0,_ZZN4givp6detail3runIRZL23CATCH2_INTERNAL_TEST_42vEUlRKSt6vectorIdSaIdEEE_EENS_14OptimizeResultEOT_RKS2_ISt4pairIddESaISD_EENS_10GivpConfigEENUlvE_clEv
FNDA:0,_ZZN4givp6detail3runIRZL23CATCH2_INTERNAL_TEST_44vEUlRKSt6vectorIdSaIdEEE_EENS_14OptimizeResultEOT_RKS2_ISt4pairIddESaISD_EENS_10GivpConfigEENUlvE_clEv
FNDA:0,_ZZN4givp6detail3runIZL23CATCH2_INTERNAL_TEST_18vEUlRKSt6vectorIdSaIdEEE_EENS_14OptimizeResultEOT_RKS2_ISt4pairIddESaISC_EENS_10GivpConfigEENUlvE_clEv
FNDA:0,_ZZN4givp6detail3runIZL23CATCH2_INTERNAL_TEST_20vEUlRKSt6vectorIdSaIdEEE_EENS_14OptimizeResultEOT_RKS2_ISt4pairIddESaISC_EENS_10GivpConfigEENUlvE_clEv
FNDA:0,_ZZN4givp6detail3runIZL23CATCH2_INTERNAL_TEST_22vEUlRKSt6vectorIdSaIdEEE_EENS_14OptimizeResultEOT_RKS2_ISt4pairIddESaISC_EENS_10GivpConfigEENUlvE_clEv
FNDA:0,_ZZN4givp6detail3runIZL23CATCH2_INTERNAL_TEST_24vEUlRKSt6vectorIdSaIdEEE_EENS_14OptimizeResultEOT_RKS2_ISt4pairIddESaISC_EENS_10GivpConfigEENUlvE_clEv
FNDA:0,_ZZN4givp6detail3runIZL23CATCH2_INTERNAL_TEST_26vEUlRKSt6vectorIdSaIdEEE_EENS_14OptimizeResultEOT_RKS2_ISt4pairIddESaISC_EENS_10GivpConfigEENUlvE_clEv
FNDA:60,_ZN4givp6detail15validate_boundsERKSt6vectorISt4pairIddESaIS3_EERKSt8optionalIS1_IdSaIdEEE
FNDA:128,_ZN4givp6detailL17do_path_relinkingIZNS0_3runIRFdRKSt6vectorIdSaIdEEEEENS_14OptimizeResultEOT_RKS3_ISt4pairIddESaISE_EENS_10GivpConfigEEUlS7_E_EEvRKSB_RKNS0_9ElitePoolERS5_RdmS7_S7_mRSt8optionalINS0_15EvaluationCacheEERNS0_3RngERKSS_INSt6chrono10time_pointINSY_3_V212steady_clockENSY_8durationIlSt5ratioILl1ELl1000000000EEEEEEE
FNDA:4,_ZN4givp6detailL17do_path_relinkingIZNS0_3runIRZL22CATCH2_INTERNAL_TEST_6vEUlRKSt6vectorIdSaIdEEE_EENS_14OptimizeResultEOT_RKS3_ISt4pairIddESaISE_EENS_10GivpConfigEEUlS7_E_EEvRKSB_RKNS0_9ElitePoolERS5_RdmS7_S7_mRSt8optionalINS0_15EvaluationCacheEERNS0_3RngERKSS_INSt6chrono10time_pointINSY_3_V212steady_clockENSY_8durationIlSt5ratioILl1ELl1000000000EEEEEEE
FNDA:6,_ZN4givp6detailL17do_path_relinkingIZNS0_3runIRZL22CATCH2_INTERNAL_TEST_8vEUlRKSt6vectorIdSaIdEEE_EENS_14OptimizeResultEOT_RKS3_ISt4pairIddESaISE_EENS_10GivpConfigEEUlS7_E_EEvRKSB_RKNS0_9ElitePoolERS5_RdmS7_S7_mRSt8optionalINS0_15EvaluationCacheEERNS0_3RngERKSS_INSt6chrono10time_pointINSY_3_V212steady_clockENSY_8durationIlSt5ratioILl1ELl1000000000EEEEEEE
FNDA:10,_ZN4givp6detailL17do_path_relinkingIZNS0_3runIRZL23CATCH2_INTERNAL_TEST_12vEUlRKSt6vectorIdSaIdEEE_EENS_14OptimizeResultEOT_RKS3_ISt4pairIddESaISE_EENS_10GivpConfigEEUlS7_E_EEvRKSB_RKNS0_9ElitePoolERS5_RdmS7_S7_mRSt8optionalINS0_15EvaluationCacheEERNS0_3RngERKSS_INSt6chrono10time_pointINSY_3_V212steady_clockENSY_8durationIlSt5ratioILl1ELl1000000000EEEEEEE
FNDA:4,_ZN4givp6detailL17do_path_relinkingIZNS0_3runIRZL23CATCH2_INTERNAL_TEST_14vEUlRKSt6vectorIdSaIdEEE_EENS_14OptimizeResultEOT_RKS3_ISt4pairIddESaISE_EENS_10GivpConfigEEUlS7_E_EEvRKSB_RKNS0_9ElitePoolERS5_RdmS7_S7_mRSt8optionalINS0_15EvaluationCacheEERNS0_3RngERKSS_INSt6chrono10time_pointINSY_3_V212steady_clockENSY_8durationIlSt5ratioILl1ELl1000000000EEEEEEE
FNDA:4,_ZN4givp6detailL17do_path_relinkingIZNS0_3runIRZL23CATCH2_INTERNAL_TEST_16vEUlRKSt6vectorIdSaIdEEE_EENS_14OptimizeResultEOT_RKS3_ISt4pairIddESaISE_EENS_10GivpConfigEEUlS7_E_EEvRKSB_RKNS0_9ElitePoolERS5_RdmS7_S7_mRSt8optionalINS0_15EvaluationCacheEERNS0_3RngERKSS_INSt6chrono10time_pointINSY_3_V212steady_clockENSY_8durationIlSt5ratioILl1ELl1000000000EEEEEEE
FNDA:0,_ZN4givp6detailL17do_path_relinkingIZNS0_3runIRZL23CATCH2_INTERNAL_TEST_30vEUlRKSt6vectorIdSaIdEEE_EENS_14OptimizeResultEOT_RKS3_ISt4pairIddESaISE_EENS_10GivpConfigEEUlS7_E_EEvRKSB_RKNS0_9ElitePoolERS5_RdmS7_S7_mRSt8optionalINS0_15EvaluationCacheEERNS0_3RngERKSS_INSt6chrono10time_pointINSY_3_V212steady_clockENSY_8durationIlSt5ratioILl1ELl1000000000EEEEEEE
FNDA:0,_ZN4givp6detailL17do_path_relinkingIZNS0_3runIRZL23CATCH2_INTERNAL_TEST_42vEUlRKSt6vectorIdSaIdEEE_EENS_14OptimizeResultEOT_RKS3_ISt4pairIddESaISE_EENS_10GivpConfigEEUlS7_E_EEvRKSB_RKNS0_9ElitePoolERS5_RdmS7_S7_mRSt8optionalINS0_15EvaluationCacheEERNS0_3RngERKSS_INSt6chrono10time_pointINSY_3_V212steady_clockENSY_8durationIlSt5ratioILl1ELl1000000000EEEEEEE
FNDA:18,_ZN4givp6detailL17do_path_relinkingIZNS0_3runIRZL23CATCH2_INTERNAL_TEST_44vEUlRKSt6vectorIdSaIdEEE_EENS_14OptimizeResultEOT_RKS3_ISt4pairIddESaISE_EENS_10GivpConfigEEUlS7_E_EEvRKSB_RKNS0_9ElitePoolERS5_RdmS7_S7_mRSt8optionalINS0_15EvaluationCacheEERNS0_3RngERKSS_INSt6chrono10time_pointINSY_3_V212steady_clockENSY_8durationIlSt5ratioILl1ELl1000000000EEEEEEE
FNDA:0,_ZN4givp6detailL17do_path_relinkingIZNS0_3runIZL23CATCH2_INTERNAL_TEST_18vEUlRKSt6vectorIdSaIdEEE_EENS_14OptimizeResultEOT_RKS3_ISt4pairIddESaISD_EENS_10GivpConfigEEUlS7_E_EEvRKSA_RKNS0_9ElitePoolERS5_RdmS7_S7_mRSt8optionalINS0_15EvaluationCacheEERNS0_3RngERKSR_INSt6chrono10time_pointINSX_3_V212steady_clockENSX_8durationIlSt5ratioILl1ELl1000000000EEEEEEE
FNDA:0,_ZN4givp6detailL17do_path_relinkingIZNS0_3runIZL23CATCH2_INTERNAL_TEST_20vEUlRKSt6vectorIdSaIdEEE_EENS_14OptimizeResultEOT_RKS3_ISt4pairIddESaISD_EENS_10GivpConfigEEUlS7_E_EEvRKSA_RKNS0_9ElitePoolERS5_RdmS7_S7_mRSt8optionalINS0_15EvaluationCacheEERNS0_3RngERKSR_INSt6chrono10time_pointINSX_3_V212steady_clockENSX_8durationIlSt5ratioILl1ELl1000000000EEEEEEE
FNDA:0,_ZN4givp6detailL17do_path_relinkingIZNS0_3runIZL23CATCH2_INTERNAL_TEST_22vEUlRKSt6vectorIdSaIdEEE_EENS_14OptimizeResultEOT_RKS3_ISt4pairIddESaISD_EENS_10GivpConfigEEUlS7_E_EEvRKSA_RKNS0_9ElitePoolERS5_RdmS7_S7_mRSt8optionalINS0_15EvaluationCacheEERNS0_3RngERKSR_INSt6chrono10time_pointINSX_3_V212steady_clockENSX_8durationIlSt5ratioILl1ELl1000000000EEEEEEE
FNDA:0,_ZN4givp6detailL17do_path_relinkingIZNS0_3runIZL23CATCH2_INTERNAL_TEST_24vEUlRKSt6vectorIdSaIdEEE_EENS_14OptimizeResultEOT_RKS3_ISt4pairIddESaISD_EENS_10GivpConfigEEUlS7_E_EEvRKSA_RKNS0_9ElitePoolERS5_RdmS7_S7_mRSt8optionalINS0_15EvaluationCacheEERNS0_3RngERKSR_INSt6chrono10time_pointINSX_3_V212steady_clockENSX_8durationIlSt5ratioILl1ELl1000000000EEEEEEE
FNDA:0,_ZN4givp6detailL17do_path_relinkingIZNS0_3runIZL23CATCH2_INTERNAL_TEST_26vEUlRKSt6vectorIdSaIdEEE_EENS_14OptimizeResultEOT_RKS3_ISt4pairIddESaISD_EENS_10GivpConfigEEUlS7_E_EEvRKSA_RKNS0_9ElitePoolERS5_RdmS7_S7_mRSt8optionalINS0_15EvaluationCacheEERNS0_3RngERKSR_INSt6chrono10time_pointINSX_3_V212steady_clockENSX_8durationIlSt5ratioILl1ELl1000000000EEEEEEE
FNF:57
FNH:32
DA:28,60
DA:33,60
DA:34,6
DA:36,58
DA:37,58
DA:38,58
DA:40,328
DA:42,274
DA:43,274
DA:44,4
DA:45,8
DA:46,6
DA:47,272
DA:48,2
DA:49,270
DA:50,270
DA:53,54
DA:55,10
DA:57,4
DA:58,6
DA:59,30
DA:61,24
DA:62,24
DA:64,4
DA:65,8
DA:66,8
DA:67,6
DA:70,100
DA:71,66
DA:74,174
DA:85,174
DA:86,174
DA:88,584
DA:90,952
DA:92,542
DA:93,0
DA:95,542
DA:96,542
DA:99,542
DA:102,542
DA:104,22
DA:105,22
DA:113,60
DA:117,60
DA:119,60
DA:120,50
DA:124,50
DA:126,50
DA:129,50
DA:133,50
DA:134,121734315
DA:136,106006259
DA:137,106006259
DA:138,121670530
DA:141,50
DA:142,50
DA:143,50
DA:144,48
DA:146,50
DA:147,50
DA:148,50
DA:149,36
DA:151,50
DA:152,50
DA:153,2
DA:154,2
DA:155,4
DA:158,50
DA:161,50
DA:163,6
DA:164,6
DA:165,6
DA:169,44
DA:170,44
DA:174,44
DA:175,44
DA:176,44
DA:178,50
DA:179,50
DA:181,50
DA:182,50
DA:183,50
DA:186,2094
DA:188,1024
DA:190,2
DA:191,2
DA:193,1022
DA:195,2044
DA:198,1022
DA:200,1022
DA:201,1022
DA:202,50
DA:203,1072
DA:206,1022
DA:207,1022
DA:209,1022
DA:212,1002
DA:215,1002
DA:218,1002
DA:220,1002
DA:225,1002
DA:229,1002
DA:238,20
DA:239,20
DA:241,60
DA:243,40
DA:244,40
DA:246,40
DA:248,120
DA:251,0
DA:253,0
DA:255,37
DA:256,0
DA:259,39
DA:261,0
DA:263,40
DA:265,0
DA:268,40
DA:270,0
DA:271,0
DA:274,60
DA:276,40
DA:277,40
DA:279,30
DA:280,30
DA:283,20
DA:286,1022
DA:288,85
DA:289,85
DA:290,85
DA:294,937
DA:297,1022
DA:298,1022
DA:301,1022
DA:302,1022
DA:304,832
DA:305,832
DA:306,832
DA:308,0
DA:309,0
DA:310,0
DA:311,0
DA:312,0
DA:313,0
DA:318,1022
DA:319,2244
DA:320,200
DA:322,174
DA:328,1022
DA:330,120
DA:331,120
DA:335,120
DA:338,120
DA:342,120
DA:344,2
DA:345,2
DA:347,120
DA:348,120
DA:351,1854
DA:352,832
DA:354,0
DA:355,0
DA:358,1022
DA:359,48
DA:363,50
DA:365,50
DA:366,50
DA:367,50
DA:368,50
DA:369,50
DA:370,50
DA:371,50
DA:372,50
DA:373,50
DA:374,100
DA:375,50
LF:176
LH:160
end_of_record
TN:
SF:/workspace/cpp/include/givp/detail/pr.hpp
FN:21,63,_ZN4givp6detailL19path_relinking_bestIZL23CATCH2_INTERNAL_TEST_38vEUlRKSt6vectorIdSaIdEEE_EESt4pairIS4_dERKT_S6_S6_S2_ImSaImEERSt8optionalINS0_15EvaluationCacheEEmRKSF_INSt6chrono10time_pointINSJ_3_V212steady_clockENSJ_8durationIlSt5ratioILl1ELl1000000000EEEEEEE
FN:21,63,_ZN4givp6detailL19path_relinking_bestIZL23CATCH2_INTERNAL_TEST_40vEUlRKSt6vectorIdSaIdEEE_EESt4pairIS4_dERKT_S6_S6_S2_ImSaImEERSt8optionalINS0_15EvaluationCacheEEmRKSF_INSt6chrono10time_pointINSJ_3_V212steady_clockENSJ_8durationIlSt5ratioILl1ELl1000000000EEEEEEE
FN:21,63,_ZN4givp6detailL19path_relinking_bestIZNS0_3runIRFdRKSt6vectorIdSaIdEEEEENS_14OptimizeResultEOT_RKS3_ISt4pairIddESaISE_EENS_10GivpConfigEEUlS7_E_EESD_IS5_dERKSB_S7_S7_S3_ImSaImEERSt8optionalINS0_15EvaluationCacheEEmRKSQ_INSt6chrono10time_pointINSU_3_V212steady_clockENSU_8durationIlSt5ratioILl1ELl1000000000EEEEEEE
FN:21,63,_ZN4givp6detailL19path_relinking_bestIZNS0_3runIRZL22CATCH2_INTERNAL_TEST_6vEUlRKSt6vectorIdSaIdEEE_EENS_14OptimizeResultEOT_RKS3_ISt4pairIddESaISE_EENS_10GivpConfigEEUlS7_E_EESD_IS5_dERKSB_S7_S7_S3_ImSaImEERSt8optionalINS0_15EvaluationCacheEEmRKSQ_INSt6chrono10time_pointINSU_3_V212steady_clockENSU_8durationIlSt5ratioILl1ELl1000000000EEEEEEE
FN:21,63,_ZN4givp6detailL19path_relinking_bestIZNS0_3runIRZL22CATCH2_INTERNAL_TEST_8vEUlRKSt6vectorIdSaIdEEE_EENS_14OptimizeResultEOT_RKS3_ISt4pairIddESaISE_EENS_10GivpConfigEEUlS7_E_EESD_IS5_dERKSB_S7_S7_S3_ImSaImEERSt8optionalINS0_15EvaluationCacheEEmRKSQ_INSt6chrono10time_pointINSU_3_V212steady_clockENSU_8durationIlSt5ratioILl1ELl1000000000EEEEEEE
FN:21,63,_ZN4givp6detailL19path_relinking_bestIZNS0_3runIRZL23CATCH2_INTERNAL_TEST_12vEUlRKSt6vectorIdSaIdEEE_EENS_14OptimizeResultEOT_RKS3_ISt4pairIddESaISE_EENS_10GivpConfigEEUlS7_E_EESD_IS5_dERKSB_S7_S7_S3_ImSaImEERSt8optionalINS0_15EvaluationCacheEEmRKSQ_INSt6chrono10time_pointINSU_3_V212steady_clockENSU_8durationIlSt5ratioILl1ELl1000000000EEEEEEE
FN:21,63,_ZN4givp6detailL19path_relinking_bestIZNS0_3runIRZL23CATCH2_INTERNAL_TEST_14vEUlRKSt6vectorIdSaIdEEE_EENS_14OptimizeResultEOT_RKS3_ISt4pairIddESaISE_EENS_10GivpConfigEEUlS7_E_EESD_IS5_dERKSB_S7_S7_S3_ImSaImEERSt8optionalINS0_15EvaluationCacheEEmRKSQ_INSt6chrono10time_pointINSU_3_V212steady_clockENSU_8durationIlSt5ratioILl1ELl1000000000EEEEEEE
FN:21,63,_ZN4givp6detailL19path_relinking_bestIZNS0_3runIRZL23CATCH2_INTERNAL_TEST_16vEUlRKSt6vectorIdSaIdEEE_EENS_14OptimizeResultEOT_RKS3_ISt4pairIddESaISE_EENS_10GivpConfigEEUlS7_E_EESD_IS5_dERKSB_S7_S7_S3_ImSaImEERSt8optionalINS0_15EvaluationCacheEEmRKSQ_INSt6chrono10time_pointINSU_3_V212steady_clockENSU_8durationIlSt5ratioILl1ELl1000000000EEEEEEE
FN:21,63,_ZN4givp6detailL19path_relinking_bestIZNS0_3runIRZL23CATCH2_INTERNAL_TEST_30vEUlRKSt6vectorIdSaIdEEE_EENS_14OptimizeResultEOT_RKS3_ISt4pairIddESaISE_EENS_10GivpConfigEEUlS7_E_EESD_IS5_dERKSB_S7_S7_S3_ImSaImEERSt8optionalINS0_15EvaluationCacheEEmRKSQ_INSt6chrono10time_pointINSU_3_V212steady_clockENSU_8durationIlSt5ratioILl1ELl1000000000EEEEEEE
FN:21,63,_ZN4givp6detailL19path_relinking_bestIZNS0_3runIRZL23CATCH2_INTERNAL_TEST_42vEUlRKSt6vectorIdSaIdEEE_EENS_14OptimizeResultEOT_RKS3_ISt4pairIddESaISE_EENS_10GivpConfigEEUlS7_E_EESD_IS5_dERKSB_S7_S7_S3_ImSaImEERSt8optionalINS0_15EvaluationCacheEEmRKSQ_INSt6chrono10time_pointINSU_3_V212steady_clockENSU_8durationIlSt5ratioILl1ELl1000000000EEEEEEE
FN:21,63,_ZN4givp6detailL19path_relinking_bestIZNS0_3runIRZL23CATCH2_INTERNAL_TEST_44vEUlRKSt6vectorIdSaIdEEE_EENS_14OptimizeResultEOT_RKS3_ISt4pairIddESaISE_EENS_10GivpConfigEEUlS7_E_EESD_IS5_dERKSB_S7_S7_S3_ImSaImEERSt8optionalINS0_15EvaluationCacheEEmRKSQ_INSt6chrono10time_pointINSU_3_V212steady_clockENSU_8durationIlSt5ratioILl1ELl1000000000EEEEEEE
FN:21,63,_ZN4givp6detailL19path_relinking_bestIZNS0_3runIZL23CATCH2_INTERNAL_TEST_18vEUlRKSt6vectorIdSaIdEEE_EENS_14OptimizeResultEOT_RKS3_ISt4pairIddESaISD_EENS_10GivpConfigEEUlS7_E_EESC_IS5_dERKSA_S7_S7_S3_ImSaImEERSt8optionalINS0_15EvaluationCacheEEmRKSP_INSt6chrono10time_pointINST_3_V212steady_clockENST_8durationIlSt5ratioILl1ELl1000000000EEEEEEE
FN:21,63,_ZN4givp6detailL19path_relinking_bestIZNS0_3runIZL23CATCH2_INTERNAL_TEST_20vEUlRKSt6vectorIdSaIdEEE_EENS_14OptimizeResultEOT_RKS3_ISt4pairIddESaISD_EENS_10GivpConfigEEUlS7_E_EESC_IS5_dERKSA_S7_S7_S3_ImSaImEERSt8optionalINS0_15EvaluationCacheEEmRKSP_INSt6chrono10time_pointINST_3_V212steady_clockENST_8durationIlSt5ratioILl1ELl1000000000EEEEEEE
FN:21,63,_ZN4givp6detailL19path_relinking_bestIZNS0_3runIZL23CATCH2_INTERNAL_TEST_22vEUlRKSt6vectorIdSaIdEEE_EENS_14OptimizeResultEOT_RKS3_ISt4pairIddESaISD_EENS_10GivpConfigEEUlS7_E_EESC_IS5_dERKSA_S7_S7_S3_ImSaImEERSt8optionalINS0_15EvaluationCacheEEmRKSP_INSt6chrono10time_pointINST_3_V212steady_clockENST_8durationIlSt5ratioILl1ELl1000000000EEEEEEE
FN:21,63,_ZN4givp6detailL19path_relinking_bestIZNS0_3runIZL23CATCH2_INTERNAL_TEST_24vEUlRKSt6vectorIdSaIdEEE_EENS_14OptimizeResultEOT_RKS3_ISt4pairIddESaISD_EENS_10GivpConfigEEUlS7_E_EESC_IS5_dERKSA_S7_S7_S3_ImSaImEERSt8optionalINS0_15EvaluationCacheEEmRKSP_INSt6chrono10time_pointINST_3_V212steady_clockENST_8durationIlSt5ratioILl1ELl1000000000EEEEEEE
FN:21,63,_ZN4givp6detailL19path_relinking_bestIZNS0_3runIZL23CATCH2_INTERNAL_TEST_26vEUlRKSt6vectorIdSaIdEEE_EENS_14OptimizeResultEOT_RKS3_ISt4pairIddESaISD_EENS_10GivpConfigEEUlS7_E_EESC_IS5_dERKSA_S7_S7_S3_ImSaImEERSt8optionalINS0_15EvaluationCacheEEmRKSP_INSt6chrono10time_pointINST_3_V212steady_clockENST_8durationIlSt5ratioILl1ELl1000000000EEEEEEE
FN:67,109,_ZN4givp6detail28bidirectional_path_relinkingIZL23CATCH2_INTERNAL_TEST_38vEUlRKSt6vectorIdSaIdEEE_NS0_3RngEEESt4pairIS4_dERKT_S6_S6_mRSt8optionalINS0_15EvaluationCacheEERT0_RKSE_INSt6chrono10time_pointINSK_3_V212steady_clockENSK_8durationIlSt5ratioILl1ELl1000000000EEEEEEE
FN:67,109,_ZN4givp6detail28bidirectional_path_relinkingIZL23CATCH2_INTERNAL_TEST_40vEUlRKSt6vectorIdSaIdEEE_NS0_3RngEEESt4pairIS4_dERKT_S6_S6_mRSt8optionalINS0_15EvaluationCacheEERT0_RKSE_INSt6chrono10time_pointINSK_3_V212steady_clockENSK_8durationIlSt5ratioILl1ELl1000000000EEEEEEE
FN:67,109,_ZN4givp6detail28bidirectional_path_relinkingIZNS0_3runIRFdRKSt6vectorIdSaIdEEEEENS_14OptimizeResultEOT_RKS3_ISt4pairIddESaISE_EENS_10GivpConfigEEUlS7_E_NS0_3RngEEESD_IS5_dERKSB_S7_S7_mRSt8optionalINS0_15EvaluationCacheEERT0_RKSP_INSt6chrono10time_pointINSV_3_V212steady_clockENSV_8durationIlSt5ratioILl1ELl1000000000EEEEEEE
FN:67,109,_ZN4givp6detail28bidirectional_path_relinkingIZNS0_3runIRZL22CATCH2_INTERNAL_TEST_6vEUlRKSt6vectorIdSaIdEEE_EENS_14OptimizeResultEOT_RKS3_ISt4pairIddESaISE_EENS_10GivpConfigEEUlS7_E_NS0_3RngEEESD_IS5_dERKSB_S7_S7_mRSt8optionalINS0_15EvaluationCacheEERT0_RKSP_INSt6chrono10time_pointINSV_3_V212steady_clockENSV_8durationIlSt5ratioILl1ELl1000000000EEEEEEE
FN:67,109,_ZN4givp6detail28bidirectional_path_relinkingIZNS0_3runIRZL22CATCH2_INTERNAL_TEST_8vEUlRKSt6vectorIdSaIdEEE_EENS_14OptimizeResultEOT_RKS3_ISt4pairIddESaISE_EENS_10GivpConfigEEUlS7_E_NS0_3RngEEESD_IS5_dERKSB_S7_S7_mRSt8optionalINS0_15EvaluationCacheEERT0_RKSP_INSt6chrono10time_pointINSV_3_V212steady_clockENSV_8durationIlSt5ratioILl1ELl1000000000EEEEEEE
FN:67,109,_ZN4givp6detail28bidirectional_path_relinkingIZNS0_3runIRZL23CATCH2_INTERNAL_TEST_12vEUlRKSt6vectorIdSaIdEEE_EENS_14OptimizeResultEOT_RKS3_ISt4pairIddESaISE_EENS_10GivpConfigEEUlS7_E_NS0_3RngEEESD_IS5_dERKSB_S7_S7_mRSt8optionalINS0_15EvaluationCacheEERT0_RKSP_INSt6chrono10time_pointINSV_3_V212steady_clockENSV_8durationIlSt5ratioILl1ELl1000000000EEEEEEE
FN:67,109,_ZN4givp6detail28bidirectional_path_relinkingIZNS0_3runIRZL23CATCH2_INTERNAL_TEST_14vEUlRKSt6vectorIdSaIdEEE_EENS_14OptimizeResultEOT_RKS3_ISt4pairIddESaISE_EENS_10GivpConfigEEUlS7_E_NS0_3RngEEESD_IS5_dERKSB_S7_S7_mRSt8optionalINS0_15EvaluationCacheEERT0_RKSP_INSt6chrono10time_pointINSV_3_V212steady_clockENSV_8durationIlSt5ratioILl1ELl1000000000EEEEEEE
FN:67,109,_ZN4givp6detail28bidirectional_path_relinkingIZNS0_3runIRZL23CATCH2_INTERNAL_TEST_16vEUlRKSt6vectorIdSaIdEEE_EENS_14OptimizeResultEOT_RKS3_ISt4pairIddESaISE_EENS_10GivpConfigEEUlS7_E_NS0_3RngEEESD_IS5_dERKSB_S7_S7_mRSt8optionalINS0_15EvaluationCacheEERT0_RKSP_INSt6chrono10time_pointINSV_3_V212steady_clockENSV_8durationIlSt5ratioILl1ELl1000000000EEEEEEE
FN:67,109,_ZN4givp6detail28bidirectional_path_relinkingIZNS0_3runIRZL23CATCH2_INTERNAL_TEST_30vEUlRKSt6vectorIdSaIdEEE_EENS_14OptimizeResultEOT_RKS3_ISt4pairIddESaISE_EENS_10GivpConfigEEUlS7_E_NS0_3RngEEESD_IS5_dERKSB_S7_S7_mRSt8optionalINS0_15EvaluationCacheEERT0_RKSP_INSt6chrono10time_pointINSV_3_V212steady_clockENSV_8durationIlSt5ratioILl1ELl1000000000EEEEEEE
FN:67,109,_ZN4givp6detail28bidirectional_path_relinkingIZNS0_3runIRZL23CATCH2_INTERNAL_TEST_42vEUlRKSt6vectorIdSaIdEEE_EENS_14OptimizeResultEOT_RKS3_ISt4pairIddESaISE_EENS_10GivpConfigEEUlS7_E_NS0_3RngEEESD_IS5_dERKSB_S7_S7_mRSt8optionalINS0_15EvaluationCacheEERT0_RKSP_INSt6chrono10time_pointINSV_3_V212steady_clockENSV_8durationIlSt5ratioILl1ELl1000000000EEEEEEE
FN:67,109,_ZN4givp6detail28bidirectional_path_relinkingIZNS0_3runIRZL23CATCH2_INTERNAL_TEST_44vEUlRKSt6vectorIdSaIdEEE_EENS_14OptimizeResultEOT_RKS3_ISt4pairIddESaISE_EENS_10GivpConfigEEUlS7_E_NS0_3RngEEESD_IS5_dERKSB_S7_S7_mRSt8optionalINS0_15EvaluationCacheEERT0_RKSP_INSt6chrono10time_pointINSV_3_V212steady_clockENSV_8durationIlSt5ratioILl1ELl1000000000EEEEEEE
FN:67,109,_ZN4givp6detail28bidirectional_path_relinkingIZNS0_3runIZL23CATCH2_INTERNAL_TEST_18vEUlRKSt6vectorIdSaIdEEE_EENS_14OptimizeResultEOT_RKS3_ISt4pairIddESaISD_EENS_10GivpConfigEEUlS7_E_NS0_3RngEEESC_IS5_dERKSA_S7_S7_mRSt8optionalINS0_15EvaluationCacheEERT0_RKSO_INSt6chrono10time_pointINSU_3_V212steady_clockENSU_8durationIlSt5ratioILl1ELl1000000000EEEEEEE
FN:67,109,_ZN4givp6detail28bidirectional_path_relinkingIZNS0_3runIZL23CATCH2_INTERNAL_TEST_20vEUlRKSt6vectorIdSaIdEEE_EENS_14OptimizeResultEOT_RKS3_ISt4pairIddESaISD_EENS_10GivpConfigEEUlS7_E_NS0_3RngEEESC_IS5_dERKSA_S7_S7_mRSt8optionalINS0_15EvaluationCacheEERT0_RKSO_INSt6chrono10time_pointINSU_3_V212steady_clockENSU_8durationIlSt5ratioILl1ELl1000000000EEEEEEE
FN:67,109,_ZN4givp6detail28bidirectional_path_relinkingIZNS0_3runIZL23CATCH2_INTERNAL_TEST_22vEUlRKSt6vectorIdSaIdEEE_EENS_14OptimizeResultEOT_RKS3_ISt4pairIddESaISD_EENS_10GivpConfigEEUlS7_E_NS0_3RngEEESC_IS5_dERKSA_S7_S7_mRSt8optionalINS0_15EvaluationCacheEERT0_RKSO_INSt6chrono10time_pointINSU_3_V212steady_clockENSU_8durationIlSt5ratioILl1ELl1000000000EEEEEEE
FN:67,109,_ZN4givp6detail28bidirectional_path_relinkingIZNS0_3runIZL23CATCH2_INTERNAL_TEST_24vEUlRKSt6vectorIdSaIdEEE_EENS_14OptimizeResultEOT_RKS3_ISt4pairIddESaISD_EENS_10GivpConfigEEUlS7_E_NS0_3RngEEESC_IS5_dERKSA_S7_S7_mRSt8optionalINS0_15EvaluationCacheEERT0_RKSO_INSt6chrono10time_pointINSU_3_V212steady_clockENSU_8durationIlSt5ratioILl1ELl1000000000EEEEEEE
FN:67,109,_ZN4givp6detail28bidirectional_path_relinkingIZNS0_3runIZL23CATCH2_INTERNAL_TEST_26vEUlRKSt6vectorIdSaIdEEE_EENS_14OptimizeResultEOT_RKS3_ISt4pairIddESaISD_EENS_10GivpConfigEEUlS7_E_NS0_3RngEEESC_IS5_dERKSA_S7_S7_mRSt8optionalINS0_15EvaluationCacheEERT0_RKSO_INSt6chrono10time_pointINSU_3_V212steady_clockENSU_8durationIlSt5ratioILl1ELl1000000000EEEEEEE
FN:88,88,_ZZN4givp6detail28bidirectional_path_relinkingIZL23CATCH2_INTERNAL_TEST_38vEUlRKSt6vectorIdSaIdEEE_NS0_3RngEEESt4pairIS4_dERKT_S6_S6_mRSt8optionalINS0_15EvaluationCacheEERT0_RKSE_INSt6chrono10time_pointINSK_3_V212steady_clockENSK_8durationIlSt5ratioILl1ELl1000000000EEEEEEEENKUlmmE_clEmm
FN:88,88,_ZZN4givp6detail28bidirectional_path_relinkingIZL23CATCH2_INTERNAL_TEST_40vEUlRKSt6vectorIdSaIdEEE_NS0_3RngEEESt4pairIS4_dERKT_S6_S6_mRSt8optionalINS0_15EvaluationCacheEERT0_RKSE_INSt6chrono10time_pointINSK_3_V212steady_clockENSK_8durationIlSt5ratioILl1ELl1000000000EEEEEEEENKUlmmE_clEmm
FN:88,88,_ZZN4givp6detail28bidirectional_path_relinkingIZNS0_3runIRFdRKSt6vectorIdSaIdEEEEENS_14OptimizeResultEOT_RKS3_ISt4pairIddESaISE_EENS_10GivpConfigEEUlS7_E_NS0_3RngEEESD_IS5_dERKSB_S7_S7_mRSt8optionalINS0_15EvaluationCacheEERT0_RKSP_INSt6chrono10time_pointINSV_3_V212steady_clockENSV_8durationIlSt5ratioILl1ELl1000000000EEEEEEEENKUlmmE_clEmm
FN:88,88,_ZZN4givp6detail28bidirectional_path_relinkingIZNS0_3runIRZL22CATCH2_INTERNAL_TEST_6vEUlRKSt6vectorIdSaIdEEE_EENS_14OptimizeResultEOT_RKS3_ISt4pairIddESaISE_EENS_10GivpConfigEEUlS7_E_NS0_3RngEEESD_IS5_dERKSB_S7_S7_mRSt8optionalINS0_15EvaluationCacheEERT0_RKSP_INSt6chrono10time_pointINSV_3_V212steady_clockENSV_8durationIlSt5ratioILl1ELl1000000000EEEEEEEENKUlmmE_clEmm
FN:88,88,_ZZN4givp6detail28bidirectional_path_relinkingIZNS0_3runIRZL22CATCH2_INTERNAL_TEST_8vEUlRKSt6vectorIdSaIdEEE_EENS_14OptimizeResultEOT_RKS3_ISt4pairIddESaISE_EENS_10GivpConfigEEUlS7_E_NS0_3RngEEESD_IS5_dERKSB_S7_S7_mRSt8optionalINS0_15EvaluationCacheEERT0_RKSP_INSt6chrono10time_pointINSV_3_V212steady_clockENSV_8durationIlSt5ratioILl1ELl1000000000EEEEEEEENKUlmmE_clEmm
FN:88,88,_ZZN4givp6detail28bidirectional_path_relinkingIZNS0_3runIRZL23CATCH2_INTERNAL_TEST_12vEUlRKSt6vectorIdSaIdEEE_EENS_14OptimizeResultEOT_RKS3_ISt4pairIddESaISE_EENS_10GivpConfigEEUlS7_E_NS0_3RngEEESD_IS5_dERKSB_S7_S7_mRSt8optionalINS0_15EvaluationCacheEERT0_RKSP_INSt6chrono10time_pointINSV_3_V212steady_clockENSV_8durationIlSt5ratioILl1ELl1000000000EEEEEEEENKUlmmE_clEmm
[...]
DA:61,11645657
DA:65,359625808
DA:71,359625808
DA:72,40775924
DA:73,40775924
DA:74,40775924
DA:75,40775924
DA:77,318849884
DA:78,318821952
DA:79,319070992
DA:81,359604649
DA:86,2492334
DA:93,2492334
DA:94,2492345
DA:95,2492349
DA:96,2492339
DA:97,27919660
DA:98,3028
DA:101,2492390
DA:102,2492390
DA:104,15330362
DA:105,12837590
DA:106,12838056
DA:108,12837621
DA:110,11781821
DA:112,12837976
DA:113,137513
DA:114,137509
DA:115,137509
DA:118,4984601
DA:119,2492395
DA:122,2376006
DA:129,2376006
DA:130,2376011
DA:131,2376011
DA:132,2376011
DA:134,26213443
DA:135,23838056
DA:136,23838372
DA:137,23838305
DA:138,23838314
DA:139,19944177
DA:140,19944940
DA:141,19944853
DA:142,19944756
DA:143,19944735
DA:144,19943782
DA:145,12030
DA:146,12030
DA:148,19931752
DA:149,19931741
DA:152,2375387
DA:156,2319087
DA:163,2319087
DA:164,2319087
DA:165,2319079
DA:166,2319079
DA:168,118142425
DA:169,115846716
DA:170,115847124
DA:171,115805910
DA:172,115828180
DA:174,435568170
DA:175,319753224
DA:176,319810129
DA:178,435659044
DA:179,319845890
DA:180,115813154
DA:181,115838107
DA:182,115806308
DA:183,8562
DA:184,8562
DA:186,115797746
DA:189,2315597
DA:195,13001
DA:204,13001
DA:205,13002
DA:206,13002
DA:207,13002
DA:208,13002
DA:210,2505404
DA:211,2492404
DA:214,15330050
DA:217,2492309
DA:220,2492407
DA:222,2492407
DA:223,2376016
DA:225,2376016
DA:228,2376013
DA:230,2376013
DA:232,2319091
DA:235,2319089
DA:240,13002
DA:241,13002
LF:118
LH:118
end_of_record
TN:
SF:/workspace/cpp/include/givp/exceptions.hpp
FN:15,15,_ZN4givp9GivpErrorC2ERKNSt7__cxx1112basic_stringIcSt11char_traitsIcESaIcEEE
FN:21,21,_ZN4givp13InvalidBoundsC2ERKNSt7__cxx1112basic_stringIcSt11char_traitsIcESaIcEEE
FN:27,28,_ZN4givp19InvalidInitialGuessC2ERKNSt7__cxx1112basic_stringIcSt11char_traitsIcESaIcEEE
FN:34,34,_ZN4givp13InvalidConfigC2ERKNSt7__cxx1112basic_stringIcSt11char_traitsIcESaIcEEE
FN:46,46,_ZN4givp9EmptyPoolC2ERKNSt7__cxx1112basic_stringIcSt11char_traitsIcESaIcEEE
FNDA:38,_ZN4givp9GivpErrorC2ERKNSt7__cxx1112basic_stringIcSt11char_traitsIcESaIcEEE
FNDA:6,_ZN4givp13InvalidBoundsC2ERKNSt7__cxx1112basic_stringIcSt11char_traitsIcESaIcEEE
FNDA:4,_ZN4givp19InvalidInitialGuessC2ERKNSt7__cxx1112basic_stringIcSt11char_traitsIcESaIcEEE
FNDA:26,_ZN4givp13InvalidConfigC2ERKNSt7__cxx1112basic_stringIcSt11char_traitsIcESaIcEEE
FNDA:2,_ZN4givp9EmptyPoolC2ERKNSt7__cxx1112basic_stringIcSt11char_traitsIcESaIcEEE
FNF:5
FNH:5
DA:15,38
DA:21,6
DA:27,4
DA:28,4
DA:34,26
DA:46,2
LF:6
LH:6
end_of_record
TN:
SF:/workspace/cpp/include/givp/givp.hpp
FN:35,39,_ZN4givp4givpIRFdRKSt6vectorIdSaIdEEEEENS_14OptimizeResultEOT_RKS1_ISt4pairIddESaISC_EENS_10GivpConfigE
FN:35,39,_ZN4givp4givpIRZL22CATCH2_INTERNAL_TEST_6vEUlRKSt6vectorIdSaIdEEE_EENS_14OptimizeResultEOT_RKS1_ISt4pairIddESaISC_EENS_10GivpConfigE
FN:35,39,_ZN4givp4givpIRZL22CATCH2_INTERNAL_TEST_8vEUlRKSt6vectorIdSaIdEEE_EENS_14OptimizeResultEOT_RKS1_ISt4pairIddESaISC_EENS_10GivpConfigE
FN:35,39,_ZN4givp4givpIRZL23CATCH2_INTERNAL_TEST_12vEUlRKSt6vectorIdSaIdEEE_EENS_14OptimizeResultEOT_RKS1_ISt4pairIddESaISC_EENS_10GivpConfigE
FN:35,39,_ZN4givp4givpIRZL23CATCH2_INTERNAL_TEST_14vEUlRKSt6vectorIdSaIdEEE_EENS_14OptimizeResultEOT_RKS1_ISt4pairIddESaISC_EENS_10GivpConfigE
FN:35,39,_ZN4givp4givpIRZL23CATCH2_INTERNAL_TEST_16vEUlRKSt6vectorIdSaIdEEE_EENS_14OptimizeResultEOT_RKS1_ISt4pairIddESaISC_EENS_10GivpConfigE
FN:35,39,_ZN4givp4givpIRZL23CATCH2_INTERNAL_TEST_30vEUlRKSt6vectorIdSaIdEEE_EENS_14OptimizeResultEOT_RKS1_ISt4pairIddESaISC_EENS_10GivpConfigE
FN:35,39,_ZN4givp4givpIRZL23CATCH2_INTERNAL_TEST_42vEUlRKSt6vectorIdSaIdEEE_EENS_14OptimizeResultEOT_RKS1_ISt4pairIddESaISC_EENS_10GivpConfigE
FN:35,39,_ZN4givp4givpIRZL23CATCH2_INTERNAL_TEST_44vEUlRKSt6vectorIdSaIdEEE_EENS_14OptimizeResultEOT_RKS1_ISt4pairIddESaISC_EENS_10GivpConfigE
FN:35,39,_ZN4givp4givpIZL23CATCH2_INTERNAL_TEST_18vEUlRKSt6vectorIdSaIdEEE_EENS_14OptimizeResultEOT_RKS1_ISt4pairIddESaISB_EENS_10GivpConfigE
FN:35,39,_ZN4givp4givpIZL23CATCH2_INTERNAL_TEST_20vEUlRKSt6vectorIdSaIdEEE_EENS_14OptimizeResultEOT_RKS1_ISt4pairIddESaISB_EENS_10GivpConfigE
FN:35,39,_ZN4givp4givpIZL23CATCH2_INTERNAL_TEST_22vEUlRKSt6vectorIdSaIdEEE_EENS_14OptimizeResultEOT_RKS1_ISt4pairIddESaISB_EENS_10GivpConfigE
FN:35,39,_ZN4givp4givpIZL23CATCH2_INTERNAL_TEST_24vEUlRKSt6vectorIdSaIdEEE_EENS_14OptimizeResultEOT_RKS1_ISt4pairIddESaISB_EENS_10GivpConfigE
FN:35,39,_ZN4givp4givpIZL23CATCH2_INTERNAL_TEST_26vEUlRKSt6vectorIdSaIdEEE_EENS_14OptimizeResultEOT_RKS1_ISt4pairIddESaISB_EENS_10GivpConfigE
FNDA:34,_ZN4givp4givpIRFdRKSt6vectorIdSaIdEEEEENS_14OptimizeResultEOT_RKS1_ISt4pairIddESaISC_EENS_10GivpConfigE
FNDA:2,_ZN4givp4givpIRZL22CATCH2_INTERNAL_TEST_6vEUlRKSt6vectorIdSaIdEEE_EENS_14OptimizeResultEOT_RKS1_ISt4pairIddESaISC_EENS_10GivpConfigE
FNDA:2,_ZN4givp4givpIRZL22CATCH2_INTERNAL_TEST_8vEUlRKSt6vectorIdSaIdEEE_EENS_14OptimizeResultEOT_RKS1_ISt4pairIddESaISC_EENS_10GivpConfigE
FNDA:2,_ZN4givp4givpIRZL23CATCH2_INTERNAL_TEST_12vEUlRKSt6vectorIdSaIdEEE_EENS_14OptimizeResultEOT_RKS1_ISt4pairIddESaISC_EENS_10GivpConfigE
FNDA:2,_ZN4givp4givpIRZL23CATCH2_INTERNAL_TEST_14vEUlRKSt6vectorIdSaIdEEE_EENS_14OptimizeResultEOT_RKS1_ISt4pairIddESaISC_EENS_10GivpConfigE
FNDA:2,_ZN4givp4givpIRZL23CATCH2_INTERNAL_TEST_16vEUlRKSt6vectorIdSaIdEEE_EENS_14OptimizeResultEOT_RKS1_ISt4pairIddESaISC_EENS_10GivpConfigE
FNDA:2,_ZN4givp4givpIRZL23CATCH2_INTERNAL_TEST_30vEUlRKSt6vectorIdSaIdEEE_EENS_14OptimizeResultEOT_RKS1_ISt4pairIddESaISC_EENS_10GivpConfigE
FNDA:2,_ZN4givp4givpIRZL23CATCH2_INTERNAL_TEST_42vEUlRKSt6vectorIdSaIdEEE_EENS_14OptimizeResultEOT_RKS1_ISt4pairIddESaISC_EENS_10GivpConfigE
FNDA:2,_ZN4givp4givpIRZL23CATCH2_INTERNAL_TEST_44vEUlRKSt6vectorIdSaIdEEE_EENS_14OptimizeResultEOT_RKS1_ISt4pairIddESaISC_EENS_10GivpConfigE
FNDA:2,_ZN4givp4givpIZL23CATCH2_INTERNAL_TEST_18vEUlRKSt6vectorIdSaIdEEE_EENS_14OptimizeResultEOT_RKS1_ISt4pairIddESaISB_EENS_10GivpConfigE
FNDA:2,_ZN4givp4givpIZL23CATCH2_INTERNAL_TEST_20vEUlRKSt6vectorIdSaIdEEE_EENS_14OptimizeResultEOT_RKS1_ISt4pairIddESaISB_EENS_10GivpConfigE
FNDA:2,_ZN4givp4givpIZL23CATCH2_INTERNAL_TEST_22vEUlRKSt6vectorIdSaIdEEE_EENS_14OptimizeResultEOT_RKS1_ISt4pairIddESaISB_EENS_10GivpConfigE
FNDA:2,_ZN4givp4givpIZL23CATCH2_INTERNAL_TEST_24vEUlRKSt6vectorIdSaIdEEE_EENS_14OptimizeResultEOT_RKS1_ISt4pairIddESaISB_EENS_10GivpConfigE
FNDA:2,_ZN4givp4givpIZL23CATCH2_INTERNAL_TEST_26vEUlRKSt6vectorIdSaIdEEE_EENS_14OptimizeResultEOT_RKS1_ISt4pairIddESaISB_EENS_10GivpConfigE
FNF:14
FNH:14
DA:35,60
DA:38,60
LF:2
LH:2
end_of_record
TN:
SF:/workspace/cpp/include/givp/result.hpp
FN:25,45,_ZN4givp24termination_from_messageERKNSt7__cxx1112basic_stringIcSt11char_traitsIcESaIcEEE
FNDA:62,_ZN4givp24termination_from_messageERKNSt7__cxx1112basic_stringIcSt11char_traitsIcESaIcEEE
FNF:1
FNH:1
DA:25,62
DA:26,62
DA:27,1360
DA:28,1298
DA:29,1298
DA:31,62
DA:32,2
DA:33,110
DA:34,50
DA:35,50
DA:36,10
DA:37,4
DA:38,10
DA:39,4
DA:40,2
DA:41,6
DA:42,2
DA:43,2
DA:44,2
DA:45,62
LF:20
LH:20
end_of_record
TN:
SF:/workspace/cpp/tests/test_advanced.cpp
FN:102,103,_ZZL22CATCH2_INTERNAL_TEST_6vENKUlRKSt6vectorIdSaIdEEE_clES3_
FN:117,134,_ZL22CATCH2_INTERNAL_TEST_8v
FN:122,123,_ZZL22CATCH2_INTERNAL_TEST_8vENKUlRKSt6vectorIdSaIdEEE_clES3_
FN:138,152,_ZL23CATCH2_INTERNAL_TEST_10v
FN:156,179,_ZL23CATCH2_INTERNAL_TEST_12v
FN:164,165,_ZZL23CATCH2_INTERNAL_TEST_12vENKUlRKSt6vectorIdSaIdEEE_clES3_
FN:183,194,_ZL23CATCH2_INTERNAL_TEST_14v
FN:198,212,_ZL23CATCH2_INTERNAL_TEST_16v
FN:214,227,_ZL23CATCH2_INTERNAL_TEST_18v
FN:23,29,_ZL6sphereRKSt6vectorIdSaIdEE
FN:231,247,_ZL23CATCH2_INTERNAL_TEST_20v
FN:251,258,_ZL23CATCH2_INTERNAL_TEST_22v
FN:260,267,_ZL23CATCH2_INTERNAL_TEST_24v
FN:271,288,_ZL23CATCH2_INTERNAL_TEST_26v
FN:292,308,_ZL23CATCH2_INTERNAL_TEST_28v
FN:31,39,_ZL9rastriginRKSt6vectorIdSaIdEE
FN:312,328,_ZL23CATCH2_INTERNAL_TEST_30v
FN:316,317,_ZZL23CATCH2_INTERNAL_TEST_30vENKUlRKSt6vectorIdSaIdEEE_clES3_
FN:43,63,_ZL22CATCH2_INTERNAL_TEST_0v
FN:65,78,_ZL22CATCH2_INTERNAL_TEST_2v
FN:80,94,_ZL22CATCH2_INTERNAL_TEST_4v
FN:98,113,_ZL22CATCH2_INTERNAL_TEST_6v
FNDA:6428418,_ZZL22CATCH2_INTERNAL_TEST_6vENKUlRKSt6vectorIdSaIdEEE_clES3_
FNDA:2,_ZL22CATCH2_INTERNAL_TEST_8v
FNDA:9238228,_ZZL22CATCH2_INTERNAL_TEST_8vENKUlRKSt6vectorIdSaIdEEE_clES3_
FNDA:2,_ZL23CATCH2_INTERNAL_TEST_10v
FNDA:2,_ZL23CATCH2_INTERNAL_TEST_12v
FNDA:2002,_ZZL23CATCH2_INTERNAL_TEST_12vENKUlRKSt6vectorIdSaIdEEE_clES3_
FNDA:2,_ZL23CATCH2_INTERNAL_TEST_14v
FNDA:2,_ZL23CATCH2_INTERNAL_TEST_16v
FNDA:2,_ZL23CATCH2_INTERNAL_TEST_18v
FNDA:27878721,_ZL6sphereRKSt6vectorIdSaIdEE
FNDA:2,_ZL23CATCH2_INTERNAL_TEST_20v
FNDA:2,_ZL23CATCH2_INTERNAL_TEST_22v
FNDA:2,_ZL23CATCH2_INTERNAL_TEST_24v
FNDA:2,_ZL23CATCH2_INTERNAL_TEST_26v
FNDA:2,_ZL23CATCH2_INTERNAL_TEST_28v
FNDA:21996542,_ZL9rastriginRKSt6vectorIdSaIdEE
FNDA:2,_ZL23CATCH2_INTERNAL_TEST_30v
FNDA:59358,_ZZL23CATCH2_INTERNAL_TEST_30vENKUlRKSt6vectorIdSaIdEEE_clES3_
FNDA:2,_ZL22CATCH2_INTERNAL_TEST_0v
FNDA:2,_ZL22CATCH2_INTERNAL_TEST_2v
FNDA:2,_ZL22CATCH2_INTERNAL_TEST_4v
FNDA:2,_ZL22CATCH2_INTERNAL_TEST_6v
FNF:22
FNH:22
DA:23,27878721
DA:25,27878721
DA:26,158526373
DA:27,130651709
DA:28,27663317
DA:31,21996542
DA:33,21996542
DA:34,21996542
DA:35,21996542
DA:36,410040242
DA:37,388043700
DA:38,21996542
DA:43,2
DA:50,4
DA:51,2
DA:52,2
DA:53,2
DA:54,2
DA:56,2
DA:58,2
DA:59,2
DA:61,2
DA:62,2
DA:63,2
DA:65,2
DA:67,2
DA:68,2
DA:69,2
DA:70,2
DA:71,2
DA:73,2
DA:74,2
DA:75,10
DA:76,8
DA:78,2
DA:80,2
DA:86,4
DA:87,2
DA:88,2
DA:89,2
DA:90,2
DA:91,4
DA:93,2
DA:94,2
DA:98,2
DA:102,6428418
DA:103,6428418
DA:104,2
DA:105,2
DA:106,2
DA:107,2
DA:108,2
DA:109,2
DA:110,2
DA:112,2
DA:113,2
DA:117,2
DA:122,9238228
DA:123,9238228
DA:124,2
DA:125,2
DA:126,2
DA:127,2
DA:128,2
DA:129,2
DA:130,2
DA:131,2
DA:133,2
DA:134,2
DA:138,2
DA:142,2
DA:143,2
DA:144,2
DA:145,2
DA:146,2
DA:147,2
DA:148,2
DA:149,2
DA:151,2
DA:152,2
DA:156,2
DA:164,2002
DA:165,2002
DA:167,2
DA:168,2
DA:169,2
DA:170,2
DA:171,2
DA:172,2
DA:173,2
DA:174,2
DA:175,2
DA:176,2
DA:178,2
DA:179,2
DA:183,2
DA:187,2
DA:188,2
DA:190,2
DA:191,2
DA:193,2
DA:194,2
DA:198,2
DA:202,2
DA:203,2
DA:204,2
DA:205,2
DA:206,2
DA:207,2
DA:208,2
DA:210,2
DA:211,2
DA:212,2
DA:214,2
DA:216,2
DA:217,2
DA:218,2
DA:219,2
DA:220,2
DA:221,2
DA:223,2
DA:224,2
DA:225,2
DA:226,2
DA:227,2
DA:231,2
DA:240,4
DA:241,2
DA:242,2
DA:243,2
DA:244,2
DA:246,2
DA:247,2
DA:251,2
DA:253,2
DA:254,2
DA:255,2
DA:256,2
DA:257,2
DA:258,2
DA:260,2
DA:262,2
DA:263,2
DA:264,2
DA:265,2
DA:266,2
DA:267,2
DA:271,2
DA:277,2
DA:278,2
DA:279,2
DA:280,2
DA:281,2
DA:282,2
DA:283,2
DA:284,2
DA:285,2
DA:287,2
DA:288,2
DA:292,2
DA:297,2
DA:298,2
DA:299,2
DA:300,2
DA:301,2
DA:302,2
DA:303,2
DA:304,2
DA:305,2
DA:307,2
DA:308,2
DA:312,2
DA:316,59358
DA:317,59358
DA:318,2
DA:319,2
DA:320,2
DA:321,2
DA:322,2
DA:323,2
DA:324,2
DA:325,2
DA:327,2
DA:328,2
LF:184
LH:184
end_of_record
TN:
SF:/workspace/cpp/tests/test_basic.cpp
FN:103,113,_ZL22CATCH2_INTERNAL_TEST_8v
FN:115,129,_ZL23CATCH2_INTERNAL_TEST_10v
FN:13,19,_ZL6sphereRKSt6vectorIdSaIdEE
FN:131,144,_ZL23CATCH2_INTERNAL_TEST_12v
FN:146,161,_ZL23CATCH2_INTERNAL_TEST_14v
FN:148,153,_ZZL23CATCH2_INTERNAL_TEST_14vENKUlRKSt6vectorIdSaIdEEE_clES3_
FN:163,178,_ZL23CATCH2_INTERNAL_TEST_16v
FN:165,170,_ZZL23CATCH2_INTERNAL_TEST_16vENKUlRKSt6vectorIdSaIdEEE_clES3_
FN:21,28,_ZL10rosenbrockRKSt6vectorIdSaIdEE
FN:30,38,_ZL9rastriginRKSt6vectorIdSaIdEE
FN:42,56,_ZL22CATCH2_INTERNAL_TEST_0v
FN:58,70,_ZL22CATCH2_INTERNAL_TEST_2v
FN:72,84,_ZL22CATCH2_INTERNAL_TEST_4v
FN:86,101,_ZL22CATCH2_INTERNAL_TEST_6v
FNDA:2,_ZL22CATCH2_INTERNAL_TEST_8v
FNDA:2,_ZL23CATCH2_INTERNAL_TEST_10v
FNDA:27524167,_ZL6sphereRKSt6vectorIdSaIdEE
FNDA:2,_ZL23CATCH2_INTERNAL_TEST_12v
FNDA:2,_ZL23CATCH2_INTERNAL_TEST_14v
FNDA:13798,_ZZL23CATCH2_INTERNAL_TEST_14vENKUlRKSt6vectorIdSaIdEEE_clES3_
FNDA:2,_ZL23CATCH2_INTERNAL_TEST_16v
FNDA:10452,_ZZL23CATCH2_INTERNAL_TEST_16vENKUlRKSt6vectorIdSaIdEEE_clES3_
FNDA:21466672,_ZL10rosenbrockRKSt6vectorIdSaIdEE
FNDA:7259268,_ZL9rastriginRKSt6vectorIdSaIdEE
FNDA:2,_ZL22CATCH2_INTERNAL_TEST_0v
FNDA:2,_ZL22CATCH2_INTERNAL_TEST_2v
FNDA:2,_ZL22CATCH2_INTERNAL_TEST_4v
FNDA:2,_ZL22CATCH2_INTERNAL_TEST_6v
FNF:14
FNH:14
DA:13,27524167
DA:15,27524167
DA:16,137041551
DA:17,109517384
DA:18,27524167
DA:21,21466672
DA:23,21466672
DA:24,107333360
DA:25,85866688
DA:26,85866688
DA:27,21466672
DA:30,7259268
DA:32,7259268
DA:33,7259268
DA:34,7259268
DA:35,29037072
DA:36,21777804
DA:37,7259268
DA:42,2
DA:44,2
DA:45,2
DA:46,2
DA:47,2
DA:48,2
DA:50,2
DA:52,2
DA:53,2
DA:54,2
DA:55,2
DA:56,2
DA:58,2
DA:60,2
DA:61,2
DA:62,2
DA:63,2
DA:64,2
DA:66,2
DA:68,2
DA:69,2
DA:70,2
DA:72,2
DA:74,2
DA:75,2
DA:76,2
DA:77,2
DA:78,2
DA:80,2
DA:82,2
DA:83,2
DA:84,2
DA:86,2
DA:89,2
DA:90,2
DA:91,2
DA:92,2
DA:93,2
DA:94,2
DA:96,2
DA:98,2
DA:99,2
DA:100,2
DA:101,2
DA:103,2
DA:105,2
DA:106,2
DA:107,2
DA:108,2
DA:109,2
DA:110,4
DA:112,2
DA:113,2
DA:115,2
DA:117,2
DA:118,2
DA:119,2
DA:120,2
DA:121,2
DA:122,2
DA:124,2
DA:125,2
DA:127,2
DA:128,2
DA:129,2
DA:131,2
DA:133,2
DA:134,2
DA:135,2
DA:136,2
DA:137,2
DA:138,2
DA:140,2
DA:141,2
DA:142,2
DA:143,2
DA:144,2
DA:146,2
DA:148,13798
DA:150,13798
DA:151,10000
DA:152,3798
DA:154,2
DA:155,2
DA:156,2
DA:157,2
DA:158,2
DA:160,2
DA:161,2
DA:163,2
DA:165,10452
DA:167,10452
DA:168,3360
DA:169,7092
DA:171,2
DA:172,2
DA:173,2
DA:174,2
DA:175,2
DA:177,2
DA:178,2
LF:119
LH:119
end_of_record
TN:
SF:/workspace/cpp/tests/test_config.cpp
FN:105,114,_ZL23CATCH2_INTERNAL_TEST_24v
FN:110,110,_ZZL23CATCH2_INTERNAL_TEST_24vENKUlRKSt6vectorIdSaIdEEE_clES3_
FN:116,125,_ZL23CATCH2_INTERNAL_TEST_26v
FN:12,15,_ZL22CATCH2_INTERNAL_TEST_0v
FN:121,121,_ZZL23CATCH2_INTERNAL_TEST_26vENKUlRKSt6vectorIdSaIdEEE_clES3_
FN:129,143,_ZL23CATCH2_INTERNAL_TEST_28v
FN:17,22,_ZL22CATCH2_INTERNAL_TEST_2v
FN:24,29,_ZL22CATCH2_INTERNAL_TEST_4v
FN:31,36,_ZL22CATCH2_INTERNAL_TEST_6v
FN:38,43,_ZL22CATCH2_INTERNAL_TEST_8v
FN:45,50,_ZL23CATCH2_INTERNAL_TEST_10v
FN:52,57,_ZL23CATCH2_INTERNAL_TEST_12v
FN:59,66,_ZL23CATCH2_INTERNAL_TEST_14v
FN:68,74,_ZL23CATCH2_INTERNAL_TEST_16v
FN:78,84,_ZL23CATCH2_INTERNAL_TEST_18v
FN:80,80,_ZZL23CATCH2_INTERNAL_TEST_18vENKUlRKSt6vectorIdSaIdEEE_clES3_
FN:86,93,_ZL23CATCH2_INTERNAL_TEST_20v
FN:89,89,_ZZL23CATCH2_INTERNAL_TEST_20vENKUlRKSt6vectorIdSaIdEEE_clES3_
FN:95,103,_ZL23CATCH2_INTERNAL_TEST_22v
FN:99,99,_ZZL23CATCH2_INTERNAL_TEST_22vENKUlRKSt6vectorIdSaIdEEE_clES3_
FNDA:2,_ZL23CATCH2_INTERNAL_TEST_24v
FNDA:0,_ZZL23CATCH2_INTERNAL_TEST_24vENKUlRKSt6vectorIdSaIdEEE_clES3_
FNDA:2,_ZL23CATCH2_INTERNAL_TEST_26v
FNDA:2,_ZL22CATCH2_INTERNAL_TEST_0v
FNDA:0,_ZZL23CATCH2_INTERNAL_TEST_26vENKUlRKSt6vectorIdSaIdEEE_clES3_
FNDA:2,_ZL23CATCH2_INTERNAL_TEST_28v
FNDA:2,_ZL22CATCH2_INTERNAL_TEST_2v
FNDA:2,_ZL22CATCH2_INTERNAL_TEST_4v
FNDA:2,_ZL22CATCH2_INTERNAL_TEST_6v
FNDA:2,_ZL22CATCH2_INTERNAL_TEST_8v
FNDA:2,_ZL23CATCH2_INTERNAL_TEST_10v
FNDA:2,_ZL23CATCH2_INTERNAL_TEST_12v
FNDA:2,_ZL23CATCH2_INTERNAL_TEST_14v
FNDA:2,_ZL23CATCH2_INTERNAL_TEST_16v
FNDA:2,_ZL23CATCH2_INTERNAL_TEST_18v
FNDA:0,_ZZL23CATCH2_INTERNAL_TEST_18vENKUlRKSt6vectorIdSaIdEEE_clES3_
FNDA:2,_ZL23CATCH2_INTERNAL_TEST_20v
FNDA:0,_ZZL23CATCH2_INTERNAL_TEST_20vENKUlRKSt6vectorIdSaIdEEE_clES3_
FNDA:2,_ZL23CATCH2_INTERNAL_TEST_22v
FNDA:0,_ZZL23CATCH2_INTERNAL_TEST_22vENKUlRKSt6vectorIdSaIdEEE_clES3_
FNF:20
FNH:15
DA:12,2
DA:14,2
DA:15,2
DA:17,2
DA:19,2
DA:20,2
DA:21,2
DA:22,2
DA:24,2
DA:26,2
DA:27,2
DA:28,2
DA:29,2
DA:31,2
DA:33,2
DA:34,2
DA:35,2
DA:36,2
DA:38,2
DA:40,2
DA:41,2
DA:42,2
DA:43,2
DA:45,2
DA:47,2
DA:48,2
DA:49,2
DA:50,2
DA:52,2
DA:54,2
DA:55,2
DA:56,2
DA:57,2
DA:59,2
DA:61,2
DA:62,2
DA:63,2
DA:64,2
DA:65,2
DA:66,2
DA:68,2
DA:70,2
DA:71,2
DA:72,2
DA:73,2
DA:74,2
DA:78,2
DA:80,6
DA:84,2
DA:86,2
DA:88,6
DA:89,4
DA:93,2
DA:95,2
DA:97,2
DA:98,4
DA:99,4
DA:103,2
DA:105,2
DA:107,2
DA:108,2
DA:109,4
DA:110,4
DA:114,2
DA:116,2
DA:118,2
DA:119,2
DA:120,4
DA:121,4
DA:125,2
DA:129,2
DA:131,6
DA:133,6
DA:135,6
DA:137,6
DA:139,6
DA:141,6
DA:143,2
LF:78
LH:78
end_of_record
TN:
SF:/workspace/cpp/tests/test_convergence.cpp
FN:102,108,_ZL23CATCH2_INTERNAL_TEST_18v
FN:110,115,_ZL23CATCH2_INTERNAL_TEST_20v
FN:117,126,_ZL23CATCH2_INTERNAL_TEST_22v
FN:128,135,_ZL23CATCH2_INTERNAL_TEST_24v
FN:137,142,_ZL23CATCH2_INTERNAL_TEST_26v
FN:146,151,_ZL23CATCH2_INTERNAL_TEST_28v
FN:153,158,_ZL23CATCH2_INTERNAL_TEST_30v
FN:160,167,_ZL23CATCH2_INTERNAL_TEST_32v
FN:169,175,_ZL23CATCH2_INTERNAL_TEST_34v
FN:177,184,_ZL23CATCH2_INTERNAL_TEST_36v
FN:188,227,_ZL23CATCH2_INTERNAL_TEST_38v
FN:213,217,_ZZL23CATCH2_INTERNAL_TEST_38vENKUlRKSt6vectorIdSaIdEEE_clES3_
FN:229,246,_ZL23CATCH2_INTERNAL_TEST_40v
FN:232,236,_ZZL23CATCH2_INTERNAL_TEST_40vENKUlRKSt6vectorIdSaIdEEE_clES3_
FN:24,31,_ZL22CATCH2_INTERNAL_TEST_0v
FN:250,272,_ZL23CATCH2_INTERNAL_TEST_42v
FN:256,258,_ZZL23CATCH2_INTERNAL_TEST_42vENKUlRKSt6vectorIdSaIdEEE_clES3_
FN:276,301,_ZL23CATCH2_INTERNAL_TEST_44v
FN:280,284,_ZZL23CATCH2_INTERNAL_TEST_44vENKUlRKSt6vectorIdSaIdEEE_clES3_
FN:33,37,_ZL22CATCH2_INTERNAL_TEST_2v
FN:39,46,_ZL22CATCH2_INTERNAL_TEST_4v
FN:48,58,_ZL22CATCH2_INTERNAL_TEST_6v
FN:60,69,_ZL22CATCH2_INTERNAL_TEST_8v
FN:71,78,_ZL23CATCH2_INTERNAL_TEST_10v
FN:80,86,_ZL23CATCH2_INTERNAL_TEST_12v
FN:90,93,_ZL23CATCH2_INTERNAL_TEST_14v
FN:95,100,_ZL23CATCH2_INTERNAL_TEST_16v
FNDA:2,_ZL23CATCH2_INTERNAL_TEST_18v
FNDA:2,_ZL23CATCH2_INTERNAL_TEST_20v
FNDA:2,_ZL23CATCH2_INTERNAL_TEST_22v
FNDA:2,_ZL23CATCH2_INTERNAL_TEST_24v
FNDA:2,_ZL23CATCH2_INTERNAL_TEST_26v
FNDA:2,_ZL23CATCH2_INTERNAL_TEST_28v
FNDA:2,_ZL23CATCH2_INTERNAL_TEST_30v
FNDA:2,_ZL23CATCH2_INTERNAL_TEST_32v
FNDA:2,_ZL23CATCH2_INTERNAL_TEST_34v
FNDA:2,_ZL23CATCH2_INTERNAL_TEST_36v
FNDA:2,_ZL23CATCH2_INTERNAL_TEST_38v
FNDA:44,_ZZL23CATCH2_INTERNAL_TEST_38vENKUlRKSt6vectorIdSaIdEEE_clES3_
FNDA:2,_ZL23CATCH2_INTERNAL_TEST_40v
FNDA:4,_ZZL23CATCH2_INTERNAL_TEST_40vENKUlRKSt6vectorIdSaIdEEE_clES3_
FNDA:2,_ZL22CATCH2_INTERNAL_TEST_0v
FNDA:2,_ZL23CATCH2_INTERNAL_TEST_42v
FNDA:8030,_ZZL23CATCH2_INTERNAL_TEST_42vENKUlRKSt6vectorIdSaIdEEE_clES3_
FNDA:2,_ZL23CATCH2_INTERNAL_TEST_44v
FNDA:2144,_ZZL23CATCH2_INTERNAL_TEST_44vENKUlRKSt6vectorIdSaIdEEE_clES3_
FNDA:2,_ZL22CATCH2_INTERNAL_TEST_2v
FNDA:2,_ZL22CATCH2_INTERNAL_TEST_4v
FNDA:2,_ZL22CATCH2_INTERNAL_TEST_6v
FNDA:2,_ZL22CATCH2_INTERNAL_TEST_8v
FNDA:2,_ZL23CATCH2_INTERNAL_TEST_10v
FNDA:2,_ZL23CATCH2_INTERNAL_TEST_12v
FNDA:2,_ZL23CATCH2_INTERNAL_TEST_14v
FNDA:2,_ZL23CATCH2_INTERNAL_TEST_16v
FNF:27
FNH:27
DA:24,2
DA:25,2
DA:26,2
DA:27,2
DA:28,2
DA:29,2
DA:30,2
DA:31,2
DA:33,2
DA:34,2
DA:35,4
DA:36,2
DA:37,2
DA:39,2
DA:40,2
DA:41,4
DA:42,2
DA:43,2
DA:44,2
DA:45,2
DA:46,2
DA:48,2
DA:51,2
DA:52,4
DA:53,2
DA:54,2
DA:55,2
DA:56,2
DA:57,2
DA:58,2
DA:60,2
DA:61,2
DA:62,4
DA:63,2
DA:64,2
DA:65,4
DA:66,2
DA:67,2
DA:68,2
DA:69,2
DA:71,2
DA:72,2
DA:73,4
DA:74,4
DA:75,4
DA:76,6
DA:77,6
DA:78,2
DA:80,2
DA:81,2
DA:82,4
DA:83,2
DA:84,6
DA:85,2
DA:86,2
DA:90,2
DA:91,8
DA:92,2
DA:93,2
DA:95,2
DA:96,8
DA:97,6
DA:98,6
DA:99,2
DA:100,2
DA:102,2
DA:103,8
DA:104,4
DA:105,4
DA:106,2
DA:107,2
DA:108,2
DA:110,2
DA:111,8
DA:112,4
DA:114,6
DA:115,2
DA:117,2
DA:118,8
DA:119,4
DA:120,4
DA:121,4
DA:122,2
DA:123,2
DA:124,2
DA:125,2
DA:126,2
DA:128,2
DA:129,8
DA:130,4
DA:131,4
DA:132,4
DA:133,2
DA:134,2
DA:135,2
DA:137,2
DA:138,8
DA:139,4
DA:140,2
DA:141,2
DA:142,2
DA:146,2
DA:147,2
DA:148,2
DA:149,2
DA:150,2
DA:151,2
DA:153,2
DA:154,2
DA:155,2
DA:156,2
DA:157,2
DA:158,2
DA:160,2
DA:161,2
DA:162,2
DA:163,2
DA:164,2
DA:165,2
DA:166,2
DA:167,2
DA:169,2
DA:170,2
DA:171,8
DA:172,4
DA:173,2
DA:174,2
DA:175,2
DA:177,2
DA:178,2
DA:179,2
DA:180,2
DA:181,2
DA:182,2
DA:183,2
DA:184,2
DA:188,2
DA:213,44
DA:214,44
DA:215,44
DA:216,44
DA:219,4
DA:220,4
DA:221,2
DA:222,2
DA:223,2
DA:225,2
DA:226,2
DA:227,2
DA:229,2
DA:232,4
DA:233,4
DA:234,16
DA:235,4
DA:237,4
DA:238,4
DA:239,2
DA:240,2
DA:242,2
DA:245,2
DA:246,2
DA:250,2
DA:256,8030
DA:257,8030
DA:259,2
DA:260,2
DA:261,2
DA:262,2
DA:263,2
DA:264,2
DA:265,2
DA:266,2
DA:267,2
DA:268,4
DA:270,2
DA:271,2
DA:272,2
DA:276,2
DA:280,2144
DA:281,2144
DA:282,12864
DA:283,2144
DA:285,2
DA:286,2
DA:287,2
DA:288,2
DA:289,2
DA:290,2
DA:291,2
DA:292,2
DA:293,2
DA:294,2
DA:295,2
DA:296,2
DA:300,2
DA:301,2
LF:196
LH:196
end_of_record
