SF:julia/src/GIVPOptimizer.jl
LH:0
LF:0
end_of_record
SF:julia/src/api.jl
DA:24,1194
DA:36,597
DA:40,597
DA:41,597
DA:42,597
DA:45,597
DA:48,597
DA:49,597
DA:52,597
DA:53,5
DA:57,597
DA:58,597
DA:59,3838920
DA:60,3838323
DA:61,3838323
DA:62,5536508
DA:63,3837383
DA:64,3838323
DA:66,940
DA:68,940
DA:72,597
DA:83,597
DA:84,597
DA:85,597
DA:87,597
DA:121,6
DA:135,12
DA:146,6
DA:147,6
DA:163,3
DA:164,6
DA:172,9
DA:173,9
DA:184,9
DA:185,12
DA:186,6
DA:187,6
DA:189,9
DA:204,596
DA:208,596
DA:209,596
DA:210,596
DA:211,596
DA:212,1
DA:214,595
DA:217,3
DA:221,3
DA:222,3
DA:223,3
DA:224,2
DA:225,1
DA:227,1
DA:231,4
DA:232,5
DA:237,3
DA:238,3
DA:239,3
DA:240,2
DA:241,0
DA:243,2
LH:59
LF:60
end_of_record
SF:julia/src/cache.jl
DA:7,56
DA:14,112
DA:15,56
DA:18,4319343
DA:19,4319343
DA:20,4319343
DA:21,4319343
DA:22,12211065
DA:23,20102787
DA:24,8638683
DA:25,3
DA:26,3
DA:27,4319343
DA:30,2311750
DA:31,2311750
DA:32,4623408
DA:33,304073
DA:34,304073
DA:36,2007677
DA:37,2007677
DA:40,2007593
DA:41,2007593
DA:42,4015132
DA:43,1807273
DA:44,1807273
DA:46,4014554
DA:47,2007541
DA:49,2007593
DA:52,1
DA:53,16
DA:54,1
DA:55,1
DA:56,1
DA:59,51
DA:60,51
DA:61,51
DA:62,51
LH:37
LF:37
end_of_record
SF:julia/src/config.jl
DA:21,126
DA:22,63
DA:58,622
DA:59,5598
DA:70,622
DA:71,5562
DA:73,5553
DA:75,613
DA:81,612
DA:83,610
DA:85,608
DA:87,606
DA:93,605
DA:96,1198
DA:97,1
DA:104,603
LH:16
LF:16
end_of_record
SF:julia/src/convergence.jl
DA:7,587
DA:15,1174
DA:16,587
DA:19,5642
DA:24,5642
DA:26,5638
DA:27,1163
DA:28,1163
DA:30,4475
DA:33,5638
DA:34,5638
DA:35,96
DA:36,96
DA:37,96
DA:38,303
DA:39,129
DA:40,147
DA:41,318
DA:42,192
DA:45,5638
DA:47,5638
DA:48,5638
DA:50,5638
LH:23
LF:23
end_of_record
SF:julia/src/elite.jl
DA:7,595
DA:13,1190
DA:19,595
DA:20,1182
DA:22,4
DA:24,595
DA:27,6829
DA:28,6829
DA:29,6828
DA:31,1
DA:34,7377
DA:35,7377
DA:37,7377
DA:38,6829
DA:39,6829
DA:40,158
DA:42,706
DA:43,704
DA:44,1044
DA:45,704
DA:48,2
DA:49,1
DA:50,3
DA:51,1
DA:54,1
DA:57,3
DA:58,3
DA:60,2
DA:63,111
DA:64,111
DA:67,6087
DA:68,6087
DA:71,2
DA:72,2
LH:34
LF:34
end_of_record
SF:julia/src/exceptions.jl
DA:19,6
DA:21,1
DA:30,4
DA:32,1
DA:42,20
DA:44,1
DA:53,1
DA:55,1
DA:63,2
DA:65,1
LH:10
LF:10
end_of_record
SF:julia/src/experiment.jl
DA:12,6
DA:20,9
DA:21,3
DA:23,3
DA:24,3
DA:25,15
DA:26,15
DA:27,15
DA:28,15
DA:40,15
DA:41,3
DA:50,3
DA:51,3
DA:52,3
DA:54,3
DA:55,12
DA:56,12
DA:57,12
DA:59,12
DA:60,12
DA:61,12
DA:67,15
DA:69,3
LH:23
LF:23
end_of_record
SF:julia/src/grasp.jl
DA:14,6672
DA:20,6672
DA:25,6671
DA:31,6670
DA:32,17
DA:37,16
DA:38,69
DA:39,2
DA:45,33
DA:49,6664
DA:50,6664
DA:51,2
DA:53,6662
DA:54,6662
DA:57,133119
DA:62,133119
DA:63,27473
DA:64,27473
DA:66,133112
DA:67,133112
DA:68,27378
DA:70,133112
DA:73,6668
DA:78,6668
DA:79,13336
DA:80,6663
DA:81,6663
DA:82,6663
DA:83,6663
DA:84,6663
DA:85,6663
DA:86,6663
DA:87,6663
DA:90,133126
DA:91,226091
DA:92,140642
DA:93,241122
DA:96,133612
DA:101,133612
DA:102,133612
DA:103,133612
DA:104,153
DA:107,126448
DA:114,252896
DA:115,126448
DA:116,313707
DA:117,538966
DA:118,214743
DA:119,133610
DA:120,229067
DA:121,126448
DA:124,6668
DA:131,13336
DA:132,13336
DA:133,13336
DA:134,13336
DA:135,11336
DA:137,11326
DA:138,7035
DA:139,7035
DA:140,7035
DA:141,7035
DA:142,2
DA:143,2
DA:144,2
DA:146,7033
DA:150,12060
DA:151,6668
DA:154,14703
DA:166,6665
DA:167,6665
DA:169,6665
DA:170,6665
DA:171,6665
DA:174,6665
DA:175,13
DA:176,13
DA:177,13
DA:178,2
DA:180,13
DA:181,13
DA:185,6665
DA:186,11689
DA:187,6665
DA:190,133112
DA:191,126447
DA:192,221903
DA:193,126447
DA:194,126447
DA:197,13330
DA:198,6665
DA:200,1
DA:201,10
DA:202,0
DA:204,6664
DA:205,133115
DA:206,133115
DA:210,6665
DA:211,6665
DA:212,69
DA:214,6665
LH:100
LF:101
end_of_record
SF:julia/src/helpers.jl
DA:38,622
DA:39,622
DA:40,1
DA:42,621
DA:55,5126979
DA:56,5126979
DA:57,5126979
DA:58,5126976
DA:60,3
DA:69,669
DA:70,669
DA:80,611
DA:81,611
DA:89,2
DA:90,2
DA:105,931939
DA:106,931939
DA:107,14
DA:109,739055
DA:110,739055
DA:111,739054
DA:112,739054
DA:114,1
DA:125,4134658
DA:126,7702660
DA:139,133141
DA:140,133141
DA:141,133141
DA:142,133166
DA:143,133045
DA:145,2
DA:147,2
LH:32
LF:32
end_of_record
SF:julia/src/ils.jl
DA:6,38788
DA:14,19394
DA:15,19394
DA:16,19394
DA:17,38788
DA:18,19394
DA:19,62020
DA:20,62020
DA:21,19394
DA:24,16952
DA:35,7762
DA:36,7762
DA:38,7762
DA:39,35477
DA:42,19392
DA:43,19392
DA:48,19392
DA:56,19392
DA:67,19392
DA:68,9644
DA:69,9644
DA:70,9641
DA:72,3
DA:73,3
DA:74,9647
DA:77,9748
DA:80,19392
DA:81,5497
DA:82,5497
DA:83,13895
DA:85,590
DA:86,590
DA:87,43
DA:90,19392
DA:92,7762
LH:35
LF:35
end_of_record
SF:julia/src/impl.jl
DA:6,13326
DA:11,13326
DA:12,2750
DA:13,2750
DA:14,3
DA:15,3
DA:16,3
DA:18,10576
DA:21,14703
DA:35,6665
DA:42,6652
DA:45,13
DA:46,13
DA:48,13
DA:49,39
DA:50,25
DA:51,12
DA:52,12
DA:54,24
DA:56,12
DA:66,12
DA:68,12
DA:69,1
DA:70,1
DA:71,1
DA:73,12
DA:74,12
DA:75,39
DA:77,13
DA:80,1222
DA:90,611
DA:91,1
DA:93,1219
DA:94,1
DA:96,1218
DA:97,1
DA:101,1216
DA:102,608
DA:105,608
DA:108,608
DA:109,608
DA:114,608
DA:115,608
DA:116,3
DA:118,1210
DA:121,608
DA:122,608
DA:123,608
DA:124,608
DA:125,608
DA:128,608
DA:129,5
DA:130,3
DA:131,3
DA:132,3
DA:133,3
DA:137,608
DA:146,608
DA:147,608
DA:148,608
DA:149,12659
DA:150,3
DA:155,3
DA:156,3
DA:157,3
DA:160,13320
DA:163,8033
DA:176,8033
DA:188,8033
DA:189,8033
DA:201,8033
DA:204,6660
DA:205,18
DA:206,18
DA:208,2
DA:212,6660
DA:213,6660
DA:214,1212
DA:215,1212
DA:216,1212
DA:218,5448
DA:222,6660
DA:223,6285
DA:227,6660
DA:228,11235
DA:229,5619
DA:230,3
DA:231,2
DA:232,1
DA:233,1
DA:234,2
DA:235,2
DA:237,3
DA:242,6660
DA:258,6660
DA:259,8
DA:260,8
DA:261,8
DA:276,6660
DA:277,1097
DA:281,1097
DA:282,2194
DA:283,1097
DA:284,1692
DA:285,1758
DA:286,1758
DA:287,1758
DA:288,1756
DA:290,2
DA:292,3014
DA:293,1152
DA:303,1097
DA:304,1152
DA:315,1097
DA:316,21
DA:317,21
DA:319,1097
DA:320,1054
DA:322,1097
DA:326,6660
DA:328,3
DA:332,3
DA:333,3
DA:334,3
DA:336,6657
DA:338,608
DA:339,3
DA:340,3
DA:346,3
DA:347,3
DA:348,3
DA:358,1175
DA:359,608
LH:133
LF:133
end_of_record
SF:julia/src/pr.jl
DA:8,56
DA:15,28
DA:16,28
DA:17,29
DA:19,28
DA:20,125
DA:21,120
DA:22,126
DA:23,120
DA:24,74
DA:25,74
DA:27,120
DA:28,28
DA:31,6
DA:38,3
DA:39,3
DA:40,3
DA:41,3
DA:43,6
DA:44,9
DA:45,4
DA:46,4
DA:48,4
DA:49,9
DA:50,9
DA:51,9
DA:52,9
DA:53,9
DA:54,9
DA:55,4
DA:56,4
DA:58,9
DA:59,9
DA:61,4
DA:62,3
DA:63,9
DA:64,3
DA:65,3
DA:66,3
DA:69,1
DA:71,3
DA:73,3
DA:76,64
DA:84,32
DA:85,32
DA:86,32
DA:88,32
DA:91,31
DA:92,2
DA:93,2
DA:94,1
DA:97,31
DA:98,31
DA:100,31
DA:101,3
DA:103,28
DA:106,38
DA:112,13
DA:113,25
DA:114,13
DA:115,13
LH:61
LF:61
end_of_record
SF:julia/src/result.jl
DA:29,11
DA:30,11
DA:31,11
DA:32,10
DA:33,9
DA:34,7
DA:35,4
DA:37,2
DA:46,601
DA:56,1202
DA:66,601
DA:75,1
DA:76,1
DA:88,8
DA:91,1
DA:92,1
LH:16
LF:16
end_of_record
SF:julia/src/vnd.jl
DA:6,27181
DA:10,4251722
DA:11,4224541
DA:12,2271874
DA:13,2271874
DA:15,3932919
DA:16,3932868
DA:17,1980201
DA:19,3932868
DA:21,27181
DA:26,101945
DA:34,101945
DA:35,101945
DA:36,101944
DA:37,101944
DA:38,203888
DA:39,1
DA:40,1
DA:43,101945
DA:44,101945
DA:45,101945
DA:46,101945
DA:47,101945
DA:49,61
DA:50,61
DA:52,61
DA:54,101884
DA:55,557853
DA:56,261760
DA:57,261760
DA:58,261760
DA:59,20722
DA:60,20722
DA:62,345132
DA:63,81162
DA:64,81162
DA:67,27166
DA:73,27166
DA:74,27164
DA:75,27164
DA:76,90989
DA:77,17582
DA:78,17582
DA:79,17582
DA:80,17560
DA:82,22
DA:85,73407
DA:87,90989
DA:90,1000841
DA:99,1000841
DA:100,1000841
DA:101,1000832
DA:102,1000832
DA:104,9
DA:106,1000841
DA:107,1000841
DA:108,2001556
DA:110,1000841
DA:111,1422997
DA:112,1000841
DA:113,250153
DA:115,750688
DA:116,750688
DA:119,62025
DA:127,62025
DA:128,62025
DA:129,62025
DA:130,7517
DA:131,7517
DA:132,7517
DA:133,7517
DA:134,7517
DA:135,7517
DA:137,7525
DA:138,14640
DA:140,7506
DA:142,54508
DA:143,54505
DA:144,54505
DA:145,54505
DA:147,3
DA:148,3
DA:155,922874
DA:167,461437
DA:168,461437
DA:170,922870
DA:171,847118
DA:172,847118
DA:173,423559
DA:175,37882
DA:178,2039439
DA:179,2039439
DA:181,461437
DA:182,461437
DA:185,461437
DA:186,101941
DA:187,101941
DA:189,101941
DA:190,20720
DA:191,20720
DA:192,20720
DA:194,81223
DA:197,440719
DA:198,1000838
DA:199,1000838
DA:200,1000838
DA:202,1000838
DA:203,250152
DA:204,250152
DA:205,250152
DA:207,750688
DA:208,750688
DA:210,190569
DA:213,381144
DA:224,190572
DA:225,190572
DA:226,190572
DA:227,190572
DA:228,190572
DA:229,64
DA:231,64
DA:232,6032
DA:233,3016
DA:234,3016
DA:236,3016
DA:237,3016
DA:239,3016
DA:240,3015
DA:241,3015
DA:246,3015
DA:247,3015
DA:249,3015
DA:250,3008
DA:251,3008
DA:253,7
DA:254,7
DA:256,1
DA:257,1
DA:260,8
DA:261,8
DA:262,2
DA:263,2
DA:264,2
DA:267,6
DA:268,6
DA:269,3014
DA:271,62
DA:274,117340
DA:286,58670
DA:287,58670
DA:288,58670
DA:289,58670
DA:291,58670
DA:292,5436843
DA:293,5866876
DA:294,2933438
DA:297,2933438
DA:298,8134276
DA:299,741352
DA:300,741352
DA:301,741352
DA:302,741352
DA:303,741278
DA:304,741278
DA:306,741278
DA:307,1455470
DA:309,740348
DA:311,7392924
DA:312,7392848
DA:313,7392848
DA:315,76
DA:317,7392924
DA:318,7392924
DA:319,14785466
DA:321,7392924
DA:323,8134276
DA:325,4483463
DA:326,2933438
DA:327,65220
DA:328,65220
DA:330,2933438
DA:331,2933438
DA:333,58670
DA:336,922870
DA:349,876010
DA:351,461434
DA:362,461434
DA:364,350825
DA:366,190566
DA:376,190566
DA:378,190566
DA:379,108733
DA:380,58667
DA:390,58667
DA:393,166488
DA:396,55758
DA:409,27165
DA:410,27165
DA:411,27165
DA:412,35075
DA:414,90993
DA:415,27165
DA:416,27165
DA:418,488597
DA:419,876009
DA:420,461432
DA:421,461432
DA:422,461432
DA:424,461432
DA:438,461432
DA:439,294942
DA:441,294942
DA:442,294942
DA:443,1058558
DA:444,337395
DA:446,721163
DA:448,1822174
DA:450,166490
DA:451,166490
DA:453,461432
DA:455,27165
LH:221
LF:221
end_of_record
