SF:julia/src/GIVPOptimizer.jl
LH:0
LF:0
end_of_record
SF:julia/src/api.jl
DA:24,4736
DA:33,10
DA:34,10
DA:35,10
DA:36,2358
DA:38,10
DA:40,2358
DA:41,2368
DA:42,2358
DA:44,10
DA:45,2359
DA:48,2358
DA:49,2368
DA:50,10
DA:51,65973
DA:52,68321
DA:53,65981
DA:54,65963
DA:55,65433
DA:56,65433
DA:57,2358
DA:58,2888
DA:59,11981219
DA:60,11978861
DA:61,11978861
DA:62,15379967
DA:63,11975101
DA:64,11978861
DA:65,10
DA:66,3770
DA:67,10
DA:68,3760
DA:69,10
DA:72,2358
DA:80,10
DA:82,20
DA:83,2378
DA:84,2368
DA:85,2368
DA:86,1
DA:87,2358
DA:88,9
DA:91,2
DA:93,3
DA:94,3
DA:95,3
DA:96,2
DA:97,1
DA:99,1
DA:121,24
DA:135,36
DA:146,24
DA:147,24
DA:163,6
DA:164,24
DA:172,36
DA:173,36
DA:184,36
DA:185,48
DA:186,24
DA:187,24
DA:189,36
DA:204,2354
DA:208,3516
DA:209,3516
DA:210,2354
DA:211,2354
DA:212,4
DA:214,2350
DA:217,10
DA:221,12
DA:222,12
DA:223,12
DA:224,8
DA:225,4
DA:227,4
DA:231,14
DA:232,20
DA:237,12
DA:238,12
DA:239,12
DA:240,8
DA:241,0
DA:243,8
LH:83
LF:84
end_of_record
SF:julia/src/cache.jl
DA:7,223
DA:14,335
DA:15,223
DA:18,10032594
DA:19,10032594
DA:20,11898656
DA:21,10032594
DA:22,27719185
DA:23,45405776
DA:24,20065173
DA:25,15
DA:26,15
DA:27,10032594
DA:30,5500156
DA:31,5500156
DA:32,10999929
DA:33,967345
DA:34,967345
DA:36,4532811
DA:37,4532811
DA:40,4532438
DA:41,4532438
DA:42,9064663
DA:43,3981565
DA:44,3981565
DA:46,9061773
DA:47,4529711
DA:49,4532438
DA:52,5
DA:53,80
DA:54,5
DA:55,5
DA:56,5
DA:59,123
DA:60,184
DA:61,184
DA:62,184
LH:37
LF:37
end_of_record
SF:julia/src/config.jl
DA:13,94
DA:14,47
DA:21,492
DA:22,246
DA:37,35
DA:38,315
DA:49,35
DA:50,279
DA:51,270
DA:53,26
DA:56,25
DA:58,2481
DA:59,22122
DA:60,21
DA:62,19
DA:65,18
DA:68,28
DA:69,1
DA:70,2458
DA:71,21978
DA:72,16
DA:73,21942
DA:75,2422
DA:81,2418
DA:83,2410
DA:85,2402
DA:87,2394
DA:93,2390
DA:96,4734
DA:97,4
DA:104,2382
LH:31
LF:31
end_of_record
SF:julia/src/convergence.jl
DA:7,2336
DA:15,3510
DA:16,2336
DA:19,21603
DA:21,197
DA:23,193
DA:24,21439
DA:25,33
DA:26,21390
DA:27,4719
DA:28,4559
DA:30,17024
DA:31,193
DA:32,194
DA:33,21487
DA:34,21487
DA:35,1193
DA:36,1682
DA:37,2566
DA:38,2125
DA:39,695
DA:40,570
DA:41,1239
DA:42,943
DA:44,193
DA:45,21583
DA:47,21583
DA:48,21390
DA:50,21390
LH:29
LF:29
end_of_record
SF:julia/src/elite.jl
DA:7,2374
DA:13,4736
DA:16,25
DA:17,42
DA:19,2353
DA:20,4666
DA:21,25
DA:22,16
DA:24,2698
DA:25,349
DA:26,348
DA:27,25597
DA:28,25598
DA:29,25593
DA:31,275
DA:32,542
DA:34,28035
DA:35,41527
DA:36,349
DA:37,27896
DA:38,25597
DA:39,25651
DA:40,669
DA:41,102
DA:42,2836
DA:43,2779
DA:44,3777
DA:45,2784
DA:46,3
DA:47,20
DA:48,11
DA:49,4
DA:50,10
DA:51,6
DA:54,7
DA:55,3
DA:56,2
DA:57,12
DA:58,12
DA:59,1
DA:60,229
DA:63,211
DA:64,883
DA:67,12135
DA:68,23002
DA:71,6
DA:72,7
LH:47
LF:47
end_of_record
SF:julia/src/exceptions.jl
DA:9,6
DA:11,1
DA:14,4
DA:16,1
DA:19,44
DA:21,5
DA:24,1
DA:26,1
DA:29,2
DA:30,16
DA:31,1
DA:32,4
DA:42,80
DA:44,4
DA:53,4
DA:55,4
DA:63,8
DA:65,4
LH:18
LF:18
end_of_record
SF:julia/src/experiment.jl
DA:12,12
DA:20,18
DA:21,6
DA:23,6
DA:24,6
DA:25,30
DA:26,30
DA:27,30
DA:28,30
DA:40,30
DA:41,6
DA:50,6
DA:51,6
DA:52,6
DA:54,6
DA:55,24
DA:56,24
DA:57,24
DA:59,24
DA:60,24
DA:61,24
DA:67,30
DA:69,6
LH:23
LF:23
end_of_record
SF:julia/src/grasp.jl
DA:6,18
DA:9,196
DA:11,195
DA:14,13172
DA:15,15
DA:17,14
DA:18,57
DA:19,2
DA:20,24989
DA:22,27
DA:25,24985
DA:26,4
DA:27,189
DA:28,2
DA:30,187
DA:31,25168
DA:32,66
DA:34,4
DA:36,3619
DA:37,3555
DA:38,3757
DA:39,8
DA:40,3612
DA:41,3612
DA:42,3445
DA:44,3612
DA:45,126
DA:47,192
DA:48,192
DA:49,13316
DA:50,25145
DA:51,196
DA:52,188
DA:53,25137
DA:54,25137
DA:55,188
DA:56,188
DA:57,258354
DA:60,1
DA:61,7231
DA:62,498498
DA:63,76114
DA:64,76112
DA:66,498472
DA:67,498472
DA:68,75736
DA:69,4
DA:70,498469
DA:73,28389
DA:76,3416
DA:77,3416
DA:78,32997
DA:79,62578
DA:80,31784
DA:81,24955
DA:82,24956
DA:83,28369
DA:84,24953
DA:85,24953
DA:86,25145
DA:87,24953
DA:89,192
DA:90,258558
DA:91,836948
DA:92,575912
DA:93,990952
DA:95,382
DA:96,546763
DA:97,3
DA:98,3
DA:99,3
DA:100,2
DA:101,546762
DA:102,546762
DA:103,546760
DA:104,461
DA:106,4
DA:107,473705
DA:110,552
DA:114,718733
DA:115,473513
DA:116,1168346
DA:117,2015368
DA:118,794755
DA:119,546752
DA:120,941233
DA:121,473702
DA:122,189
DA:123,189
DA:124,24973
DA:126,189
DA:127,22
DA:128,11
DA:129,11
DA:130,2
DA:131,37905
DA:132,49957
DA:133,49957
DA:134,49960
DA:135,41946
DA:137,41914
DA:138,28977
DA:139,28977
DA:140,28977
DA:141,29152
DA:142,8
DA:143,8
DA:144,3612
DA:145,3415
DA:146,32195
DA:147,3415
DA:148,6721
DA:149,3415
DA:150,49544
DA:151,24973
DA:152,189
DA:153,189
DA:154,53731
DA:156,189
DA:166,24961
DA:167,24961
DA:169,24961
DA:170,24961
DA:171,24961
DA:174,24961
DA:175,74
DA:176,50
DA:177,50
DA:178,8
DA:180,50
DA:181,50
DA:185,24961
DA:186,45713
DA:187,24961
DA:190,498470
DA:191,473509
DA:192,867797
DA:193,473509
DA:194,473509
DA:197,37887
DA:198,24961
DA:200,4
DA:201,40
DA:202,0
DA:204,24957
DA:205,498480
DA:206,498480
DA:210,24961
DA:211,24961
DA:212,154
DA:214,24961
LH:150
LF:151
end_of_record
SF:julia/src/helpers.jl
DA:15,19
DA:16,29
DA:17,1
DA:19,28
DA:23,6
DA:24,190477
DA:25,190477
DA:26,190474
DA:28,3
DA:31,55
DA:32,71
DA:35,3
DA:36,19
DA:38,1292
DA:39,2458
DA:40,6
DA:42,2452
DA:43,5
DA:44,19719
DA:45,13
DA:47,15394
DA:48,15394
DA:49,15393
DA:50,15393
DA:52,1
DA:55,12432544
DA:56,12593068
DA:57,12432541
DA:58,12432529
DA:59,1903
DA:60,3641
DA:61,3629
DA:62,3627
DA:63,3580
DA:65,2
DA:66,2
DA:69,1460
DA:70,2644
DA:80,1228
DA:81,2412
DA:89,8
DA:90,8
DA:105,2709095
DA:106,2924890
DA:107,56
DA:109,2342757
DA:110,2342757
DA:111,2342753
DA:112,2342753
DA:114,4
DA:125,7914080
DA:126,23391504
DA:139,498368
DA:140,498582
DA:141,498582
DA:142,498682
DA:143,498198
DA:145,8
DA:147,8
LH:59
LF:59
end_of_record
SF:julia/src/ils.jl
DA:6,126284
DA:11,670
DA:12,335
DA:13,335
DA:14,89519
DA:15,63142
DA:16,63684
DA:17,126491
DA:18,63142
DA:19,206900
DA:20,206900
DA:21,63418
DA:24,62567
DA:27,420
DA:28,210
DA:30,210
DA:31,587
DA:34,333
DA:35,43807
DA:36,29297
DA:38,29297
DA:39,115363
DA:42,63132
DA:43,62799
DA:46,333
DA:47,309
DA:48,63108
DA:49,306
DA:51,3
DA:52,3
DA:53,312
DA:56,62823
DA:59,333
DA:60,179
DA:61,358
DA:62,154
DA:64,16
DA:65,16
DA:66,1
DA:67,62799
DA:68,23819
DA:69,24152
DA:70,23807
DA:71,210
DA:72,12
DA:73,12
DA:74,23831
DA:77,38980
DA:80,62799
DA:81,19771
DA:82,28520
DA:83,43028
DA:85,1919
DA:86,1919
DA:87,124
DA:90,62799
DA:92,29297
LH:57
LF:57
end_of_record
SF:julia/src/impl.jl
DA:6,25853
DA:8,375
DA:9,352
DA:10,352
DA:11,49908
DA:12,7625
DA:13,7625
DA:14,12
DA:15,35
DA:16,12
DA:18,42823
DA:21,52981
DA:24,189
DA:27,177
DA:30,24
DA:31,12
DA:33,12
DA:34,36
DA:35,25020
DA:36,57
DA:37,57
DA:39,114
DA:40,57
DA:42,24967
DA:44,57
DA:45,79
DA:46,54
DA:47,1
DA:48,52
DA:49,213
DA:50,157
DA:51,102
DA:52,48
DA:53,12
DA:54,96
DA:56,86
DA:63,19
DA:64,1
DA:66,83
DA:67,1
DA:68,48
DA:69,38
DA:70,7
DA:71,4
DA:73,48
DA:74,80
DA:75,172
DA:77,52
DA:78,16
DA:80,4840
DA:81,16
DA:85,16
DA:86,16
DA:87,4
DA:89,28
DA:90,2412
DA:91,4
DA:92,16
DA:93,4844
DA:94,20
DA:95,16
DA:96,4824
DA:97,4
DA:99,16
DA:100,4
DA:101,4804
DA:102,2402
DA:103,2
DA:104,4
DA:105,2400
DA:108,2416
DA:109,2400
DA:114,2416
DA:115,2689
DA:116,17
DA:118,4779
DA:121,2770
DA:122,3584
DA:123,2400
DA:124,2759
DA:125,2400
DA:128,2400
DA:129,378
DA:130,16
DA:131,11
DA:132,11
DA:133,375
DA:134,359
DA:137,2759
DA:140,185
DA:141,11
DA:142,11
DA:144,2
DA:146,2400
DA:147,2400
DA:148,2585
DA:149,47952
DA:150,44
DA:151,64
DA:152,32
DA:154,153
DA:155,12
DA:156,12
DA:157,12
DA:158,185
DA:159,174
DA:160,49882
DA:163,28929
DA:164,348
DA:165,174
DA:166,2
DA:167,2
DA:168,1
DA:169,1
DA:170,2
DA:171,2
DA:173,2
DA:176,28744
DA:178,185
DA:183,185
DA:184,8
DA:185,8
DA:186,8
DA:188,28744
DA:189,28744
DA:193,185
DA:194,20
DA:195,20
DA:196,40
DA:197,20
DA:198,40
DA:199,0
DA:200,0
DA:201,28781
DA:203,20
DA:204,24978
DA:205,72
DA:206,92
DA:207,2
DA:208,12
DA:210,20
DA:211,17
DA:212,24941
DA:213,24961
DA:214,4759
DA:215,7094
DA:216,4759
DA:217,185
DA:218,20184
DA:220,2
DA:222,25124
DA:223,23449
DA:224,16
DA:225,3
DA:226,3
DA:227,24941
DA:228,42619
DA:229,21317
DA:230,14
DA:231,6
DA:232,3
DA:233,3
DA:234,6
DA:235,22
DA:237,11
DA:242,24941
DA:258,24941
DA:259,32
DA:260,32
DA:261,32
DA:276,24941
DA:277,4336
DA:281,4336
DA:282,8672
DA:283,4336
DA:284,6666
DA:285,7194
DA:286,7194
DA:287,7194
DA:288,7188
DA:290,6
DA:292,12382
DA:293,4506
DA:303,4336
DA:304,4506
DA:315,4336
DA:316,80
DA:317,118
DA:319,4336
DA:320,4166
DA:322,4336
DA:326,24941
DA:328,11
DA:332,11
DA:333,11
DA:334,11
DA:336,24930
DA:338,2400
DA:339,12
DA:340,12
DA:346,12
DA:347,12
DA:348,12
DA:358,4666
DA:359,2400
LH:203
LF:205
end_of_record
SF:julia/src/pr.jl
DA:8,460
DA:12,236
DA:13,236
DA:14,119
DA:15,168
DA:16,286
DA:17,353
DA:18,232
DA:19,372
DA:20,732
DA:21,598
DA:22,740
DA:23,480
DA:24,528
DA:25,562
DA:27,480
DA:28,118
DA:31,24
DA:32,6
DA:33,6
DA:34,3
DA:35,6
DA:37,6
DA:38,27
DA:39,22
DA:40,16
DA:41,18
DA:42,4
DA:43,33
DA:44,45
DA:45,25
DA:46,25
DA:47,9
DA:48,25
DA:49,40
DA:50,40
DA:51,36
DA:52,45
DA:53,45
DA:54,36
DA:55,20
DA:56,19
DA:57,9
DA:58,39
DA:59,39
DA:60,6
DA:61,16
DA:62,12
DA:63,37
DA:64,12
DA:65,15
DA:66,18
DA:67,3
DA:69,4
DA:70,244
DA:71,12
DA:73,12
DA:75,244
DA:76,500
DA:77,122
DA:79,122
DA:82,121
DA:83,2
DA:84,194
DA:85,193
DA:86,128
DA:88,249
DA:89,121
DA:91,245
DA:92,11
DA:93,8
DA:94,122
DA:97,239
DA:98,124
DA:100,182
DA:101,72
DA:102,58
DA:103,170
DA:106,126
DA:112,52
DA:113,100
DA:114,52
DA:115,52
LH:83
LF:83
end_of_record
SF:julia/src/result.jl
DA:15,11
DA:16,11
DA:17,11
DA:18,10
DA:19,9
DA:20,7
DA:21,4
DA:22,2
DA:29,44
DA:30,44
DA:31,58
DA:32,40
DA:33,36
DA:34,28
DA:35,16
DA:37,8
DA:41,14
DA:46,2374
DA:51,14
DA:54,1
DA:55,1
DA:56,3576
DA:66,2374
DA:67,8
DA:69,1
DA:70,1
DA:75,4
DA:76,4
DA:88,32
DA:91,4
DA:92,4
LH:31
LF:31
end_of_record
SF:julia/src/vnd.jl
DA:6,51944
DA:7,3388
DA:8,87741
DA:9,84983
DA:10,8324077
DA:11,13129982
DA:12,5390768
DA:13,5388250
DA:14,82071
DA:15,12197885
DA:16,12282510
DA:17,4371120
DA:18,613
DA:19,12197681
DA:21,92204
DA:23,9
DA:26,415802
DA:27,9
DA:28,9
DA:29,9
DA:30,9
DA:31,9
DA:32,9
DA:33,21
DA:34,415811
DA:35,415811
DA:36,415807
DA:37,415814
DA:38,831604
DA:39,4
DA:40,8
DA:41,1
DA:42,1
DA:43,415802
DA:44,415802
DA:45,436306
DA:46,415802
DA:47,415802
DA:49,20688
DA:50,20688
DA:51,19988
DA:52,20172
DA:54,416134
DA:55,2282247
DA:56,1106557
DA:57,1106557
DA:58,1126020
DA:59,130600
DA:60,107729
DA:61,39106
DA:62,1421362
DA:63,333309
DA:64,328393
DA:65,15588
DA:66,15588
DA:67,92140
DA:69,881
DA:73,93025
DA:74,93017
DA:75,93017
DA:76,319248
DA:77,71954
DA:78,71954
DA:79,71954
DA:80,71886
DA:81,6
DA:82,74
DA:84,6
DA:85,247294
DA:86,875
DA:87,320114
DA:88,872
DA:89,872
DA:90,3184875
DA:91,3
DA:92,3
DA:99,3203217
DA:100,3184875
DA:101,3184839
DA:102,3184839
DA:104,36
DA:106,3184875
DA:107,3194046
DA:108,6378425
DA:110,3203213
DA:111,4115162
DA:112,3201181
DA:113,845159
DA:115,2348887
DA:116,2347869
DA:118,36381
DA:119,243301
DA:121,18342
DA:122,9171
DA:125,9171
DA:126,6
DA:127,206926
DA:128,206926
DA:129,206926
DA:130,30530
DA:131,30524
DA:132,30518
DA:133,30520
DA:134,30518
DA:135,30518
DA:136,9167
DA:137,51029
DA:138,80155
DA:139,20501
DA:140,50985
DA:141,4915
DA:142,186232
DA:143,181305
DA:144,176390
DA:145,191978
DA:146,15588
DA:147,12
DA:148,4266
DA:151,8514
DA:155,2995202
DA:158,8514
DA:159,4257
DA:160,4257
DA:161,4257
DA:162,4257
DA:164,3
DA:165,20
DA:166,10
DA:167,1497611
DA:168,1497601
DA:169,10
DA:170,2995196
DA:171,2740362
DA:172,2740372
DA:173,1370190
DA:174,9
DA:175,127428
DA:177,9
DA:178,6821718
DA:179,6821718
DA:180,9
DA:181,2099699
DA:182,1497602
DA:183,1
DA:185,1497601
DA:186,415796
DA:187,415796
DA:188,2
DA:189,415790
DA:190,87219
DA:191,130588
DA:192,87217
DA:193,8
DA:194,328585
DA:195,8
DA:197,1410393
DA:198,3184863
DA:199,3184863
DA:200,3187417
DA:202,3184863
DA:203,837002
DA:204,1184037
DA:205,837002
DA:207,2350423
DA:208,2349146
DA:209,1277
DA:210,574675
DA:212,1277
DA:213,1263320
DA:214,127700
DA:215,63850
DA:218,63850
DA:219,157000
DA:220,148
DA:221,148
DA:222,148
DA:223,148
DA:224,785190
DA:225,573484
DA:226,573558
DA:227,573410
DA:228,573558
DA:229,196
DA:230,156852
DA:231,152572
DA:232,170504
DA:233,9064
DA:234,13540
DA:236,165916
DA:237,165916
DA:238,304692
DA:239,9064
DA:240,165912
DA:241,9060
DA:242,157000
DA:244,121934
DA:245,63850
DA:246,10897
DA:247,12734
DA:249,72910
DA:250,72882
DA:251,9032
DA:252,1277
DA:253,28
DA:254,28
DA:255,18338
DA:256,4
DA:257,4
DA:260,32
DA:261,32
DA:262,8
DA:263,12
DA:264,16496
DA:266,9168
DA:267,24
DA:268,9192
DA:269,9056
DA:270,7691
DA:271,188
DA:272,4252
DA:274,354722
DA:276,4252
DA:277,2326
DA:278,1275
DA:280,1275
DA:283,3619
DA:286,239981
DA:287,175235
DA:288,175235
DA:289,175235
DA:291,175235
DA:292,16146182
DA:293,17523132
DA:294,8761566
DA:295,1196
DA:296,598
DA:297,8762482
DA:298,24021132
DA:299,2956906
DA:300,2956006
DA:301,2956006
DA:302,2955408
DA:303,2964876
DA:304,2971597
DA:305,9166
DA:306,2964278
DA:307,5837667
DA:309,2961558
DA:311,21065724
DA:312,21065420
DA:313,21065420
DA:314,9166
DA:315,5850
DA:317,21071270
DA:318,21071270
DA:319,42146694
DA:320,6341
DA:321,21065724
DA:322,10433
DA:323,24021132
DA:324,28002
DA:325,12200007
DA:326,8765186
DA:327,209567
DA:328,287743
DA:329,9166
DA:330,8761566
DA:331,8762164
DA:333,175235
DA:336,2995186
DA:349,2845658
DA:351,1497589
DA:362,1497589
DA:364,1049890
DA:366,573386
DA:376,573386
DA:378,573386
DA:379,322907
DA:380,175223
DA:390,175223
DA:393,498443
DA:396,188253
DA:409,132377
DA:410,92140
DA:411,92140
DA:412,110398
DA:414,319258
DA:415,92140
DA:416,92140
DA:418,1589721
DA:419,2845654
DA:420,1497581
DA:421,1497581
DA:422,2099669
DA:424,1497581
DA:438,1497581
DA:439,999130
DA:441,999130
DA:442,999130
DA:443,3723810
DA:444,1130397
DA:446,2593413
DA:448,6448490
DA:450,498451
DA:451,498451
DA:453,1497581
DA:455,92140
LH:307
LF:307
end_of_record
